17:57:32.678 [main] TRACE - Resolving type for handle stref90a2type
17:57:32.703 [main] TRACE - Resolving type for handle ctsheetdata8408type
17:57:32.709 [main] TRACE - Resolving type for handle ctpagemargins5455type
17:57:32.726 [main] TRACE - Resolving type for handle ctcols627ctype
17:57:32.732 [main] TRACE - Resolving type for handle strelationshipid1e94type
17:57:32.736 [main] TRACE - Resolving type for handle ctrowdd39type
17:57:32.750 [main] TRACE - Resolving type for handle ctcell842btype
17:57:32.775 [main] TRACE - Resolving type for handle stcellrefe4e0type
17:57:32.785 [main] TRACE - Resolving type for handle ctrsta472type
17:57:32.801 [main] TRACE - Resolving type for handle stcelltypebf95type
17:57:32.900 [main] TRACE - Resolving type for handle ctnumfmtsb58btype
17:57:32.909 [main] TRACE - Resolving type for handle ctfonts6623type
17:57:32.918 [main] TRACE - Resolving type for handle ctfills2c6ftype
17:57:32.926 [main] TRACE - Resolving type for handle ctborders0d66type
17:57:32.932 [main] TRACE - Resolving type for handle ctcellxfs1322type
17:57:32.936 [main] TRACE - Resolving type for handle ctcellstylexfsa81ftype
17:57:32.985 [main] DEBUG - Save core properties part
17:57:32.985 [main] DEBUG - Save content types part
17:57:33.201 [main] DEBUG - Save package relationships
17:57:33.217 [main] DEBUG - Save part 'docProps/app.xml'
17:57:33.223 [main] DEBUG - Save part 'docProps/core.xml'
17:57:33.239 [main] DEBUG - Save part 'xl/sharedStrings.xml'
17:57:33.240 [main] DEBUG - Save part 'xl/styles.xml'
17:57:33.240 [main] DEBUG - Save part 'xl/workbook.xml'
17:57:33.245 [main] DEBUG - Save part 'xl/worksheets/sheet1.xml'
17:57:33.285 [main] DEBUG - Save content types part
17:57:33.290 [main] DEBUG - Save package relationships
17:57:33.292 [main] DEBUG - Save part 'docProps/app.xml'
17:57:33.293 [main] DEBUG - Save part 'docProps/core.xml'
17:57:33.295 [main] DEBUG - Save part 'xl/sharedStrings.xml'
17:57:33.296 [main] DEBUG - Save part 'xl/styles.xml'
17:57:33.296 [main] DEBUG - Save part 'xl/workbook.xml'
17:57:33.298 [main] DEBUG - Save part 'xl/worksheets/sheet1.xml'
20:14:29.934 [main] INFO  - Goto my account-->Click on Login.. 
20:14:30.317 [main] INFO  - Goto my account-->Select the destination place.. 
20:15:02.000 [main] TRACE - Loading type system org.apache.poi.schemas.ooxml.system.ooxml
20:15:02.003 [main] TRACE - Loading type system org.apache.xmlbeans.metadata.system.sXMLCONFIG
20:15:02.004 [main] TRACE - Loading type system org.apache.xmlbeans.metadata.system.sXMLLANG
20:15:02.005 [main] TRACE - Loading type system org.apache.xmlbeans.metadata.system.sXMLSCHEMA
20:15:02.005 [main] TRACE - Loading type system org.apache.xmlbeans.metadata.system.sXMLTOOLS
20:15:02.007 [main] TRACE - Reading unresolved handles for type system org.apache.xmlbeans.metadata.system.sXMLTOOLS
20:15:02.026 [main] TRACE - Finished loading type system org.apache.xmlbeans.metadata.system.sXMLTOOLS
20:15:02.027 [main] TRACE - Reading unresolved handles for type system org.apache.xmlbeans.metadata.system.sXMLSCHEMA
20:15:02.031 [main] TRACE - Finished loading type system org.apache.xmlbeans.metadata.system.sXMLSCHEMA
20:15:02.032 [main] TRACE - Reading unresolved handles for type system org.apache.xmlbeans.metadata.system.sXMLLANG
20:15:02.033 [main] TRACE - Finished loading type system org.apache.xmlbeans.metadata.system.sXMLLANG
20:15:02.034 [main] TRACE - Reading unresolved handles for type system org.apache.xmlbeans.metadata.system.sXMLCONFIG
20:15:02.034 [main] TRACE - Finished loading type system org.apache.xmlbeans.metadata.system.sXMLCONFIG
20:15:02.036 [main] TRACE - Reading unresolved handles for type system org.apache.poi.schemas.ooxml.system.ooxml
20:15:02.090 [main] TRACE - Finished loading type system org.apache.poi.schemas.ooxml.system.ooxml
20:15:02.091 [main] TRACE - Resolving type for handle ctworkbook83c3type
20:15:02.169 [main] TRACE - Resolving type for handle ctworkbookpr03a5type
20:15:02.181 [main] TRACE - Resolving type for handle ctbookviewsb864type
20:15:02.184 [main] TRACE - Resolving type for handle ctbookviewf677type
20:15:02.193 [main] TRACE - Resolving type for handle ctsheets49fdtype
20:15:02.197 [main] TRACE - Resolving type for handle propertiesee84doctype
20:15:02.199 [main] TRACE - Resolving type for handle ctproperties3f10type
20:15:02.205 [main] TRACE - Resolving type for handle properties288cdoctype
20:15:02.207 [main] TRACE - Resolving type for handle ctproperties2c18type
20:15:02.217 [main] TRACE - Resolving type for handle sstf81fdoctype
20:15:02.219 [main] TRACE - Resolving type for handle ctsst44f3type
20:15:02.225 [main] TRACE - Resolving type for handle stylesheet5d8bdoctype
20:15:02.227 [main] TRACE - Resolving type for handle ctstylesheet4257type
20:15:02.232 [main] TRACE - Resolving type for handle ctfont14d8type
20:15:02.237 [main] TRACE - Resolving type for handle ctfontsizeb3b9type
20:15:02.246 [main] TRACE - Resolving type for handle ctcolord2c2type
20:15:02.250 [main] TRACE - Resolving type for handle ctfontname2dc3type
20:15:02.253 [main] TRACE - Resolving type for handle stxstringf179type
20:15:02.257 [main] TRACE - Resolving type for handle ctfontfamily685ctype
20:15:02.260 [main] TRACE - Resolving type for handle stfontfamily9c6ctype
20:15:02.265 [main] TRACE - Resolving type for handle ctfontschemebf5dtype
20:15:02.268 [main] TRACE - Resolving type for handle stfontschemef36dtype
20:15:02.274 [main] TRACE - Resolving type for handle ctfill550ctype
20:15:02.280 [main] TRACE - Resolving type for handle ctpatternfill7452type
20:15:02.287 [main] TRACE - Resolving type for handle stpatterntype7939type
20:15:02.291 [main] TRACE - Resolving type for handle ctborderf935type
20:15:02.298 [main] TRACE - Resolving type for handle ctborderpre497type
20:15:02.313 [main] TRACE - Resolving type for handle ctxf97f7type
20:15:02.318 [main] TRACE - Resolving type for handle stnumfmtid76fbtype
20:15:02.320 [main] TRACE - Resolving type for handle stfontid9d63type
20:15:02.322 [main] TRACE - Resolving type for handle stfillida097type
20:15:02.324 [main] TRACE - Resolving type for handle stborderid1a80type
20:15:02.327 [main] TRACE - Resolving type for handle stcellstylexfid70c7type
20:15:02.333 [main] TRACE - Resolving type for handle ctsheet4dbetype
20:15:02.342 [main] TRACE - Resolving type for handle ctworksheet530dtype
20:15:02.351 [main] TRACE - Resolving type for handle ctsheetformatprdef7type
20:15:02.356 [main] TRACE - Resolving type for handle ctsheetviewsb918type
20:15:02.359 [main] TRACE - Resolving type for handle ctsheetview0f43type
20:15:02.388 [main] TRACE - Resolving type for handle ctsheetdimensiond310type
20:15:02.392 [main] TRACE - Resolving type for handle stref90a2type
20:15:02.394 [main] TRACE - Resolving type for handle ctsheetdata8408type
20:15:02.396 [main] TRACE - Resolving type for handle ctpagemargins5455type
20:15:02.420 [main] TRACE - Resolving type for handle ctcols627ctype
20:15:02.427 [main] TRACE - Resolving type for handle strelationshipid1e94type
20:15:02.431 [main] TRACE - Resolving type for handle ctrowdd39type
20:15:02.467 [main] TRACE - Resolving type for handle ctcell842btype
20:15:02.512 [main] TRACE - Resolving type for handle stcellrefe4e0type
20:15:02.521 [main] TRACE - Resolving type for handle ctrsta472type
20:15:02.529 [main] TRACE - Resolving type for handle stcelltypebf95type
20:15:02.600 [main] TRACE - Resolving type for handle ctnumfmtsb58btype
20:15:02.613 [main] TRACE - Resolving type for handle ctfonts6623type
20:15:02.618 [main] TRACE - Resolving type for handle ctfills2c6ftype
20:15:02.625 [main] TRACE - Resolving type for handle ctborders0d66type
20:15:02.629 [main] TRACE - Resolving type for handle ctcellxfs1322type
20:15:02.632 [main] TRACE - Resolving type for handle ctcellstylexfsa81ftype
20:15:02.676 [main] DEBUG - Save core properties part
20:15:02.677 [main] DEBUG - Save content types part
20:15:02.932 [main] DEBUG - Save package relationships
20:15:02.938 [main] DEBUG - Save part 'docProps/app.xml'
20:15:02.941 [main] DEBUG - Save part 'docProps/core.xml'
20:15:02.956 [main] DEBUG - Save part 'xl/sharedStrings.xml'
20:15:02.957 [main] DEBUG - Save part 'xl/styles.xml'
20:15:02.957 [main] DEBUG - Save part 'xl/workbook.xml'
20:15:02.959 [main] DEBUG - Save part 'xl/worksheets/sheet1.xml'
20:15:03.011 [main] DEBUG - Save content types part
20:15:03.013 [main] DEBUG - Save package relationships
20:15:03.015 [main] DEBUG - Save part 'docProps/app.xml'
20:15:03.015 [main] DEBUG - Save part 'docProps/core.xml'
20:15:03.016 [main] DEBUG - Save part 'xl/sharedStrings.xml'
20:15:03.017 [main] DEBUG - Save part 'xl/styles.xml'
20:15:03.017 [main] DEBUG - Save part 'xl/workbook.xml'
20:15:03.019 [main] DEBUG - Save part 'xl/worksheets/sheet1.xml'
20:15:41.550 [main] DEBUG - Parsing relationship: /xl/_rels/workbook.xml.rels
20:15:41.569 [main] DEBUG - Parsing relationship: /xl/worksheets/_rels/sheet1.xml.rels
20:15:41.571 [main] DEBUG - Parsing relationship: /_rels/.rels
20:15:41.845 [main] TRACE - Loading type system org.apache.poi.schemas.ooxml.system.ooxml
20:15:41.849 [main] TRACE - Loading type system org.apache.xmlbeans.metadata.system.sXMLCONFIG
20:15:41.850 [main] TRACE - Loading type system org.apache.xmlbeans.metadata.system.sXMLLANG
20:15:41.850 [main] TRACE - Loading type system org.apache.xmlbeans.metadata.system.sXMLSCHEMA
20:15:41.851 [main] TRACE - Loading type system org.apache.xmlbeans.metadata.system.sXMLTOOLS
20:15:41.852 [main] TRACE - Reading unresolved handles for type system org.apache.xmlbeans.metadata.system.sXMLTOOLS
20:15:41.883 [main] TRACE - Finished loading type system org.apache.xmlbeans.metadata.system.sXMLTOOLS
20:15:41.884 [main] TRACE - Reading unresolved handles for type system org.apache.xmlbeans.metadata.system.sXMLSCHEMA
20:15:41.891 [main] TRACE - Finished loading type system org.apache.xmlbeans.metadata.system.sXMLSCHEMA
20:15:41.894 [main] TRACE - Reading unresolved handles for type system org.apache.xmlbeans.metadata.system.sXMLLANG
20:15:41.897 [main] TRACE - Finished loading type system org.apache.xmlbeans.metadata.system.sXMLLANG
20:15:41.900 [main] TRACE - Reading unresolved handles for type system org.apache.xmlbeans.metadata.system.sXMLCONFIG
20:15:41.901 [main] TRACE - Finished loading type system org.apache.xmlbeans.metadata.system.sXMLCONFIG
20:15:41.902 [main] TRACE - Reading unresolved handles for type system org.apache.poi.schemas.ooxml.system.ooxml
20:15:41.962 [main] TRACE - Finished loading type system org.apache.poi.schemas.ooxml.system.ooxml
20:15:41.972 [main] TRACE - Resolving type for handle themefd26doctype
20:15:42.036 [main] TRACE - Resolving type for handle stylesheet5d8bdoctype
20:15:42.044 [main] TRACE - Resolving type for handle ctstylesheet4257type
20:15:42.051 [main] TRACE - Resolving type for handle ctfonts6623type
20:15:42.056 [main] TRACE - Resolving type for handle ctfont14d8type
20:15:42.071 [main] TRACE - Resolving type for handle ctfills2c6ftype
20:15:42.074 [main] TRACE - Resolving type for handle ctfill550ctype
20:15:42.077 [main] TRACE - Resolving type for handle ctborders0d66type
20:15:42.081 [main] TRACE - Resolving type for handle ctborderf935type
20:15:42.086 [main] TRACE - Resolving type for handle ctcellxfs1322type
20:15:42.091 [main] TRACE - Resolving type for handle ctxf97f7type
20:15:42.100 [main] TRACE - Resolving type for handle ctcellstylexfsa81ftype
20:15:42.104 [main] TRACE - Resolving type for handle ctdxfsb26atype
20:15:42.111 [main] TRACE - Resolving type for handle cttablestyles872ftype
20:15:42.115 [main] TRACE - Resolving type for handle sstf81fdoctype
20:15:42.120 [main] TRACE - Resolving type for handle ctsst44f3type
20:15:42.134 [main] TRACE - Resolving type for handle ctrsta472type
20:15:42.168 [main] TRACE - Resolving type for handle workbookec17doctype
20:15:42.175 [main] TRACE - Resolving type for handle ctworkbook83c3type
20:15:42.198 [main] TRACE - Resolving type for handle ctsheets49fdtype
20:15:42.201 [main] TRACE - Resolving type for handle ctsheet4dbetype
20:15:42.204 [main] TRACE - Resolving type for handle strelationshipid1e94type
20:15:42.208 [main] TRACE - Resolving type for handle worksheetf539doctype
20:15:42.217 [main] TRACE - Resolving type for handle ctworksheet530dtype
20:15:42.231 [main] TRACE - Resolving type for handle ctsheetdata8408type
20:15:42.235 [main] TRACE - Resolving type for handle ctrowdd39type
20:15:42.241 [main] TRACE - Resolving type for handle ctcell842btype
20:15:42.253 [main] TRACE - Resolving type for handle stcellrefe4e0type
20:15:42.270 [main] TRACE - Resolving type for handle ctcols627ctype
20:15:42.278 [main] TRACE - Resolving type for handle ctcola95ftype
20:15:42.306 [main] TRACE - Resolving type for handle cthyperlinks6416type
20:15:42.317 [main] TRACE - Resolving type for handle cthyperlink0c85type
20:15:42.355 [main] TRACE - Resolving type for handle stxstringf179type
20:15:42.363 [main] TRACE - Resolving type for handle stcelltypebf95type
20:15:55.001 [main] TRACE - Resolving type for handle ctworkbookpr03a5type
20:15:55.010 [main] TRACE - Resolving type for handle ctbookviewsb864type
20:15:55.014 [main] TRACE - Resolving type for handle ctbookviewf677type
20:15:55.023 [main] TRACE - Resolving type for handle propertiesee84doctype
20:15:55.027 [main] TRACE - Resolving type for handle ctproperties3f10type
20:15:55.035 [main] TRACE - Resolving type for handle properties288cdoctype
20:15:55.036 [main] TRACE - Resolving type for handle ctproperties2c18type
20:15:55.042 [main] TRACE - Resolving type for handle ctfontsizeb3b9type
20:15:55.046 [main] TRACE - Resolving type for handle ctcolord2c2type
20:15:55.049 [main] TRACE - Resolving type for handle ctfontname2dc3type
20:15:55.052 [main] TRACE - Resolving type for handle ctfontfamily685ctype
20:15:55.054 [main] TRACE - Resolving type for handle stfontfamily9c6ctype
20:15:55.058 [main] TRACE - Resolving type for handle ctfontschemebf5dtype
20:15:55.060 [main] TRACE - Resolving type for handle stfontschemef36dtype
20:15:55.063 [main] TRACE - Resolving type for handle ctpatternfill7452type
20:15:55.066 [main] TRACE - Resolving type for handle stpatterntype7939type
20:15:55.067 [main] TRACE - Resolving type for handle ctborderpre497type
20:15:55.070 [main] TRACE - Resolving type for handle stnumfmtid76fbtype
20:15:55.071 [main] TRACE - Resolving type for handle stfontid9d63type
20:15:55.073 [main] TRACE - Resolving type for handle stfillida097type
20:15:55.074 [main] TRACE - Resolving type for handle stborderid1a80type
20:15:55.076 [main] TRACE - Resolving type for handle stcellstylexfid70c7type
20:15:55.079 [main] TRACE - Resolving type for handle ctsheetformatprdef7type
20:15:55.081 [main] TRACE - Resolving type for handle ctsheetviewsb918type
20:15:55.083 [main] TRACE - Resolving type for handle ctsheetview0f43type
20:15:55.088 [main] TRACE - Resolving type for handle ctsheetdimensiond310type
20:15:55.090 [main] TRACE - Resolving type for handle stref90a2type
20:15:55.092 [main] TRACE - Resolving type for handle ctpagemargins5455type
20:15:55.116 [main] TRACE - Resolving type for handle ctnumfmtsb58btype
20:15:55.133 [main] DEBUG - Save core properties part
20:15:55.134 [main] DEBUG - Save content types part
20:15:55.188 [main] DEBUG - Save package relationships
20:15:55.193 [main] DEBUG - Save part 'docProps/app.xml'
20:15:55.193 [main] DEBUG - Save part 'docProps/core.xml'
20:15:55.196 [main] DEBUG - Save part 'xl/sharedStrings.xml'
20:15:55.197 [main] DEBUG - Save part 'xl/styles.xml'
20:15:55.197 [main] DEBUG - Save part 'xl/workbook.xml'
20:15:55.199 [main] DEBUG - Save part 'xl/worksheets/sheet1.xml'
20:15:55.201 [main] DEBUG - Save content types part
20:15:55.203 [main] DEBUG - Save package relationships
20:15:55.205 [main] DEBUG - Save part 'docProps/app.xml'
20:15:55.205 [main] DEBUG - Save part 'docProps/core.xml'
20:15:55.207 [main] DEBUG - Save part 'xl/sharedStrings.xml'
20:15:55.207 [main] DEBUG - Save part 'xl/styles.xml'
20:15:55.208 [main] DEBUG - Save part 'xl/workbook.xml'
20:15:55.209 [main] DEBUG - Save part 'xl/worksheets/sheet1.xml'
20:16:04.522 [main] INFO  - Goto my account-->Click on Login.. 
20:16:05.259 [main] INFO  - Goto my account-->Select the destination place.. 
20:17:08.365 [main] INFO  - Goto my account-->Click on Login.. 
20:17:09.007 [main] INFO  - Goto my account-->Select the destination place.. 
20:17:43.998 [main] TRACE - Loading type system org.apache.poi.schemas.ooxml.system.ooxml
20:17:44.007 [main] TRACE - Loading type system org.apache.xmlbeans.metadata.system.sXMLCONFIG
20:17:44.008 [main] TRACE - Loading type system org.apache.xmlbeans.metadata.system.sXMLLANG
20:17:44.009 [main] TRACE - Loading type system org.apache.xmlbeans.metadata.system.sXMLSCHEMA
20:17:44.010 [main] TRACE - Loading type system org.apache.xmlbeans.metadata.system.sXMLTOOLS
20:17:44.013 [main] TRACE - Reading unresolved handles for type system org.apache.xmlbeans.metadata.system.sXMLTOOLS
20:17:44.057 [main] TRACE - Finished loading type system org.apache.xmlbeans.metadata.system.sXMLTOOLS
20:17:44.060 [main] TRACE - Reading unresolved handles for type system org.apache.xmlbeans.metadata.system.sXMLSCHEMA
20:17:44.071 [main] TRACE - Finished loading type system org.apache.xmlbeans.metadata.system.sXMLSCHEMA
20:17:44.073 [main] TRACE - Reading unresolved handles for type system org.apache.xmlbeans.metadata.system.sXMLLANG
20:17:44.075 [main] TRACE - Finished loading type system org.apache.xmlbeans.metadata.system.sXMLLANG
20:17:44.077 [main] TRACE - Reading unresolved handles for type system org.apache.xmlbeans.metadata.system.sXMLCONFIG
20:17:44.080 [main] TRACE - Finished loading type system org.apache.xmlbeans.metadata.system.sXMLCONFIG
20:17:44.082 [main] TRACE - Reading unresolved handles for type system org.apache.poi.schemas.ooxml.system.ooxml
20:17:44.195 [main] TRACE - Finished loading type system org.apache.poi.schemas.ooxml.system.ooxml
20:17:44.197 [main] TRACE - Resolving type for handle ctworkbook83c3type
20:17:44.310 [main] TRACE - Resolving type for handle ctworkbookpr03a5type
20:17:44.329 [main] TRACE - Resolving type for handle ctbookviewsb864type
20:17:44.332 [main] TRACE - Resolving type for handle ctbookviewf677type
20:17:44.344 [main] TRACE - Resolving type for handle ctsheets49fdtype
20:17:44.348 [main] TRACE - Resolving type for handle propertiesee84doctype
20:17:44.351 [main] TRACE - Resolving type for handle ctproperties3f10type
20:17:44.363 [main] TRACE - Resolving type for handle properties288cdoctype
20:17:44.366 [main] TRACE - Resolving type for handle ctproperties2c18type
20:17:44.375 [main] TRACE - Resolving type for handle sstf81fdoctype
20:17:44.379 [main] TRACE - Resolving type for handle ctsst44f3type
20:17:44.391 [main] TRACE - Resolving type for handle stylesheet5d8bdoctype
20:17:44.398 [main] TRACE - Resolving type for handle ctstylesheet4257type
20:17:44.409 [main] TRACE - Resolving type for handle ctfont14d8type
20:17:44.418 [main] TRACE - Resolving type for handle ctfontsizeb3b9type
20:17:44.427 [main] TRACE - Resolving type for handle ctcolord2c2type
20:17:44.432 [main] TRACE - Resolving type for handle ctfontname2dc3type
20:17:44.435 [main] TRACE - Resolving type for handle stxstringf179type
20:17:44.439 [main] TRACE - Resolving type for handle ctfontfamily685ctype
20:17:44.442 [main] TRACE - Resolving type for handle stfontfamily9c6ctype
20:17:44.447 [main] TRACE - Resolving type for handle ctfontschemebf5dtype
20:17:44.451 [main] TRACE - Resolving type for handle stfontschemef36dtype
20:17:44.459 [main] TRACE - Resolving type for handle ctfill550ctype
20:17:44.462 [main] TRACE - Resolving type for handle ctpatternfill7452type
20:17:44.467 [main] TRACE - Resolving type for handle stpatterntype7939type
20:17:44.472 [main] TRACE - Resolving type for handle ctborderf935type
20:17:44.476 [main] TRACE - Resolving type for handle ctborderpre497type
20:17:44.484 [main] TRACE - Resolving type for handle ctxf97f7type
20:17:44.490 [main] TRACE - Resolving type for handle stnumfmtid76fbtype
20:17:44.492 [main] TRACE - Resolving type for handle stfontid9d63type
20:17:44.494 [main] TRACE - Resolving type for handle stfillida097type
20:17:44.497 [main] TRACE - Resolving type for handle stborderid1a80type
20:17:44.500 [main] TRACE - Resolving type for handle stcellstylexfid70c7type
20:17:44.506 [main] TRACE - Resolving type for handle ctsheet4dbetype
20:17:44.514 [main] TRACE - Resolving type for handle ctworksheet530dtype
20:17:44.523 [main] TRACE - Resolving type for handle ctsheetformatprdef7type
20:17:44.529 [main] TRACE - Resolving type for handle ctsheetviewsb918type
20:17:44.532 [main] TRACE - Resolving type for handle ctsheetview0f43type
20:17:44.538 [main] TRACE - Resolving type for handle ctsheetdimensiond310type
20:17:44.540 [main] TRACE - Resolving type for handle stref90a2type
20:17:44.542 [main] TRACE - Resolving type for handle ctsheetdata8408type
20:17:44.546 [main] TRACE - Resolving type for handle ctpagemargins5455type
20:17:44.554 [main] TRACE - Resolving type for handle ctcols627ctype
20:17:44.557 [main] TRACE - Resolving type for handle strelationshipid1e94type
20:17:44.560 [main] TRACE - Resolving type for handle ctrowdd39type
20:17:44.568 [main] TRACE - Resolving type for handle ctcell842btype
20:17:44.578 [main] TRACE - Resolving type for handle stcellrefe4e0type
20:17:44.581 [main] TRACE - Resolving type for handle ctrsta472type
20:17:44.591 [main] TRACE - Resolving type for handle stcelltypebf95type
20:17:44.635 [main] TRACE - Resolving type for handle ctnumfmtsb58btype
20:17:44.639 [main] TRACE - Resolving type for handle ctfonts6623type
20:17:44.645 [main] TRACE - Resolving type for handle ctfills2c6ftype
20:17:44.649 [main] TRACE - Resolving type for handle ctborders0d66type
20:17:44.654 [main] TRACE - Resolving type for handle ctcellxfs1322type
20:17:44.658 [main] TRACE - Resolving type for handle ctcellstylexfsa81ftype
20:17:44.681 [main] DEBUG - Save core properties part
20:17:44.682 [main] DEBUG - Save content types part
20:17:44.845 [main] DEBUG - Save package relationships
20:17:44.853 [main] DEBUG - Save part 'docProps/app.xml'
20:17:44.859 [main] DEBUG - Save part 'docProps/core.xml'
20:17:44.867 [main] DEBUG - Save part 'xl/sharedStrings.xml'
20:17:44.867 [main] DEBUG - Save part 'xl/styles.xml'
20:17:44.867 [main] DEBUG - Save part 'xl/workbook.xml'
20:17:44.869 [main] DEBUG - Save part 'xl/worksheets/sheet1.xml'
20:17:44.909 [main] DEBUG - Save content types part
20:17:44.911 [main] DEBUG - Save package relationships
20:17:44.912 [main] DEBUG - Save part 'docProps/app.xml'
20:17:44.912 [main] DEBUG - Save part 'docProps/core.xml'
20:17:44.913 [main] DEBUG - Save part 'xl/sharedStrings.xml'
20:17:44.913 [main] DEBUG - Save part 'xl/styles.xml'
20:17:44.913 [main] DEBUG - Save part 'xl/workbook.xml'
20:17:44.914 [main] DEBUG - Save part 'xl/worksheets/sheet1.xml'
20:20:13.895 [main] DEBUG - Parsing relationship: /xl/_rels/workbook.xml.rels
20:20:13.900 [main] DEBUG - Parsing relationship: /xl/worksheets/_rels/sheet1.xml.rels
20:20:13.901 [main] DEBUG - Parsing relationship: /_rels/.rels
20:20:14.010 [main] TRACE - Loading type system org.apache.poi.schemas.ooxml.system.ooxml
20:20:14.012 [main] TRACE - Loading type system org.apache.xmlbeans.metadata.system.sXMLCONFIG
20:20:14.012 [main] TRACE - Loading type system org.apache.xmlbeans.metadata.system.sXMLLANG
20:20:14.013 [main] TRACE - Loading type system org.apache.xmlbeans.metadata.system.sXMLSCHEMA
20:20:14.016 [main] TRACE - Loading type system org.apache.xmlbeans.metadata.system.sXMLTOOLS
20:20:14.018 [main] TRACE - Reading unresolved handles for type system org.apache.xmlbeans.metadata.system.sXMLTOOLS
20:20:14.029 [main] TRACE - Finished loading type system org.apache.xmlbeans.metadata.system.sXMLTOOLS
20:20:14.029 [main] TRACE - Reading unresolved handles for type system org.apache.xmlbeans.metadata.system.sXMLSCHEMA
20:20:14.032 [main] TRACE - Finished loading type system org.apache.xmlbeans.metadata.system.sXMLSCHEMA
20:20:14.033 [main] TRACE - Reading unresolved handles for type system org.apache.xmlbeans.metadata.system.sXMLLANG
20:20:14.034 [main] TRACE - Finished loading type system org.apache.xmlbeans.metadata.system.sXMLLANG
20:20:14.035 [main] TRACE - Reading unresolved handles for type system org.apache.xmlbeans.metadata.system.sXMLCONFIG
20:20:14.035 [main] TRACE - Finished loading type system org.apache.xmlbeans.metadata.system.sXMLCONFIG
20:20:14.036 [main] TRACE - Reading unresolved handles for type system org.apache.poi.schemas.ooxml.system.ooxml
20:20:14.068 [main] TRACE - Finished loading type system org.apache.poi.schemas.ooxml.system.ooxml
20:20:14.068 [main] TRACE - Resolving type for handle themefd26doctype
20:20:14.112 [main] TRACE - Resolving type for handle stylesheet5d8bdoctype
20:20:14.118 [main] TRACE - Resolving type for handle ctstylesheet4257type
20:20:14.122 [main] TRACE - Resolving type for handle ctfonts6623type
20:20:14.124 [main] TRACE - Resolving type for handle ctfont14d8type
20:20:14.127 [main] TRACE - Resolving type for handle ctfills2c6ftype
20:20:14.128 [main] TRACE - Resolving type for handle ctfill550ctype
20:20:14.130 [main] TRACE - Resolving type for handle ctborders0d66type
20:20:14.134 [main] TRACE - Resolving type for handle ctborderf935type
20:20:14.136 [main] TRACE - Resolving type for handle ctcellxfs1322type
20:20:14.138 [main] TRACE - Resolving type for handle ctxf97f7type
20:20:14.140 [main] TRACE - Resolving type for handle ctcellstylexfsa81ftype
20:20:14.141 [main] TRACE - Resolving type for handle ctdxfsb26atype
20:20:14.143 [main] TRACE - Resolving type for handle cttablestyles872ftype
20:20:14.145 [main] TRACE - Resolving type for handle sstf81fdoctype
20:20:14.151 [main] TRACE - Resolving type for handle ctsst44f3type
20:20:14.172 [main] TRACE - Resolving type for handle ctrsta472type
20:20:14.187 [main] TRACE - Resolving type for handle workbookec17doctype
20:20:14.190 [main] TRACE - Resolving type for handle ctworkbook83c3type
20:20:14.197 [main] TRACE - Resolving type for handle ctsheets49fdtype
20:20:14.200 [main] TRACE - Resolving type for handle ctsheet4dbetype
20:20:14.202 [main] TRACE - Resolving type for handle strelationshipid1e94type
20:20:14.203 [main] TRACE - Resolving type for handle worksheetf539doctype
20:20:14.207 [main] TRACE - Resolving type for handle ctworksheet530dtype
20:20:14.210 [main] TRACE - Resolving type for handle ctsheetdata8408type
20:20:14.212 [main] TRACE - Resolving type for handle ctrowdd39type
20:20:14.216 [main] TRACE - Resolving type for handle ctcell842btype
20:20:14.224 [main] TRACE - Resolving type for handle stcellrefe4e0type
20:20:14.230 [main] TRACE - Resolving type for handle ctcols627ctype
20:20:14.236 [main] TRACE - Resolving type for handle ctcola95ftype
20:20:14.248 [main] TRACE - Resolving type for handle cthyperlinks6416type
20:20:14.251 [main] TRACE - Resolving type for handle cthyperlink0c85type
20:20:14.260 [main] TRACE - Resolving type for handle stxstringf179type
20:20:14.262 [main] TRACE - Resolving type for handle stcelltypebf95type
20:20:20.844 [main] TRACE - Resolving type for handle ctworkbookpr03a5type
20:20:20.848 [main] TRACE - Resolving type for handle ctbookviewsb864type
20:20:20.849 [main] TRACE - Resolving type for handle ctbookviewf677type
20:20:20.852 [main] TRACE - Resolving type for handle propertiesee84doctype
20:20:20.853 [main] TRACE - Resolving type for handle ctproperties3f10type
20:20:20.856 [main] TRACE - Resolving type for handle properties288cdoctype
20:20:20.857 [main] TRACE - Resolving type for handle ctproperties2c18type
20:20:20.860 [main] TRACE - Resolving type for handle ctfontsizeb3b9type
20:20:20.861 [main] TRACE - Resolving type for handle ctcolord2c2type
20:20:20.863 [main] TRACE - Resolving type for handle ctfontname2dc3type
20:20:20.865 [main] TRACE - Resolving type for handle ctfontfamily685ctype
20:20:20.866 [main] TRACE - Resolving type for handle stfontfamily9c6ctype
20:20:20.868 [main] TRACE - Resolving type for handle ctfontschemebf5dtype
20:20:20.870 [main] TRACE - Resolving type for handle stfontschemef36dtype
20:20:20.871 [main] TRACE - Resolving type for handle ctpatternfill7452type
20:20:20.872 [main] TRACE - Resolving type for handle stpatterntype7939type
20:20:20.874 [main] TRACE - Resolving type for handle ctborderpre497type
20:20:20.875 [main] TRACE - Resolving type for handle stnumfmtid76fbtype
20:20:20.875 [main] TRACE - Resolving type for handle stfontid9d63type
20:20:20.877 [main] TRACE - Resolving type for handle stfillida097type
20:20:20.878 [main] TRACE - Resolving type for handle stborderid1a80type
20:20:20.879 [main] TRACE - Resolving type for handle stcellstylexfid70c7type
20:20:20.880 [main] TRACE - Resolving type for handle ctsheetformatprdef7type
20:20:20.882 [main] TRACE - Resolving type for handle ctsheetviewsb918type
20:20:20.883 [main] TRACE - Resolving type for handle ctsheetview0f43type
20:20:20.887 [main] TRACE - Resolving type for handle ctsheetdimensiond310type
20:20:20.888 [main] TRACE - Resolving type for handle stref90a2type
20:20:20.889 [main] TRACE - Resolving type for handle ctpagemargins5455type
20:20:20.902 [main] TRACE - Resolving type for handle ctnumfmtsb58btype
20:20:20.911 [main] DEBUG - Save core properties part
20:20:20.911 [main] DEBUG - Save content types part
20:20:20.939 [main] DEBUG - Save package relationships
20:20:20.941 [main] DEBUG - Save part 'docProps/app.xml'
20:20:20.941 [main] DEBUG - Save part 'docProps/core.xml'
20:20:20.943 [main] DEBUG - Save part 'xl/sharedStrings.xml'
20:20:20.943 [main] DEBUG - Save part 'xl/styles.xml'
20:20:20.943 [main] DEBUG - Save part 'xl/workbook.xml'
20:20:20.944 [main] DEBUG - Save part 'xl/worksheets/sheet1.xml'
20:20:20.945 [main] DEBUG - Save content types part
20:20:20.946 [main] DEBUG - Save package relationships
20:20:20.947 [main] DEBUG - Save part 'docProps/app.xml'
20:20:20.947 [main] DEBUG - Save part 'docProps/core.xml'
20:20:20.948 [main] DEBUG - Save part 'xl/sharedStrings.xml'
20:20:20.948 [main] DEBUG - Save part 'xl/styles.xml'
20:20:20.948 [main] DEBUG - Save part 'xl/workbook.xml'
20:20:20.949 [main] DEBUG - Save part 'xl/worksheets/sheet1.xml'
20:20:26.370 [main] INFO  - Goto my account-->Click on Login.. 
20:20:26.539 [main] INFO  - Goto my account-->Select the destination place.. 
20:20:55.134 [main] INFO  - Goto my account-->Click on Login.. 
20:20:55.292 [main] INFO  - Goto my account-->Select the destination place.. 
20:22:58.617 [main] INFO  - Goto my account-->Click on Login.. 
20:22:58.814 [main] INFO  - Goto my account-->Select the destination place.. 
20:23:23.294 [main] TRACE - Loading type system org.apache.poi.schemas.ooxml.system.ooxml
20:23:23.295 [main] TRACE - Loading type system org.apache.xmlbeans.metadata.system.sXMLCONFIG
20:23:23.296 [main] TRACE - Loading type system org.apache.xmlbeans.metadata.system.sXMLLANG
20:23:23.296 [main] TRACE - Loading type system org.apache.xmlbeans.metadata.system.sXMLSCHEMA
20:23:23.296 [main] TRACE - Loading type system org.apache.xmlbeans.metadata.system.sXMLTOOLS
20:23:23.297 [main] TRACE - Reading unresolved handles for type system org.apache.xmlbeans.metadata.system.sXMLTOOLS
20:23:23.304 [main] TRACE - Finished loading type system org.apache.xmlbeans.metadata.system.sXMLTOOLS
20:23:23.305 [main] TRACE - Reading unresolved handles for type system org.apache.xmlbeans.metadata.system.sXMLSCHEMA
20:23:23.307 [main] TRACE - Finished loading type system org.apache.xmlbeans.metadata.system.sXMLSCHEMA
20:23:23.307 [main] TRACE - Reading unresolved handles for type system org.apache.xmlbeans.metadata.system.sXMLLANG
20:23:23.308 [main] TRACE - Finished loading type system org.apache.xmlbeans.metadata.system.sXMLLANG
20:23:23.308 [main] TRACE - Reading unresolved handles for type system org.apache.xmlbeans.metadata.system.sXMLCONFIG
20:23:23.309 [main] TRACE - Finished loading type system org.apache.xmlbeans.metadata.system.sXMLCONFIG
20:23:23.310 [main] TRACE - Reading unresolved handles for type system org.apache.poi.schemas.ooxml.system.ooxml
20:23:23.341 [main] TRACE - Finished loading type system org.apache.poi.schemas.ooxml.system.ooxml
20:23:23.341 [main] TRACE - Resolving type for handle ctworkbook83c3type
20:23:23.381 [main] TRACE - Resolving type for handle ctworkbookpr03a5type
20:23:23.386 [main] TRACE - Resolving type for handle ctbookviewsb864type
20:23:23.387 [main] TRACE - Resolving type for handle ctbookviewf677type
20:23:23.392 [main] TRACE - Resolving type for handle ctsheets49fdtype
20:23:23.393 [main] TRACE - Resolving type for handle propertiesee84doctype
20:23:23.395 [main] TRACE - Resolving type for handle ctproperties3f10type
20:23:23.398 [main] TRACE - Resolving type for handle properties288cdoctype
20:23:23.399 [main] TRACE - Resolving type for handle ctproperties2c18type
20:23:23.404 [main] TRACE - Resolving type for handle sstf81fdoctype
20:23:23.405 [main] TRACE - Resolving type for handle ctsst44f3type
20:23:23.408 [main] TRACE - Resolving type for handle stylesheet5d8bdoctype
20:23:23.409 [main] TRACE - Resolving type for handle ctstylesheet4257type
20:23:23.412 [main] TRACE - Resolving type for handle ctfont14d8type
20:23:23.416 [main] TRACE - Resolving type for handle ctfontsizeb3b9type
20:23:23.418 [main] TRACE - Resolving type for handle ctcolord2c2type
20:23:23.420 [main] TRACE - Resolving type for handle ctfontname2dc3type
20:23:23.421 [main] TRACE - Resolving type for handle stxstringf179type
20:23:23.423 [main] TRACE - Resolving type for handle ctfontfamily685ctype
20:23:23.424 [main] TRACE - Resolving type for handle stfontfamily9c6ctype
20:23:23.425 [main] TRACE - Resolving type for handle ctfontschemebf5dtype
20:23:23.427 [main] TRACE - Resolving type for handle stfontschemef36dtype
20:23:23.430 [main] TRACE - Resolving type for handle ctfill550ctype
20:23:23.431 [main] TRACE - Resolving type for handle ctpatternfill7452type
20:23:23.433 [main] TRACE - Resolving type for handle stpatterntype7939type
20:23:23.435 [main] TRACE - Resolving type for handle ctborderf935type
20:23:23.437 [main] TRACE - Resolving type for handle ctborderpre497type
20:23:23.440 [main] TRACE - Resolving type for handle ctxf97f7type
20:23:23.443 [main] TRACE - Resolving type for handle stnumfmtid76fbtype
20:23:23.444 [main] TRACE - Resolving type for handle stfontid9d63type
20:23:23.446 [main] TRACE - Resolving type for handle stfillida097type
20:23:23.446 [main] TRACE - Resolving type for handle stborderid1a80type
20:23:23.447 [main] TRACE - Resolving type for handle stcellstylexfid70c7type
20:23:23.451 [main] TRACE - Resolving type for handle ctsheet4dbetype
20:23:23.456 [main] TRACE - Resolving type for handle ctworksheet530dtype
20:23:23.460 [main] TRACE - Resolving type for handle ctsheetformatprdef7type
20:23:23.464 [main] TRACE - Resolving type for handle ctsheetviewsb918type
20:23:23.466 [main] TRACE - Resolving type for handle ctsheetview0f43type
20:23:23.471 [main] TRACE - Resolving type for handle ctsheetdimensiond310type
20:23:23.472 [main] TRACE - Resolving type for handle stref90a2type
20:23:23.474 [main] TRACE - Resolving type for handle ctsheetdata8408type
20:23:23.476 [main] TRACE - Resolving type for handle ctpagemargins5455type
20:23:23.483 [main] TRACE - Resolving type for handle ctcols627ctype
20:23:23.486 [main] TRACE - Resolving type for handle strelationshipid1e94type
20:23:23.488 [main] TRACE - Resolving type for handle ctrowdd39type
20:23:23.496 [main] TRACE - Resolving type for handle ctcell842btype
20:23:23.503 [main] TRACE - Resolving type for handle stcellrefe4e0type
20:23:23.506 [main] TRACE - Resolving type for handle ctrsta472type
20:23:23.508 [main] TRACE - Resolving type for handle stcelltypebf95type
20:23:23.527 [main] TRACE - Resolving type for handle ctnumfmtsb58btype
20:23:23.530 [main] TRACE - Resolving type for handle ctfonts6623type
20:23:23.534 [main] TRACE - Resolving type for handle ctfills2c6ftype
20:23:23.537 [main] TRACE - Resolving type for handle ctborders0d66type
20:23:23.540 [main] TRACE - Resolving type for handle ctcellxfs1322type
20:23:23.544 [main] TRACE - Resolving type for handle ctcellstylexfsa81ftype
20:23:23.568 [main] DEBUG - Save core properties part
20:23:23.568 [main] DEBUG - Save content types part
20:23:23.650 [main] DEBUG - Save package relationships
20:23:23.654 [main] DEBUG - Save part 'docProps/app.xml'
20:23:23.655 [main] DEBUG - Save part 'docProps/core.xml'
20:23:23.661 [main] DEBUG - Save part 'xl/sharedStrings.xml'
20:23:23.661 [main] DEBUG - Save part 'xl/styles.xml'
20:23:23.662 [main] DEBUG - Save part 'xl/workbook.xml'
20:23:23.663 [main] DEBUG - Save part 'xl/worksheets/sheet1.xml'
20:23:23.674 [main] DEBUG - Save content types part
20:23:23.675 [main] DEBUG - Save package relationships
20:23:23.676 [main] DEBUG - Save part 'docProps/app.xml'
20:23:23.676 [main] DEBUG - Save part 'docProps/core.xml'
20:23:23.677 [main] DEBUG - Save part 'xl/sharedStrings.xml'
20:23:23.677 [main] DEBUG - Save part 'xl/styles.xml'
20:23:23.677 [main] DEBUG - Save part 'xl/workbook.xml'
20:23:23.678 [main] DEBUG - Save part 'xl/worksheets/sheet1.xml'
20:23:30.607 [main] DEBUG - Save core properties part
20:23:30.607 [main] DEBUG - Save content types part
20:23:30.609 [main] DEBUG - Save package relationships
20:23:30.610 [main] DEBUG - Save part 'docProps/app.xml'
20:23:30.610 [main] DEBUG - Save part 'docProps/core.xml'
20:23:30.611 [main] DEBUG - Save part 'xl/sharedStrings.xml'
20:23:30.611 [main] DEBUG - Save part 'xl/styles.xml'
20:23:30.611 [main] DEBUG - Save part 'xl/workbook.xml'
20:23:30.613 [main] DEBUG - Save part 'xl/worksheets/sheet1.xml'
20:23:30.614 [main] DEBUG - Save content types part
20:23:30.614 [main] DEBUG - Save package relationships
20:23:30.616 [main] DEBUG - Save part 'docProps/app.xml'
20:23:30.616 [main] DEBUG - Save part 'docProps/core.xml'
20:23:30.621 [main] DEBUG - Save part 'xl/sharedStrings.xml'
20:23:30.621 [main] DEBUG - Save part 'xl/styles.xml'
20:23:30.621 [main] DEBUG - Save part 'xl/workbook.xml'
20:23:30.622 [main] DEBUG - Save part 'xl/worksheets/sheet1.xml'
20:23:42.313 [main] DEBUG - Parsing relationship: /xl/_rels/workbook.xml.rels
20:23:42.314 [main] DEBUG - Parsing relationship: /xl/worksheets/_rels/sheet1.xml.rels
20:23:42.315 [main] DEBUG - Parsing relationship: /_rels/.rels
20:23:42.328 [main] TRACE - Resolving type for handle themefd26doctype
20:23:42.341 [main] TRACE - Resolving type for handle ctdxfsb26atype
20:23:42.343 [main] TRACE - Resolving type for handle cttablestyles872ftype
20:23:42.349 [main] TRACE - Resolving type for handle workbookec17doctype
20:23:42.353 [main] TRACE - Resolving type for handle worksheetf539doctype
20:23:42.358 [main] TRACE - Resolving type for handle ctcola95ftype
20:23:42.360 [main] TRACE - Resolving type for handle cthyperlinks6416type
20:23:42.361 [main] TRACE - Resolving type for handle cthyperlink0c85type
