10:15:28.862 [main] TRACE - Resolving type for handle ctsheetview0f43type
10:15:28.892 [main] TRACE - Resolving type for handle ctsheetdimensiond310type
10:15:28.898 [main] TRACE - Resolving type for handle stref90a2type
10:15:28.903 [main] TRACE - Resolving type for handle ctsheetdata8408type
10:15:28.908 [main] TRACE - Resolving type for handle ctpagemargins5455type
10:15:28.921 [main] TRACE - Resolving type for handle ctcols627ctype
10:15:28.927 [main] TRACE - Resolving type for handle strelationshipid1e94type
10:15:28.932 [main] TRACE - Resolving type for handle ctrowdd39type
10:15:28.948 [main] TRACE - Resolving type for handle ctcell842btype
10:15:28.973 [main] TRACE - Resolving type for handle stcellrefe4e0type
10:15:28.981 [main] TRACE - Resolving type for handle ctrsta472type
10:15:28.989 [main] TRACE - Resolving type for handle stcelltypebf95type
10:16:27.584 [main] TRACE - Loading type system org.apache.poi.schemas.ooxml.system.ooxml
10:16:27.589 [main] TRACE - Loading type system org.apache.xmlbeans.metadata.system.sXMLCONFIG
10:16:27.589 [main] TRACE - Loading type system org.apache.xmlbeans.metadata.system.sXMLLANG
10:16:27.590 [main] TRACE - Loading type system org.apache.xmlbeans.metadata.system.sXMLSCHEMA
10:16:27.590 [main] TRACE - Loading type system org.apache.xmlbeans.metadata.system.sXMLTOOLS
10:16:27.591 [main] TRACE - Reading unresolved handles for type system org.apache.xmlbeans.metadata.system.sXMLTOOLS
10:16:27.604 [main] TRACE - Finished loading type system org.apache.xmlbeans.metadata.system.sXMLTOOLS
10:16:27.607 [main] TRACE - Reading unresolved handles for type system org.apache.xmlbeans.metadata.system.sXMLSCHEMA
10:16:27.619 [main] TRACE - Finished loading type system org.apache.xmlbeans.metadata.system.sXMLSCHEMA
10:16:27.624 [main] TRACE - Reading unresolved handles for type system org.apache.xmlbeans.metadata.system.sXMLLANG
10:16:27.627 [main] TRACE - Finished loading type system org.apache.xmlbeans.metadata.system.sXMLLANG
10:16:27.631 [main] TRACE - Reading unresolved handles for type system org.apache.xmlbeans.metadata.system.sXMLCONFIG
10:16:27.632 [main] TRACE - Finished loading type system org.apache.xmlbeans.metadata.system.sXMLCONFIG
10:16:27.635 [main] TRACE - Reading unresolved handles for type system org.apache.poi.schemas.ooxml.system.ooxml
10:16:27.703 [main] TRACE - Finished loading type system org.apache.poi.schemas.ooxml.system.ooxml
10:16:27.704 [main] TRACE - Resolving type for handle ctworkbook83c3type
10:16:27.775 [main] TRACE - Resolving type for handle ctworkbookpr03a5type
10:16:27.791 [main] TRACE - Resolving type for handle ctbookviewsb864type
10:16:27.800 [main] TRACE - Resolving type for handle ctbookviewf677type
10:16:27.807 [main] TRACE - Resolving type for handle ctsheets49fdtype
10:16:27.811 [main] TRACE - Resolving type for handle propertiesee84doctype
10:16:27.815 [main] TRACE - Resolving type for handle ctproperties3f10type
10:16:27.832 [main] TRACE - Resolving type for handle properties288cdoctype
10:16:27.834 [main] TRACE - Resolving type for handle ctproperties2c18type
10:16:27.841 [main] TRACE - Resolving type for handle sstf81fdoctype
10:16:27.844 [main] TRACE - Resolving type for handle ctsst44f3type
10:16:27.865 [main] TRACE - Resolving type for handle stylesheet5d8bdoctype
10:16:27.873 [main] TRACE - Resolving type for handle ctstylesheet4257type
10:16:27.880 [main] TRACE - Resolving type for handle ctfont14d8type
10:16:27.900 [main] TRACE - Resolving type for handle ctfontsizeb3b9type
10:16:27.906 [main] TRACE - Resolving type for handle ctcolord2c2type
10:16:27.911 [main] TRACE - Resolving type for handle ctfontname2dc3type
10:16:27.914 [main] TRACE - Resolving type for handle stxstringf179type
10:16:27.917 [main] TRACE - Resolving type for handle ctfontfamily685ctype
10:16:27.919 [main] TRACE - Resolving type for handle stfontfamily9c6ctype
10:16:27.923 [main] TRACE - Resolving type for handle ctfontschemebf5dtype
10:16:27.930 [main] TRACE - Resolving type for handle stfontschemef36dtype
10:16:27.941 [main] TRACE - Resolving type for handle ctfill550ctype
10:16:27.944 [main] TRACE - Resolving type for handle ctpatternfill7452type
10:16:27.950 [main] TRACE - Resolving type for handle stpatterntype7939type
10:16:27.958 [main] TRACE - Resolving type for handle ctborderf935type
10:16:27.965 [main] TRACE - Resolving type for handle ctborderpre497type
10:16:27.977 [main] TRACE - Resolving type for handle ctxf97f7type
10:16:27.995 [main] TRACE - Resolving type for handle stnumfmtid76fbtype
10:16:27.998 [main] TRACE - Resolving type for handle stfontid9d63type
10:16:28.000 [main] TRACE - Resolving type for handle stfillida097type
10:16:28.002 [main] TRACE - Resolving type for handle stborderid1a80type
10:16:28.006 [main] TRACE - Resolving type for handle stcellstylexfid70c7type
10:16:28.028 [main] TRACE - Resolving type for handle ctsheet4dbetype
10:16:28.037 [main] TRACE - Resolving type for handle ctworksheet530dtype
10:16:28.056 [main] TRACE - Resolving type for handle ctsheetformatprdef7type
10:16:28.067 [main] TRACE - Resolving type for handle ctsheetviewsb918type
10:16:28.078 [main] TRACE - Resolving type for handle ctsheetview0f43type
10:16:28.107 [main] TRACE - Resolving type for handle ctsheetdimensiond310type
10:16:28.112 [main] TRACE - Resolving type for handle stref90a2type
10:16:28.115 [main] TRACE - Resolving type for handle ctsheetdata8408type
10:16:28.119 [main] TRACE - Resolving type for handle ctpagemargins5455type
10:16:28.144 [main] TRACE - Resolving type for handle ctcols627ctype
10:16:28.152 [main] TRACE - Resolving type for handle strelationshipid1e94type
10:16:28.155 [main] TRACE - Resolving type for handle ctrowdd39type
10:16:28.183 [main] TRACE - Resolving type for handle ctcell842btype
10:16:28.207 [main] TRACE - Resolving type for handle stcellrefe4e0type
10:16:28.213 [main] TRACE - Resolving type for handle ctrsta472type
10:16:28.222 [main] TRACE - Resolving type for handle stcelltypebf95type
10:16:28.300 [main] TRACE - Resolving type for handle ctnumfmtsb58btype
10:16:28.309 [main] TRACE - Resolving type for handle ctfonts6623type
10:16:28.321 [main] TRACE - Resolving type for handle ctfills2c6ftype
10:16:28.334 [main] TRACE - Resolving type for handle ctborders0d66type
10:16:28.347 [main] TRACE - Resolving type for handle ctcellxfs1322type
10:16:28.362 [main] TRACE - Resolving type for handle ctcellstylexfsa81ftype
10:16:28.449 [main] DEBUG - Save core properties part
10:16:28.450 [main] DEBUG - Save content types part
10:16:28.706 [main] DEBUG - Save package relationships
10:16:28.726 [main] DEBUG - Save part 'docProps/app.xml'
10:16:28.737 [main] DEBUG - Save part 'docProps/core.xml'
10:16:28.769 [main] DEBUG - Save part 'xl/sharedStrings.xml'
10:16:28.770 [main] DEBUG - Save part 'xl/styles.xml'
10:16:28.770 [main] DEBUG - Save part 'xl/workbook.xml'
10:16:28.777 [main] DEBUG - Save part 'xl/worksheets/sheet1.xml'
10:16:28.818 [main] DEBUG - Save content types part
10:16:28.822 [main] DEBUG - Save package relationships
10:16:28.826 [main] DEBUG - Save part 'docProps/app.xml'
10:16:28.827 [main] DEBUG - Save part 'docProps/core.xml'
10:16:28.833 [main] DEBUG - Save part 'xl/sharedStrings.xml'
10:16:28.834 [main] DEBUG - Save part 'xl/styles.xml'
10:16:28.835 [main] DEBUG - Save part 'xl/workbook.xml'
10:16:28.839 [main] DEBUG - Save part 'xl/worksheets/sheet1.xml'
10:30:24.876 [main] TRACE - Loading type system org.apache.poi.schemas.ooxml.system.ooxml
10:30:24.882 [main] TRACE - Loading type system org.apache.xmlbeans.metadata.system.sXMLCONFIG
10:30:24.883 [main] TRACE - Loading type system org.apache.xmlbeans.metadata.system.sXMLLANG
10:30:24.884 [main] TRACE - Loading type system org.apache.xmlbeans.metadata.system.sXMLSCHEMA
10:30:24.884 [main] TRACE - Loading type system org.apache.xmlbeans.metadata.system.sXMLTOOLS
10:30:24.886 [main] TRACE - Reading unresolved handles for type system org.apache.xmlbeans.metadata.system.sXMLTOOLS
10:30:24.902 [main] TRACE - Finished loading type system org.apache.xmlbeans.metadata.system.sXMLTOOLS
10:30:24.904 [main] TRACE - Reading unresolved handles for type system org.apache.xmlbeans.metadata.system.sXMLSCHEMA
10:30:24.908 [main] TRACE - Finished loading type system org.apache.xmlbeans.metadata.system.sXMLSCHEMA
10:30:24.912 [main] TRACE - Reading unresolved handles for type system org.apache.xmlbeans.metadata.system.sXMLLANG
10:30:24.914 [main] TRACE - Finished loading type system org.apache.xmlbeans.metadata.system.sXMLLANG
10:30:24.916 [main] TRACE - Reading unresolved handles for type system org.apache.xmlbeans.metadata.system.sXMLCONFIG
10:30:24.918 [main] TRACE - Finished loading type system org.apache.xmlbeans.metadata.system.sXMLCONFIG
10:30:24.920 [main] TRACE - Reading unresolved handles for type system org.apache.poi.schemas.ooxml.system.ooxml
10:30:24.973 [main] TRACE - Finished loading type system org.apache.poi.schemas.ooxml.system.ooxml
10:30:24.974 [main] TRACE - Resolving type for handle ctworkbook83c3type
10:30:25.025 [main] TRACE - Resolving type for handle ctworkbookpr03a5type
10:30:25.033 [main] TRACE - Resolving type for handle ctbookviewsb864type
10:30:25.039 [main] TRACE - Resolving type for handle ctbookviewf677type
10:30:25.046 [main] TRACE - Resolving type for handle ctsheets49fdtype
10:30:25.049 [main] TRACE - Resolving type for handle propertiesee84doctype
10:30:25.051 [main] TRACE - Resolving type for handle ctproperties3f10type
10:30:25.076 [main] TRACE - Resolving type for handle properties288cdoctype
10:30:25.087 [main] TRACE - Resolving type for handle ctproperties2c18type
10:30:25.101 [main] TRACE - Resolving type for handle sstf81fdoctype
10:30:25.106 [main] TRACE - Resolving type for handle ctsst44f3type
10:30:25.116 [main] TRACE - Resolving type for handle stylesheet5d8bdoctype
10:30:25.118 [main] TRACE - Resolving type for handle ctstylesheet4257type
10:30:25.129 [main] TRACE - Resolving type for handle ctfont14d8type
10:30:25.143 [main] TRACE - Resolving type for handle ctfontsizeb3b9type
10:30:25.150 [main] TRACE - Resolving type for handle ctcolord2c2type
10:30:25.155 [main] TRACE - Resolving type for handle ctfontname2dc3type
10:30:25.158 [main] TRACE - Resolving type for handle stxstringf179type
10:30:25.164 [main] TRACE - Resolving type for handle ctfontfamily685ctype
10:30:25.171 [main] TRACE - Resolving type for handle stfontfamily9c6ctype
10:30:25.181 [main] TRACE - Resolving type for handle ctfontschemebf5dtype
10:30:25.187 [main] TRACE - Resolving type for handle stfontschemef36dtype
10:30:25.197 [main] TRACE - Resolving type for handle ctfill550ctype
10:30:25.200 [main] TRACE - Resolving type for handle ctpatternfill7452type
10:30:25.205 [main] TRACE - Resolving type for handle stpatterntype7939type
10:30:25.215 [main] TRACE - Resolving type for handle ctborderf935type
10:30:25.231 [main] TRACE - Resolving type for handle ctborderpre497type
10:30:25.248 [main] TRACE - Resolving type for handle ctxf97f7type
10:30:25.257 [main] TRACE - Resolving type for handle stnumfmtid76fbtype
10:30:25.260 [main] TRACE - Resolving type for handle stfontid9d63type
10:30:25.263 [main] TRACE - Resolving type for handle stfillida097type
10:30:25.265 [main] TRACE - Resolving type for handle stborderid1a80type
10:30:25.270 [main] TRACE - Resolving type for handle stcellstylexfid70c7type
10:30:25.281 [main] TRACE - Resolving type for handle ctsheet4dbetype
10:30:25.291 [main] TRACE - Resolving type for handle ctworksheet530dtype
10:30:25.300 [main] TRACE - Resolving type for handle ctsheetformatprdef7type
10:30:25.311 [main] TRACE - Resolving type for handle ctsheetviewsb918type
10:30:25.316 [main] TRACE - Resolving type for handle ctsheetview0f43type
10:30:25.328 [main] TRACE - Resolving type for handle ctsheetdimensiond310type
10:30:25.334 [main] TRACE - Resolving type for handle stref90a2type
10:30:25.337 [main] TRACE - Resolving type for handle ctsheetdata8408type
10:30:25.341 [main] TRACE - Resolving type for handle ctpagemargins5455type
10:30:25.354 [main] TRACE - Resolving type for handle ctcols627ctype
10:30:25.361 [main] TRACE - Resolving type for handle strelationshipid1e94type
10:30:25.365 [main] TRACE - Resolving type for handle ctrowdd39type
10:30:25.387 [main] TRACE - Resolving type for handle ctcell842btype
10:30:25.417 [main] TRACE - Resolving type for handle stcellrefe4e0type
10:30:25.424 [main] TRACE - Resolving type for handle ctrsta472type
10:30:25.433 [main] TRACE - Resolving type for handle stcelltypebf95type
10:30:25.497 [main] TRACE - Resolving type for handle ctnumfmtsb58btype
10:30:25.503 [main] TRACE - Resolving type for handle ctfonts6623type
10:30:25.514 [main] TRACE - Resolving type for handle ctfills2c6ftype
10:30:25.519 [main] TRACE - Resolving type for handle ctborders0d66type
10:30:25.527 [main] TRACE - Resolving type for handle ctcellxfs1322type
10:30:25.535 [main] TRACE - Resolving type for handle ctcellstylexfsa81ftype
10:30:25.589 [main] DEBUG - Save core properties part
10:30:25.590 [main] DEBUG - Save content types part
10:30:25.785 [main] DEBUG - Save package relationships
10:30:25.801 [main] DEBUG - Save part 'docProps/app.xml'
10:30:25.809 [main] DEBUG - Save part 'docProps/core.xml'
10:30:25.828 [main] DEBUG - Save part 'xl/sharedStrings.xml'
10:30:25.829 [main] DEBUG - Save part 'xl/styles.xml'
10:30:25.830 [main] DEBUG - Save part 'xl/workbook.xml'
10:30:25.833 [main] DEBUG - Save part 'xl/worksheets/sheet1.xml'
10:30:25.909 [main] DEBUG - Save content types part
10:30:25.913 [main] DEBUG - Save package relationships
10:30:25.915 [main] DEBUG - Save part 'docProps/app.xml'
10:30:25.916 [main] DEBUG - Save part 'docProps/core.xml'
10:30:25.918 [main] DEBUG - Save part 'xl/sharedStrings.xml'
10:30:25.919 [main] DEBUG - Save part 'xl/styles.xml'
10:30:25.919 [main] DEBUG - Save part 'xl/workbook.xml'
10:30:25.922 [main] DEBUG - Save part 'xl/worksheets/sheet1.xml'
10:32:00.514 [main] TRACE - Loading type system org.apache.poi.schemas.ooxml.system.ooxml
10:32:00.520 [main] TRACE - Loading type system org.apache.xmlbeans.metadata.system.sXMLCONFIG
10:32:00.521 [main] TRACE - Loading type system org.apache.xmlbeans.metadata.system.sXMLLANG
10:32:00.522 [main] TRACE - Loading type system org.apache.xmlbeans.metadata.system.sXMLSCHEMA
10:32:00.522 [main] TRACE - Loading type system org.apache.xmlbeans.metadata.system.sXMLTOOLS
10:32:00.524 [main] TRACE - Reading unresolved handles for type system org.apache.xmlbeans.metadata.system.sXMLTOOLS
10:32:00.540 [main] TRACE - Finished loading type system org.apache.xmlbeans.metadata.system.sXMLTOOLS
10:32:00.542 [main] TRACE - Reading unresolved handles for type system org.apache.xmlbeans.metadata.system.sXMLSCHEMA
10:32:00.550 [main] TRACE - Finished loading type system org.apache.xmlbeans.metadata.system.sXMLSCHEMA
10:32:00.558 [main] TRACE - Reading unresolved handles for type system org.apache.xmlbeans.metadata.system.sXMLLANG
10:32:00.559 [main] TRACE - Finished loading type system org.apache.xmlbeans.metadata.system.sXMLLANG
10:32:00.561 [main] TRACE - Reading unresolved handles for type system org.apache.xmlbeans.metadata.system.sXMLCONFIG
10:32:00.562 [main] TRACE - Finished loading type system org.apache.xmlbeans.metadata.system.sXMLCONFIG
10:32:00.564 [main] TRACE - Reading unresolved handles for type system org.apache.poi.schemas.ooxml.system.ooxml
10:32:00.625 [main] TRACE - Finished loading type system org.apache.poi.schemas.ooxml.system.ooxml
10:32:00.626 [main] TRACE - Resolving type for handle ctworkbook83c3type
10:32:00.680 [main] TRACE - Resolving type for handle ctworkbookpr03a5type
10:32:00.697 [main] TRACE - Resolving type for handle ctbookviewsb864type
10:32:00.701 [main] TRACE - Resolving type for handle ctbookviewf677type
10:32:00.712 [main] TRACE - Resolving type for handle ctsheets49fdtype
10:32:00.715 [main] TRACE - Resolving type for handle propertiesee84doctype
10:32:00.717 [main] TRACE - Resolving type for handle ctproperties3f10type
10:32:00.748 [main] TRACE - Resolving type for handle properties288cdoctype
10:32:00.751 [main] TRACE - Resolving type for handle ctproperties2c18type
10:32:00.766 [main] TRACE - Resolving type for handle sstf81fdoctype
10:32:00.770 [main] TRACE - Resolving type for handle ctsst44f3type
10:32:00.776 [main] TRACE - Resolving type for handle stylesheet5d8bdoctype
10:32:00.778 [main] TRACE - Resolving type for handle ctstylesheet4257type
10:32:00.784 [main] TRACE - Resolving type for handle ctfont14d8type
10:32:00.794 [main] TRACE - Resolving type for handle ctfontsizeb3b9type
10:32:00.798 [main] TRACE - Resolving type for handle ctcolord2c2type
10:32:00.800 [main] TRACE - Resolving type for handle ctfontname2dc3type
10:32:00.804 [main] TRACE - Resolving type for handle stxstringf179type
10:32:00.807 [main] TRACE - Resolving type for handle ctfontfamily685ctype
10:32:00.809 [main] TRACE - Resolving type for handle stfontfamily9c6ctype
10:32:00.812 [main] TRACE - Resolving type for handle ctfontschemebf5dtype
10:32:00.817 [main] TRACE - Resolving type for handle stfontschemef36dtype
10:32:00.826 [main] TRACE - Resolving type for handle ctfill550ctype
10:32:00.829 [main] TRACE - Resolving type for handle ctpatternfill7452type
10:32:00.832 [main] TRACE - Resolving type for handle stpatterntype7939type
10:32:00.838 [main] TRACE - Resolving type for handle ctborderf935type
10:32:00.844 [main] TRACE - Resolving type for handle ctborderpre497type
10:32:00.864 [main] TRACE - Resolving type for handle ctxf97f7type
10:32:00.871 [main] TRACE - Resolving type for handle stnumfmtid76fbtype
10:32:00.873 [main] TRACE - Resolving type for handle stfontid9d63type
10:32:00.876 [main] TRACE - Resolving type for handle stfillida097type
10:32:00.879 [main] TRACE - Resolving type for handle stborderid1a80type
10:32:00.882 [main] TRACE - Resolving type for handle stcellstylexfid70c7type
10:32:00.889 [main] TRACE - Resolving type for handle ctsheet4dbetype
10:32:00.895 [main] TRACE - Resolving type for handle ctworksheet530dtype
10:32:00.905 [main] TRACE - Resolving type for handle ctsheetformatprdef7type
10:32:00.910 [main] TRACE - Resolving type for handle ctsheetviewsb918type
10:32:00.913 [main] TRACE - Resolving type for handle ctsheetview0f43type
10:32:00.925 [main] TRACE - Resolving type for handle ctsheetdimensiond310type
10:32:00.932 [main] TRACE - Resolving type for handle stref90a2type
10:32:00.933 [main] TRACE - Resolving type for handle ctsheetdata8408type
10:32:00.940 [main] TRACE - Resolving type for handle ctpagemargins5455type
10:32:00.962 [main] TRACE - Resolving type for handle ctcols627ctype
10:32:00.967 [main] TRACE - Resolving type for handle strelationshipid1e94type
10:32:00.970 [main] TRACE - Resolving type for handle ctrowdd39type
10:32:00.996 [main] TRACE - Resolving type for handle ctcell842btype
10:32:01.018 [main] TRACE - Resolving type for handle stcellrefe4e0type
10:32:01.033 [main] TRACE - Resolving type for handle ctrsta472type
10:32:01.042 [main] TRACE - Resolving type for handle stcelltypebf95type
10:32:01.128 [main] TRACE - Resolving type for handle ctnumfmtsb58btype
10:32:01.141 [main] TRACE - Resolving type for handle ctfonts6623type
10:32:01.151 [main] TRACE - Resolving type for handle ctfills2c6ftype
10:32:01.159 [main] TRACE - Resolving type for handle ctborders0d66type
10:32:01.167 [main] TRACE - Resolving type for handle ctcellxfs1322type
10:32:01.178 [main] TRACE - Resolving type for handle ctcellstylexfsa81ftype
10:32:01.243 [main] DEBUG - Save core properties part
10:32:01.243 [main] DEBUG - Save content types part
10:32:01.535 [main] DEBUG - Save package relationships
10:32:01.554 [main] DEBUG - Save part 'docProps/app.xml'
10:32:01.560 [main] DEBUG - Save part 'docProps/core.xml'
10:32:01.587 [main] DEBUG - Save part 'xl/sharedStrings.xml'
10:32:01.588 [main] DEBUG - Save part 'xl/styles.xml'
10:32:01.589 [main] DEBUG - Save part 'xl/workbook.xml'
10:32:01.592 [main] DEBUG - Save part 'xl/worksheets/sheet1.xml'
10:32:01.701 [main] DEBUG - Save content types part
10:32:01.704 [main] DEBUG - Save package relationships
10:32:01.706 [main] DEBUG - Save part 'docProps/app.xml'
10:32:01.707 [main] DEBUG - Save part 'docProps/core.xml'
10:32:01.709 [main] DEBUG - Save part 'xl/sharedStrings.xml'
10:32:01.710 [main] DEBUG - Save part 'xl/styles.xml'
10:32:01.710 [main] DEBUG - Save part 'xl/workbook.xml'
10:32:01.715 [main] DEBUG - Save part 'xl/worksheets/sheet1.xml'
10:36:02.831 [main] TRACE - Loading type system org.apache.poi.schemas.ooxml.system.ooxml
10:36:02.844 [main] TRACE - Loading type system org.apache.xmlbeans.metadata.system.sXMLCONFIG
10:36:02.845 [main] TRACE - Loading type system org.apache.xmlbeans.metadata.system.sXMLLANG
10:36:02.846 [main] TRACE - Loading type system org.apache.xmlbeans.metadata.system.sXMLSCHEMA
10:36:02.847 [main] TRACE - Loading type system org.apache.xmlbeans.metadata.system.sXMLTOOLS
10:36:02.851 [main] TRACE - Reading unresolved handles for type system org.apache.xmlbeans.metadata.system.sXMLTOOLS
10:36:02.880 [main] TRACE - Finished loading type system org.apache.xmlbeans.metadata.system.sXMLTOOLS
10:36:02.883 [main] TRACE - Reading unresolved handles for type system org.apache.xmlbeans.metadata.system.sXMLSCHEMA
10:36:02.892 [main] TRACE - Finished loading type system org.apache.xmlbeans.metadata.system.sXMLSCHEMA
10:36:02.895 [main] TRACE - Reading unresolved handles for type system org.apache.xmlbeans.metadata.system.sXMLLANG
10:36:02.897 [main] TRACE - Finished loading type system org.apache.xmlbeans.metadata.system.sXMLLANG
10:36:02.899 [main] TRACE - Reading unresolved handles for type system org.apache.xmlbeans.metadata.system.sXMLCONFIG
10:36:02.902 [main] TRACE - Finished loading type system org.apache.xmlbeans.metadata.system.sXMLCONFIG
10:36:02.904 [main] TRACE - Reading unresolved handles for type system org.apache.poi.schemas.ooxml.system.ooxml
10:36:02.993 [main] TRACE - Finished loading type system org.apache.poi.schemas.ooxml.system.ooxml
10:36:02.996 [main] TRACE - Resolving type for handle ctworkbook83c3type
10:36:03.105 [main] TRACE - Resolving type for handle ctworkbookpr03a5type
10:36:03.125 [main] TRACE - Resolving type for handle ctbookviewsb864type
10:36:03.130 [main] TRACE - Resolving type for handle ctbookviewf677type
10:36:03.154 [main] TRACE - Resolving type for handle ctsheets49fdtype
10:36:03.166 [main] TRACE - Resolving type for handle propertiesee84doctype
10:36:03.170 [main] TRACE - Resolving type for handle ctproperties3f10type
10:36:03.187 [main] TRACE - Resolving type for handle properties288cdoctype
10:36:03.189 [main] TRACE - Resolving type for handle ctproperties2c18type
10:36:03.204 [main] TRACE - Resolving type for handle sstf81fdoctype
10:36:03.207 [main] TRACE - Resolving type for handle ctsst44f3type
10:36:03.218 [main] TRACE - Resolving type for handle stylesheet5d8bdoctype
10:36:03.222 [main] TRACE - Resolving type for handle ctstylesheet4257type
10:36:03.231 [main] TRACE - Resolving type for handle ctfont14d8type
10:36:03.244 [main] TRACE - Resolving type for handle ctfontsizeb3b9type
10:36:03.254 [main] TRACE - Resolving type for handle ctcolord2c2type
10:36:03.259 [main] TRACE - Resolving type for handle ctfontname2dc3type
10:36:03.262 [main] TRACE - Resolving type for handle stxstringf179type
10:36:03.270 [main] TRACE - Resolving type for handle ctfontfamily685ctype
10:36:03.274 [main] TRACE - Resolving type for handle stfontfamily9c6ctype
10:36:03.283 [main] TRACE - Resolving type for handle ctfontschemebf5dtype
10:36:03.291 [main] TRACE - Resolving type for handle stfontschemef36dtype
10:36:03.301 [main] TRACE - Resolving type for handle ctfill550ctype
10:36:03.306 [main] TRACE - Resolving type for handle ctpatternfill7452type
10:36:03.317 [main] TRACE - Resolving type for handle stpatterntype7939type
10:36:03.326 [main] TRACE - Resolving type for handle ctborderf935type
10:36:03.336 [main] TRACE - Resolving type for handle ctborderpre497type
10:36:03.351 [main] TRACE - Resolving type for handle ctxf97f7type
10:36:03.360 [main] TRACE - Resolving type for handle stnumfmtid76fbtype
10:36:03.365 [main] TRACE - Resolving type for handle stfontid9d63type
10:36:03.369 [main] TRACE - Resolving type for handle stfillida097type
10:36:03.374 [main] TRACE - Resolving type for handle stborderid1a80type
10:36:03.378 [main] TRACE - Resolving type for handle stcellstylexfid70c7type
10:36:03.395 [main] TRACE - Resolving type for handle ctsheet4dbetype
10:36:03.409 [main] TRACE - Resolving type for handle ctworksheet530dtype
10:36:03.423 [main] TRACE - Resolving type for handle ctsheetformatprdef7type
10:36:03.438 [main] TRACE - Resolving type for handle ctsheetviewsb918type
10:36:03.445 [main] TRACE - Resolving type for handle ctsheetview0f43type
10:36:03.461 [main] TRACE - Resolving type for handle ctsheetdimensiond310type
10:36:03.467 [main] TRACE - Resolving type for handle stref90a2type
10:36:03.473 [main] TRACE - Resolving type for handle ctsheetdata8408type
10:36:03.478 [main] TRACE - Resolving type for handle ctpagemargins5455type
10:36:03.497 [main] TRACE - Resolving type for handle ctcols627ctype
10:36:03.504 [main] TRACE - Resolving type for handle strelationshipid1e94type
10:36:03.512 [main] TRACE - Resolving type for handle ctrowdd39type
10:36:03.531 [main] TRACE - Resolving type for handle ctcell842btype
10:36:03.552 [main] TRACE - Resolving type for handle stcellrefe4e0type
10:36:03.558 [main] TRACE - Resolving type for handle ctrsta472type
10:36:03.565 [main] TRACE - Resolving type for handle stcelltypebf95type
10:36:03.653 [main] TRACE - Resolving type for handle ctnumfmtsb58btype
10:36:03.658 [main] TRACE - Resolving type for handle ctfonts6623type
10:36:03.670 [main] TRACE - Resolving type for handle ctfills2c6ftype
10:36:03.678 [main] TRACE - Resolving type for handle ctborders0d66type
10:36:03.684 [main] TRACE - Resolving type for handle ctcellxfs1322type
10:36:03.690 [main] TRACE - Resolving type for handle ctcellstylexfsa81ftype
10:36:03.733 [main] DEBUG - Save core properties part
10:36:03.733 [main] DEBUG - Save content types part
10:36:03.998 [main] DEBUG - Save package relationships
10:36:04.015 [main] DEBUG - Save part 'docProps/app.xml'
10:36:04.024 [main] DEBUG - Save part 'docProps/core.xml'
10:36:04.045 [main] DEBUG - Save part 'xl/sharedStrings.xml'
10:36:04.045 [main] DEBUG - Save part 'xl/styles.xml'
10:36:04.046 [main] DEBUG - Save part 'xl/workbook.xml'
10:36:04.051 [main] DEBUG - Save part 'xl/worksheets/sheet1.xml'
10:36:04.084 [main] DEBUG - Save content types part
10:36:04.088 [main] DEBUG - Save package relationships
10:36:04.091 [main] DEBUG - Save part 'docProps/app.xml'
10:36:04.092 [main] DEBUG - Save part 'docProps/core.xml'
10:36:04.096 [main] DEBUG - Save part 'xl/sharedStrings.xml'
10:36:04.096 [main] DEBUG - Save part 'xl/styles.xml'
10:36:04.097 [main] DEBUG - Save part 'xl/workbook.xml'
10:36:04.102 [main] DEBUG - Save part 'xl/worksheets/sheet1.xml'
10:38:42.505 [main] TRACE - Loading type system org.apache.poi.schemas.ooxml.system.ooxml
10:38:42.509 [main] TRACE - Loading type system org.apache.xmlbeans.metadata.system.sXMLCONFIG
10:38:42.509 [main] TRACE - Loading type system org.apache.xmlbeans.metadata.system.sXMLLANG
10:38:42.509 [main] TRACE - Loading type system org.apache.xmlbeans.metadata.system.sXMLSCHEMA
10:38:42.510 [main] TRACE - Loading type system org.apache.xmlbeans.metadata.system.sXMLTOOLS
10:38:42.511 [main] TRACE - Reading unresolved handles for type system org.apache.xmlbeans.metadata.system.sXMLTOOLS
10:38:42.524 [main] TRACE - Finished loading type system org.apache.xmlbeans.metadata.system.sXMLTOOLS
10:38:42.525 [main] TRACE - Reading unresolved handles for type system org.apache.xmlbeans.metadata.system.sXMLSCHEMA
10:38:42.532 [main] TRACE - Finished loading type system org.apache.xmlbeans.metadata.system.sXMLSCHEMA
10:38:42.535 [main] TRACE - Reading unresolved handles for type system org.apache.xmlbeans.metadata.system.sXMLLANG
10:38:42.536 [main] TRACE - Finished loading type system org.apache.xmlbeans.metadata.system.sXMLLANG
10:38:42.539 [main] TRACE - Reading unresolved handles for type system org.apache.xmlbeans.metadata.system.sXMLCONFIG
10:38:42.540 [main] TRACE - Finished loading type system org.apache.xmlbeans.metadata.system.sXMLCONFIG
10:38:42.545 [main] TRACE - Reading unresolved handles for type system org.apache.poi.schemas.ooxml.system.ooxml
10:38:42.611 [main] TRACE - Finished loading type system org.apache.poi.schemas.ooxml.system.ooxml
10:38:42.613 [main] TRACE - Resolving type for handle ctworkbook83c3type
10:38:42.683 [main] TRACE - Resolving type for handle ctworkbookpr03a5type
10:38:42.713 [main] TRACE - Resolving type for handle ctbookviewsb864type
10:38:42.719 [main] TRACE - Resolving type for handle ctbookviewf677type
10:38:42.736 [main] TRACE - Resolving type for handle ctsheets49fdtype
10:38:42.739 [main] TRACE - Resolving type for handle propertiesee84doctype
10:38:42.741 [main] TRACE - Resolving type for handle ctproperties3f10type
10:38:42.748 [main] TRACE - Resolving type for handle properties288cdoctype
10:38:42.749 [main] TRACE - Resolving type for handle ctproperties2c18type
10:38:42.755 [main] TRACE - Resolving type for handle sstf81fdoctype
10:38:42.757 [main] TRACE - Resolving type for handle ctsst44f3type
10:38:42.763 [main] TRACE - Resolving type for handle stylesheet5d8bdoctype
10:38:42.765 [main] TRACE - Resolving type for handle ctstylesheet4257type
10:38:42.774 [main] TRACE - Resolving type for handle ctfont14d8type
10:38:42.782 [main] TRACE - Resolving type for handle ctfontsizeb3b9type
10:38:42.787 [main] TRACE - Resolving type for handle ctcolord2c2type
10:38:42.790 [main] TRACE - Resolving type for handle ctfontname2dc3type
10:38:42.792 [main] TRACE - Resolving type for handle stxstringf179type
10:38:42.796 [main] TRACE - Resolving type for handle ctfontfamily685ctype
10:38:42.798 [main] TRACE - Resolving type for handle stfontfamily9c6ctype
10:38:42.803 [main] TRACE - Resolving type for handle ctfontschemebf5dtype
10:38:42.807 [main] TRACE - Resolving type for handle stfontschemef36dtype
10:38:42.815 [main] TRACE - Resolving type for handle ctfill550ctype
10:38:42.818 [main] TRACE - Resolving type for handle ctpatternfill7452type
10:38:42.823 [main] TRACE - Resolving type for handle stpatterntype7939type
10:38:42.826 [main] TRACE - Resolving type for handle ctborderf935type
10:38:42.835 [main] TRACE - Resolving type for handle ctborderpre497type
10:38:42.848 [main] TRACE - Resolving type for handle ctxf97f7type
10:38:42.857 [main] TRACE - Resolving type for handle stnumfmtid76fbtype
10:38:42.861 [main] TRACE - Resolving type for handle stfontid9d63type
10:38:42.865 [main] TRACE - Resolving type for handle stfillida097type
10:38:42.868 [main] TRACE - Resolving type for handle stborderid1a80type
10:38:42.870 [main] TRACE - Resolving type for handle stcellstylexfid70c7type
10:38:42.879 [main] TRACE - Resolving type for handle ctsheet4dbetype
10:38:42.887 [main] TRACE - Resolving type for handle ctworksheet530dtype
10:38:42.907 [main] TRACE - Resolving type for handle ctsheetformatprdef7type
10:38:42.917 [main] TRACE - Resolving type for handle ctsheetviewsb918type
10:38:42.921 [main] TRACE - Resolving type for handle ctsheetview0f43type
10:38:42.929 [main] TRACE - Resolving type for handle ctsheetdimensiond310type
10:38:42.932 [main] TRACE - Resolving type for handle stref90a2type
10:38:42.938 [main] TRACE - Resolving type for handle ctsheetdata8408type
10:38:42.945 [main] TRACE - Resolving type for handle ctpagemargins5455type
10:38:42.971 [main] TRACE - Resolving type for handle ctcols627ctype
10:38:42.981 [main] TRACE - Resolving type for handle strelationshipid1e94type
10:38:42.985 [main] TRACE - Resolving type for handle ctrowdd39type
10:38:43.012 [main] TRACE - Resolving type for handle ctcell842btype
10:38:43.044 [main] TRACE - Resolving type for handle stcellrefe4e0type
10:38:43.050 [main] TRACE - Resolving type for handle ctrsta472type
10:38:43.058 [main] TRACE - Resolving type for handle stcelltypebf95type
10:39:18.421 [main] TRACE - Loading type system org.apache.poi.schemas.ooxml.system.ooxml
10:39:18.429 [main] TRACE - Loading type system org.apache.xmlbeans.metadata.system.sXMLCONFIG
10:39:18.430 [main] TRACE - Loading type system org.apache.xmlbeans.metadata.system.sXMLLANG
10:39:18.430 [main] TRACE - Loading type system org.apache.xmlbeans.metadata.system.sXMLSCHEMA
10:39:18.431 [main] TRACE - Loading type system org.apache.xmlbeans.metadata.system.sXMLTOOLS
10:39:18.433 [main] TRACE - Reading unresolved handles for type system org.apache.xmlbeans.metadata.system.sXMLTOOLS
10:39:18.450 [main] TRACE - Finished loading type system org.apache.xmlbeans.metadata.system.sXMLTOOLS
10:39:18.452 [main] TRACE - Reading unresolved handles for type system org.apache.xmlbeans.metadata.system.sXMLSCHEMA
10:39:18.457 [main] TRACE - Finished loading type system org.apache.xmlbeans.metadata.system.sXMLSCHEMA
10:39:18.458 [main] TRACE - Reading unresolved handles for type system org.apache.xmlbeans.metadata.system.sXMLLANG
10:39:18.459 [main] TRACE - Finished loading type system org.apache.xmlbeans.metadata.system.sXMLLANG
10:39:18.460 [main] TRACE - Reading unresolved handles for type system org.apache.xmlbeans.metadata.system.sXMLCONFIG
10:39:18.461 [main] TRACE - Finished loading type system org.apache.xmlbeans.metadata.system.sXMLCONFIG
10:39:18.462 [main] TRACE - Reading unresolved handles for type system org.apache.poi.schemas.ooxml.system.ooxml
10:39:18.519 [main] TRACE - Finished loading type system org.apache.poi.schemas.ooxml.system.ooxml
10:39:18.521 [main] TRACE - Resolving type for handle ctworkbook83c3type
10:39:18.600 [main] TRACE - Resolving type for handle ctworkbookpr03a5type
10:39:18.613 [main] TRACE - Resolving type for handle ctbookviewsb864type
10:39:18.633 [main] TRACE - Resolving type for handle ctbookviewf677type
10:39:18.646 [main] TRACE - Resolving type for handle ctsheets49fdtype
10:39:18.650 [main] TRACE - Resolving type for handle propertiesee84doctype
10:39:18.652 [main] TRACE - Resolving type for handle ctproperties3f10type
10:39:18.659 [main] TRACE - Resolving type for handle properties288cdoctype
10:39:18.661 [main] TRACE - Resolving type for handle ctproperties2c18type
10:39:18.667 [main] TRACE - Resolving type for handle sstf81fdoctype
10:39:18.669 [main] TRACE - Resolving type for handle ctsst44f3type
10:39:18.675 [main] TRACE - Resolving type for handle stylesheet5d8bdoctype
10:39:18.678 [main] TRACE - Resolving type for handle ctstylesheet4257type
10:39:18.683 [main] TRACE - Resolving type for handle ctfont14d8type
10:39:18.694 [main] TRACE - Resolving type for handle ctfontsizeb3b9type
10:39:18.699 [main] TRACE - Resolving type for handle ctcolord2c2type
10:39:18.702 [main] TRACE - Resolving type for handle ctfontname2dc3type
10:39:18.707 [main] TRACE - Resolving type for handle stxstringf179type
10:39:18.716 [main] TRACE - Resolving type for handle ctfontfamily685ctype
10:39:18.718 [main] TRACE - Resolving type for handle stfontfamily9c6ctype
10:39:18.722 [main] TRACE - Resolving type for handle ctfontschemebf5dtype
10:39:18.728 [main] TRACE - Resolving type for handle stfontschemef36dtype
10:39:18.742 [main] TRACE - Resolving type for handle ctfill550ctype
10:39:18.748 [main] TRACE - Resolving type for handle ctpatternfill7452type
10:39:18.755 [main] TRACE - Resolving type for handle stpatterntype7939type
10:39:18.768 [main] TRACE - Resolving type for handle ctborderf935type
10:39:18.783 [main] TRACE - Resolving type for handle ctborderpre497type
10:39:18.802 [main] TRACE - Resolving type for handle ctxf97f7type
10:39:18.834 [main] TRACE - Resolving type for handle stnumfmtid76fbtype
10:39:18.840 [main] TRACE - Resolving type for handle stfontid9d63type
10:39:18.846 [main] TRACE - Resolving type for handle stfillida097type
10:39:18.851 [main] TRACE - Resolving type for handle stborderid1a80type
10:39:18.858 [main] TRACE - Resolving type for handle stcellstylexfid70c7type
10:39:18.883 [main] TRACE - Resolving type for handle ctsheet4dbetype
10:39:18.892 [main] TRACE - Resolving type for handle ctworksheet530dtype
10:39:18.922 [main] TRACE - Resolving type for handle ctsheetformatprdef7type
10:39:18.933 [main] TRACE - Resolving type for handle ctsheetviewsb918type
10:39:18.939 [main] TRACE - Resolving type for handle ctsheetview0f43type
10:39:18.954 [main] TRACE - Resolving type for handle ctsheetdimensiond310type
10:39:18.964 [main] TRACE - Resolving type for handle stref90a2type
10:39:18.968 [main] TRACE - Resolving type for handle ctsheetdata8408type
10:39:18.975 [main] TRACE - Resolving type for handle ctpagemargins5455type
10:39:19.005 [main] TRACE - Resolving type for handle ctcols627ctype
10:39:19.010 [main] TRACE - Resolving type for handle strelationshipid1e94type
10:39:19.015 [main] TRACE - Resolving type for handle ctrowdd39type
10:39:19.032 [main] TRACE - Resolving type for handle ctcell842btype
10:39:19.059 [main] TRACE - Resolving type for handle stcellrefe4e0type
10:39:19.069 [main] TRACE - Resolving type for handle ctrsta472type
10:39:19.076 [main] TRACE - Resolving type for handle stcelltypebf95type
10:39:19.167 [main] TRACE - Resolving type for handle ctnumfmtsb58btype
10:39:19.174 [main] TRACE - Resolving type for handle ctfonts6623type
10:39:19.185 [main] TRACE - Resolving type for handle ctfills2c6ftype
10:39:19.194 [main] TRACE - Resolving type for handle ctborders0d66type
10:39:19.202 [main] TRACE - Resolving type for handle ctcellxfs1322type
10:39:19.210 [main] TRACE - Resolving type for handle ctcellstylexfsa81ftype
10:39:19.258 [main] DEBUG - Save core properties part
10:39:19.258 [main] DEBUG - Save content types part
10:39:19.494 [main] DEBUG - Save package relationships
10:39:19.513 [main] DEBUG - Save part 'docProps/app.xml'
10:39:19.521 [main] DEBUG - Save part 'docProps/core.xml'
10:39:19.541 [main] DEBUG - Save part 'xl/sharedStrings.xml'
10:39:19.542 [main] DEBUG - Save part 'xl/styles.xml'
10:39:19.543 [main] DEBUG - Save part 'xl/workbook.xml'
10:39:19.549 [main] DEBUG - Save part 'xl/worksheets/sheet1.xml'
10:39:19.586 [main] DEBUG - Save content types part
10:39:19.590 [main] DEBUG - Save package relationships
10:39:19.594 [main] DEBUG - Save part 'docProps/app.xml'
10:39:19.595 [main] DEBUG - Save part 'docProps/core.xml'
10:39:19.598 [main] DEBUG - Save part 'xl/sharedStrings.xml'
10:39:19.598 [main] DEBUG - Save part 'xl/styles.xml'
10:39:19.599 [main] DEBUG - Save part 'xl/workbook.xml'
10:39:19.604 [main] DEBUG - Save part 'xl/worksheets/sheet1.xml'
10:41:04.144 [main] TRACE - Loading type system org.apache.poi.schemas.ooxml.system.ooxml
10:41:04.149 [main] TRACE - Loading type system org.apache.xmlbeans.metadata.system.sXMLCONFIG
10:41:04.150 [main] TRACE - Loading type system org.apache.xmlbeans.metadata.system.sXMLLANG
10:41:04.150 [main] TRACE - Loading type system org.apache.xmlbeans.metadata.system.sXMLSCHEMA
10:41:04.151 [main] TRACE - Loading type system org.apache.xmlbeans.metadata.system.sXMLTOOLS
10:41:04.152 [main] TRACE - Reading unresolved handles for type system org.apache.xmlbeans.metadata.system.sXMLTOOLS
10:41:04.164 [main] TRACE - Finished loading type system org.apache.xmlbeans.metadata.system.sXMLTOOLS
10:41:04.164 [main] TRACE - Reading unresolved handles for type system org.apache.xmlbeans.metadata.system.sXMLSCHEMA
10:41:04.168 [main] TRACE - Finished loading type system org.apache.xmlbeans.metadata.system.sXMLSCHEMA
10:41:04.171 [main] TRACE - Reading unresolved handles for type system org.apache.xmlbeans.metadata.system.sXMLLANG
10:41:04.173 [main] TRACE - Finished loading type system org.apache.xmlbeans.metadata.system.sXMLLANG
10:41:04.176 [main] TRACE - Reading unresolved handles for type system org.apache.xmlbeans.metadata.system.sXMLCONFIG
10:41:04.177 [main] TRACE - Finished loading type system org.apache.xmlbeans.metadata.system.sXMLCONFIG
10:41:04.179 [main] TRACE - Reading unresolved handles for type system org.apache.poi.schemas.ooxml.system.ooxml
10:41:04.251 [main] TRACE - Finished loading type system org.apache.poi.schemas.ooxml.system.ooxml
10:41:04.252 [main] TRACE - Resolving type for handle ctworkbook83c3type
10:41:04.336 [main] TRACE - Resolving type for handle ctworkbookpr03a5type
10:41:04.353 [main] TRACE - Resolving type for handle ctbookviewsb864type
10:41:04.357 [main] TRACE - Resolving type for handle ctbookviewf677type
10:41:04.375 [main] TRACE - Resolving type for handle ctsheets49fdtype
10:41:04.378 [main] TRACE - Resolving type for handle propertiesee84doctype
10:41:04.381 [main] TRACE - Resolving type for handle ctproperties3f10type
10:41:04.411 [main] TRACE - Resolving type for handle properties288cdoctype
10:41:04.413 [main] TRACE - Resolving type for handle ctproperties2c18type
10:41:04.421 [main] TRACE - Resolving type for handle sstf81fdoctype
10:41:04.423 [main] TRACE - Resolving type for handle ctsst44f3type
10:41:04.431 [main] TRACE - Resolving type for handle stylesheet5d8bdoctype
10:41:04.432 [main] TRACE - Resolving type for handle ctstylesheet4257type
10:41:04.437 [main] TRACE - Resolving type for handle ctfont14d8type
10:41:04.451 [main] TRACE - Resolving type for handle ctfontsizeb3b9type
10:41:04.457 [main] TRACE - Resolving type for handle ctcolord2c2type
10:41:04.460 [main] TRACE - Resolving type for handle ctfontname2dc3type
10:41:04.462 [main] TRACE - Resolving type for handle stxstringf179type
10:41:04.467 [main] TRACE - Resolving type for handle ctfontfamily685ctype
10:41:04.470 [main] TRACE - Resolving type for handle stfontfamily9c6ctype
10:41:04.475 [main] TRACE - Resolving type for handle ctfontschemebf5dtype
10:41:04.480 [main] TRACE - Resolving type for handle stfontschemef36dtype
10:41:04.489 [main] TRACE - Resolving type for handle ctfill550ctype
10:41:04.491 [main] TRACE - Resolving type for handle ctpatternfill7452type
10:41:04.497 [main] TRACE - Resolving type for handle stpatterntype7939type
10:41:04.501 [main] TRACE - Resolving type for handle ctborderf935type
10:41:04.506 [main] TRACE - Resolving type for handle ctborderpre497type
10:41:04.523 [main] TRACE - Resolving type for handle ctxf97f7type
10:41:04.540 [main] TRACE - Resolving type for handle stnumfmtid76fbtype
10:41:04.543 [main] TRACE - Resolving type for handle stfontid9d63type
10:41:04.547 [main] TRACE - Resolving type for handle stfillida097type
10:41:04.552 [main] TRACE - Resolving type for handle stborderid1a80type
10:41:04.555 [main] TRACE - Resolving type for handle stcellstylexfid70c7type
10:41:04.568 [main] TRACE - Resolving type for handle ctsheet4dbetype
10:41:04.581 [main] TRACE - Resolving type for handle ctworksheet530dtype
10:41:04.598 [main] TRACE - Resolving type for handle ctsheetformatprdef7type
10:41:04.613 [main] TRACE - Resolving type for handle ctsheetviewsb918type
10:41:04.618 [main] TRACE - Resolving type for handle ctsheetview0f43type
10:41:04.660 [main] TRACE - Resolving type for handle ctsheetdimensiond310type
10:41:04.663 [main] TRACE - Resolving type for handle stref90a2type
10:41:04.669 [main] TRACE - Resolving type for handle ctsheetdata8408type
10:41:04.674 [main] TRACE - Resolving type for handle ctpagemargins5455type
10:41:04.690 [main] TRACE - Resolving type for handle ctcols627ctype
10:41:04.694 [main] TRACE - Resolving type for handle strelationshipid1e94type
10:41:04.698 [main] TRACE - Resolving type for handle ctrowdd39type
10:41:04.712 [main] TRACE - Resolving type for handle ctcell842btype
10:41:04.735 [main] TRACE - Resolving type for handle stcellrefe4e0type
10:41:04.744 [main] TRACE - Resolving type for handle ctrsta472type
10:41:04.755 [main] TRACE - Resolving type for handle stcelltypebf95type
10:41:04.816 [main] TRACE - Resolving type for handle ctnumfmtsb58btype
10:41:04.821 [main] TRACE - Resolving type for handle ctfonts6623type
10:41:04.831 [main] TRACE - Resolving type for handle ctfills2c6ftype
10:41:04.838 [main] TRACE - Resolving type for handle ctborders0d66type
10:41:04.846 [main] TRACE - Resolving type for handle ctcellxfs1322type
10:41:04.853 [main] TRACE - Resolving type for handle ctcellstylexfsa81ftype
10:41:04.903 [main] DEBUG - Save core properties part
10:41:04.904 [main] DEBUG - Save content types part
10:41:05.129 [main] DEBUG - Save package relationships
10:41:05.146 [main] DEBUG - Save part 'docProps/app.xml'
10:41:05.157 [main] DEBUG - Save part 'docProps/core.xml'
10:41:05.186 [main] DEBUG - Save part 'xl/sharedStrings.xml'
10:41:05.188 [main] DEBUG - Save part 'xl/styles.xml'
10:41:05.189 [main] DEBUG - Save part 'xl/workbook.xml'
10:41:05.193 [main] DEBUG - Save part 'xl/worksheets/sheet1.xml'
10:41:05.228 [main] DEBUG - Save content types part
10:41:05.234 [main] DEBUG - Save package relationships
10:41:05.238 [main] DEBUG - Save part 'docProps/app.xml'
10:41:05.239 [main] DEBUG - Save part 'docProps/core.xml'
10:41:05.244 [main] DEBUG - Save part 'xl/sharedStrings.xml'
10:41:05.245 [main] DEBUG - Save part 'xl/styles.xml'
10:41:05.246 [main] DEBUG - Save part 'xl/workbook.xml'
10:41:05.251 [main] DEBUG - Save part 'xl/worksheets/sheet1.xml'
11:07:45.916 [main] TRACE - Loading type system org.apache.poi.schemas.ooxml.system.ooxml
11:07:45.924 [main] TRACE - Loading type system org.apache.xmlbeans.metadata.system.sXMLCONFIG
11:07:45.925 [main] TRACE - Loading type system org.apache.xmlbeans.metadata.system.sXMLLANG
11:07:45.926 [main] TRACE - Loading type system org.apache.xmlbeans.metadata.system.sXMLSCHEMA
11:07:45.926 [main] TRACE - Loading type system org.apache.xmlbeans.metadata.system.sXMLTOOLS
11:07:45.928 [main] TRACE - Reading unresolved handles for type system org.apache.xmlbeans.metadata.system.sXMLTOOLS
11:07:45.942 [main] TRACE - Finished loading type system org.apache.xmlbeans.metadata.system.sXMLTOOLS
11:07:45.943 [main] TRACE - Reading unresolved handles for type system org.apache.xmlbeans.metadata.system.sXMLSCHEMA
11:07:45.951 [main] TRACE - Finished loading type system org.apache.xmlbeans.metadata.system.sXMLSCHEMA
11:07:45.953 [main] TRACE - Reading unresolved handles for type system org.apache.xmlbeans.metadata.system.sXMLLANG
11:07:45.955 [main] TRACE - Finished loading type system org.apache.xmlbeans.metadata.system.sXMLLANG
11:07:45.959 [main] TRACE - Reading unresolved handles for type system org.apache.xmlbeans.metadata.system.sXMLCONFIG
11:07:45.961 [main] TRACE - Finished loading type system org.apache.xmlbeans.metadata.system.sXMLCONFIG
11:07:45.964 [main] TRACE - Reading unresolved handles for type system org.apache.poi.schemas.ooxml.system.ooxml
11:07:46.050 [main] TRACE - Finished loading type system org.apache.poi.schemas.ooxml.system.ooxml
11:07:46.052 [main] TRACE - Resolving type for handle ctworkbook83c3type
11:07:46.116 [main] TRACE - Resolving type for handle ctworkbookpr03a5type
11:07:46.126 [main] TRACE - Resolving type for handle ctbookviewsb864type
11:07:46.135 [main] TRACE - Resolving type for handle ctbookviewf677type
11:07:46.149 [main] TRACE - Resolving type for handle ctsheets49fdtype
11:07:46.152 [main] TRACE - Resolving type for handle propertiesee84doctype
11:07:46.155 [main] TRACE - Resolving type for handle ctproperties3f10type
11:07:46.172 [main] TRACE - Resolving type for handle properties288cdoctype
11:07:46.174 [main] TRACE - Resolving type for handle ctproperties2c18type
11:07:46.181 [main] TRACE - Resolving type for handle sstf81fdoctype
11:07:46.182 [main] TRACE - Resolving type for handle ctsst44f3type
11:07:46.193 [main] TRACE - Resolving type for handle stylesheet5d8bdoctype
11:07:46.194 [main] TRACE - Resolving type for handle ctstylesheet4257type
11:07:46.200 [main] TRACE - Resolving type for handle ctfont14d8type
11:07:46.216 [main] TRACE - Resolving type for handle ctfontsizeb3b9type
11:07:46.222 [main] TRACE - Resolving type for handle ctcolord2c2type
11:07:46.225 [main] TRACE - Resolving type for handle ctfontname2dc3type
11:07:46.227 [main] TRACE - Resolving type for handle stxstringf179type
11:07:46.231 [main] TRACE - Resolving type for handle ctfontfamily685ctype
11:07:46.234 [main] TRACE - Resolving type for handle stfontfamily9c6ctype
11:07:46.239 [main] TRACE - Resolving type for handle ctfontschemebf5dtype
11:07:46.243 [main] TRACE - Resolving type for handle stfontschemef36dtype
11:07:46.251 [main] TRACE - Resolving type for handle ctfill550ctype
11:07:46.253 [main] TRACE - Resolving type for handle ctpatternfill7452type
11:07:46.259 [main] TRACE - Resolving type for handle stpatterntype7939type
11:07:46.262 [main] TRACE - Resolving type for handle ctborderf935type
11:07:46.266 [main] TRACE - Resolving type for handle ctborderpre497type
11:07:46.279 [main] TRACE - Resolving type for handle ctxf97f7type
11:07:46.287 [main] TRACE - Resolving type for handle stnumfmtid76fbtype
11:07:46.289 [main] TRACE - Resolving type for handle stfontid9d63type
11:07:46.293 [main] TRACE - Resolving type for handle stfillida097type
11:07:46.295 [main] TRACE - Resolving type for handle stborderid1a80type
11:07:46.297 [main] TRACE - Resolving type for handle stcellstylexfid70c7type
11:07:46.304 [main] TRACE - Resolving type for handle ctsheet4dbetype
11:07:46.313 [main] TRACE - Resolving type for handle ctworksheet530dtype
