14:07:34.191 [main] INFO  - Goto my account-->Click on Login.. 
14:07:34.883 [main] INFO  - Entering email and password.. 
14:07:35.559 [main] INFO  - clicked on login button...
15:21:51.876 [main] INFO  - Goto my account-->Click on Login.. 
15:21:53.135 [main] INFO  - Entering email and password.. 
15:21:54.620 [main] INFO  - clicked on login button...
15:32:55.009 [main] INFO  - Goto my account-->Click on Login.. 
15:32:55.760 [main] INFO  - Entering email and password.. 
15:32:56.517 [main] INFO  - clicked on login button...
15:44:58.490 [main] INFO  - Goto my account-->Click on Login.. 
15:44:59.375 [main] INFO  - Entering email and password.. 
15:45:00.720 [main] INFO  - clicked on login button...
11:24:02.941 [pool-3-thread-1] INFO  - Goto my account-->Click on Login.. 
11:24:03.761 [pool-3-thread-1] INFO  - Entering email and password.. 
11:24:06.101 [pool-3-thread-1] INFO  - clicked on login button...
11:25:07.956 [main] INFO  - Goto my account-->Click on Login.. 
11:25:08.604 [main] INFO  - Entering email and password.. 
11:25:09.732 [main] INFO  - clicked on login button...
11:27:34.728 [main] INFO  - Goto my account-->Click on Login.. 
11:27:35.361 [main] INFO  - Entering email and password.. 
11:27:36.283 [main] INFO  - clicked on login button...
11:28:39.062 [pool-3-thread-1] INFO  - Goto my account-->Click on Login.. 
11:28:39.709 [pool-3-thread-1] INFO  - Entering email and password.. 
11:28:41.527 [pool-3-thread-1] INFO  - clicked on login button...
11:30:58.762 [main] INFO  - Goto my account-->Click on Login.. 
11:30:59.506 [main] INFO  - Entering email and password.. 
11:31:00.817 [main] INFO  - clicked on login button...
11:32:42.541 [main] INFO  - Goto my account-->Click on Login.. 
11:32:46.118 [main] INFO  - Entering email and password.. 
11:32:47.244 [main] INFO  - clicked on login button...
11:34:08.134 [main] INFO  - Goto my account-->Click on Login.. 
11:34:08.801 [main] INFO  - Entering email and password.. 
11:34:10.471 [main] INFO  - clicked on login button...
11:45:34.561 [main] INFO  - Goto my account-->Click on Login.. 
11:45:35.241 [main] INFO  - Entering email and password.. 
11:45:36.544 [main] INFO  - clicked on login button...
11:48:32.063 [main] INFO  - Goto my account-->Click on Login.. 
11:48:32.749 [main] INFO  - Entering email and password.. 
11:48:34.206 [main] INFO  - clicked on login button...
12:19:09.362 [main] INFO  - Goto my account-->Click on Login.. 
12:19:10.371 [main] INFO  - Entering email and password.. 
12:19:11.738 [main] INFO  - clicked on login button...
12:24:14.670 [main] INFO  - Goto my account-->Click on Login.. 
12:24:15.551 [main] INFO  - Entering email and password.. 
12:24:16.857 [main] INFO  - clicked on login button...
12:25:59.705 [main] INFO  - Goto my account-->Click on Login.. 
12:26:00.443 [main] INFO  - Entering email and password.. 
12:26:01.724 [main] INFO  - clicked on login button...
12:40:21.946 [main] INFO  - Goto my account-->Click on Login.. 
12:40:22.616 [main] INFO  - Entering email and password.. 
12:40:24.212 [main] INFO  - clicked on login button...
12:48:13.135 [main] INFO  - Goto my account-->Click on Login.. 
12:48:14.187 [main] INFO  - Entering email and password.. 
12:48:15.338 [main] INFO  - clicked on login button...
07:20:02.541 [main] INFO  - Goto my account-->Click on Login.. 
07:20:03.687 [main] INFO  - Entering email and password.. 
07:20:04.885 [main] INFO  - clicked on login button...
07:26:07.255 [main] INFO  - Goto my account-->Click on Login.. 
07:26:08.073 [main] INFO  - Entering email and password.. 
07:26:08.937 [main] INFO  - clicked on login button...
07:27:45.855 [main] INFO  - Goto my account-->Click on Login.. 
07:27:46.685 [main] INFO  - Entering email and password.. 
07:27:47.506 [main] INFO  - clicked on login button...
07:42:18.774 [main] INFO  - Goto my account-->Click on Login.. 
07:42:19.621 [main] INFO  - Entering email and password.. 
07:42:20.495 [main] INFO  - clicked on login button...
07:44:30.850 [main] INFO  - Goto my account-->Click on Login.. 
07:44:31.695 [main] INFO  - Entering email and password.. 
07:44:32.578 [main] INFO  - clicked on login button...
07:46:04.249 [main] INFO  - Goto my account-->Click on Login.. 
07:46:05.043 [main] INFO  - Entering email and password.. 
07:46:05.916 [main] INFO  - clicked on login button...
07:52:55.919 [main] INFO  - Goto my account-->Click on Login.. 
07:52:56.718 [main] INFO  - Entering email and password.. 
07:52:57.593 [main] INFO  - clicked on login button...
19:36:50.141 [main] INFO  - Goto my account-->Click on Login.. 
19:37:14.986 [main] INFO  - Goto my account-->Click on Login.. 
19:37:35.324 [main] INFO  - Goto my account-->Click on Login.. 
19:47:48.010 [main] INFO  - Goto my account-->Click on Login.. 
20:28:02.156 [main] INFO  - Goto my account-->Click on Login.. 
20:29:49.520 [main] INFO  - Goto my account-->Click on Login.. 
20:32:13.079 [main] INFO  - Goto my account-->Click on Login.. 
20:38:24.554 [main] INFO  - Goto my account-->Click on Login.. 
20:43:48.351 [main] INFO  - Goto my account-->Click on Login.. 
20:44:52.162 [main] INFO  - Goto my account-->Click on Login.. 
20:56:55.982 [main] INFO  - Goto my account-->Click on Login.. 
20:57:33.924 [main] INFO  - Goto my account-->Click on Login.. 
21:01:57.725 [main] INFO  - Goto my account-->Click on Login.. 
21:02:23.621 [main] INFO  - Goto my account-->Click on Login.. 
21:05:08.646 [main] INFO  - Goto my account-->Click on Login.. 
21:14:02.922 [main] INFO  - Goto my account-->Click on Login.. 
21:18:11.047 [main] INFO  - Goto my account-->Click on Login.. 
21:19:10.915 [main] INFO  - Goto my account-->Click on Login.. 
21:19:49.444 [main] INFO  - Goto my account-->Click on Login.. 
21:29:57.134 [main] INFO  - Goto my account-->Click on Login.. 
21:31:22.325 [main] INFO  - Goto my account-->Click on Login.. 
21:53:49.439 [main] INFO  - Goto my account-->Click on Login.. 
21:56:45.870 [main] INFO  - Goto my account-->Click on Login.. 
22:29:03.193 [main] INFO  - Goto my account-->Click on Login.. 
23:14:14.176 [main] INFO  - Goto my account-->Click on Login.. 
23:15:04.557 [main] INFO  - Goto my account-->Click on Login.. 
23:16:18.659 [main] INFO  - Goto my account-->Click on Login.. 
23:17:09.508 [main] INFO  - Goto my account-->Click on Login.. 
23:17:34.291 [main] INFO  - Goto my account-->Click on Login.. 
23:18:00.491 [main] INFO  - Goto my account-->Click on Login.. 
23:22:45.146 [main] INFO  - Goto my account-->Click on Login.. 
23:26:33.112 [main] INFO  - Goto my account-->Click on Login.. 
23:27:35.278 [main] INFO  - Goto my account-->Click on Login.. 
23:35:44.210 [main] INFO  - Goto my account-->Click on Login.. 
23:37:01.505 [main] INFO  - Goto my account-->Click on Login.. 
23:41:01.381 [main] INFO  - Goto my account-->Click on Login.. 
23:45:31.664 [main] INFO  - Goto my account-->Click on Login.. 
23:47:56.478 [main] INFO  - Goto my account-->Click on Login.. 
23:48:49.588 [main] INFO  - Goto my account-->Click on Login.. 
23:49:31.909 [main] INFO  - Goto my account-->Click on Login.. 
23:49:57.518 [main] INFO  - Goto my account-->Click on Login.. 
23:50:45.209 [main] INFO  - Goto my account-->Click on Login.. 
23:51:47.267 [main] INFO  - Goto my account-->Click on Login.. 
23:53:32.591 [main] INFO  - Goto my account-->Click on Login.. 
23:54:25.744 [main] INFO  - Goto my account-->Click on Login.. 
23:56:10.265 [main] INFO  - Goto my account-->Click on Login.. 
23:57:33.961 [main] INFO  - Goto my account-->Click on Login.. 
23:58:01.724 [main] INFO  - Goto my account-->Click on Login.. 
23:58:29.632 [main] INFO  - Goto my account-->Click on Login.. 
23:58:59.440 [main] INFO  - Goto my account-->Click on Login.. 
00:07:11.146 [main] INFO  - Goto my account-->Click on Login.. 
00:07:55.736 [main] INFO  - Goto my account-->Click on Login.. 
00:09:58.120 [main] INFO  - Goto my account-->Click on Login.. 
00:14:34.972 [main] INFO  - Goto my account-->Click on Login.. 
00:24:18.096 [main] INFO  - Goto my account-->Click on Login.. 
00:25:25.782 [main] INFO  - Goto my account-->Click on Login.. 
00:30:07.869 [main] INFO  - Goto my account-->Click on Login.. 
09:06:24.667 [main] INFO  - Goto my account-->Click on Login.. 
09:07:04.163 [main] INFO  - Goto my account-->Click on Login.. 
09:07:48.040 [main] INFO  - Goto my account-->Click on Login.. 
09:08:15.601 [main] INFO  - Goto my account-->Click on Login.. 
09:10:28.473 [main] INFO  - Goto my account-->Click on Login.. 
09:15:09.188 [main] INFO  - Goto my account-->Click on Login.. 
09:15:39.045 [main] INFO  - Goto my account-->Click on Login.. 
09:19:27.992 [main] INFO  - Goto my account-->Click on Login.. 
09:21:40.293 [main] INFO  - Goto my account-->Click on Login.. 
09:22:03.034 [main] INFO  - Goto my account-->Click on Login.. 
09:22:44.148 [main] INFO  - Goto my account-->Click on Login.. 
09:23:37.667 [main] INFO  - Goto my account-->Click on Login.. 
09:29:28.873 [main] INFO  - Goto my account-->Click on Login.. 
09:31:00.899 [main] INFO  - Goto my account-->Click on Login.. 
09:36:38.219 [main] INFO  - Goto my account-->Click on Login.. 
09:47:48.492 [main] INFO  - Goto my account-->Click on Login.. 
09:49:25.707 [main] INFO  - Goto my account-->Click on Login.. 
09:52:49.366 [main] INFO  - Goto my account-->Click on Login.. 
10:02:42.019 [main] INFO  - Goto my account-->Click on Login.. 
10:06:48.068 [main] INFO  - Goto my account-->Click on Login.. 
10:07:27.543 [main] INFO  - Goto my account-->Click on Login.. 
10:13:26.687 [main] INFO  - Goto my account-->Click on Login.. 
10:14:40.687 [main] INFO  - Goto my account-->Click on Login.. 
10:16:37.404 [main] INFO  - Goto my account-->Click on Login.. 
11:05:14.528 [main] INFO  - Goto my account-->Click on Login.. 
11:05:43.623 [main] INFO  - Goto my account-->Click on Login.. 
11:06:07.566 [main] INFO  - Goto my account-->Click on Login.. 
11:10:45.542 [main] INFO  - Goto my account-->Click on Login.. 
11:11:38.314 [main] INFO  - Goto my account-->Click on Login.. 
11:12:35.412 [main] INFO  - Goto my account-->Click on Login.. 
11:21:27.576 [main] INFO  - Goto my account-->Click on Login.. 
11:22:35.198 [main] INFO  - Goto my account-->Click on Login.. 
11:23:01.041 [main] INFO  - Goto my account-->Click on Login.. 
11:23:22.597 [main] INFO  - Goto my account-->Click on Login.. 
11:24:31.450 [main] INFO  - Goto my account-->Click on Login.. 
11:25:01.628 [main] INFO  - Goto my account-->Click on Login.. 
11:27:47.515 [main] INFO  - Goto my account-->Click on Login.. 
11:47:39.649 [main] INFO  - Goto my account-->Click on Login.. 
11:48:00.481 [main] INFO  - Goto my account-->Click on Login.. 
11:49:02.907 [main] INFO  - Goto my account-->Click on Login.. 
11:49:54.914 [main] INFO  - Goto my account-->Click on Login.. 
11:50:55.930 [main] INFO  - Goto my account-->Click on Login.. 
11:51:44.142 [main] INFO  - Goto my account-->Click on Login.. 
11:52:10.045 [main] INFO  - Goto my account-->Click on Login.. 
11:53:19.451 [main] INFO  - Goto my account-->Click on Login.. 
12:04:35.476 [main] INFO  - Goto my account-->Click on Login.. 
12:05:13.934 [main] INFO  - Goto my account-->Click on Login.. 
12:07:56.136 [main] INFO  - Goto my account-->Click on Login.. 
12:09:08.601 [main] INFO  - Goto my account-->Click on Login.. 
12:09:33.680 [main] INFO  - Goto my account-->Click on Login.. 
12:14:15.955 [main] INFO  - Goto my account-->Click on Login.. 
12:17:56.103 [main] INFO  - Goto my account-->Click on Login.. 
12:19:23.403 [main] INFO  - Goto my account-->Click on Login.. 
13:17:14.075 [main] INFO  - Goto my account-->Click on Login.. 
13:18:03.594 [main] INFO  - Goto my account-->Click on Login.. 
13:28:56.297 [main] INFO  - Goto my account-->Click on Login.. 
13:31:35.859 [main] INFO  - Goto my account-->Click on Login.. 
13:34:37.114 [main] INFO  - Goto my account-->Click on Login.. 
13:34:52.992 [main] INFO  - Goto my account-->Click on Login.. 
13:35:19.509 [main] INFO  - Goto my account-->Click on Login.. 
13:40:01.216 [main] INFO  - Goto my account-->Click on Login.. 
13:40:43.333 [main] INFO  - Goto my account-->Click on Login.. 
13:48:21.496 [main] INFO  - Goto my account-->Click on Login.. 
13:50:58.630 [main] INFO  - Goto my account-->Click on Login.. 
14:05:40.782 [main] INFO  - Goto my account-->Click on Login.. 
14:10:50.667 [main] INFO  - Goto my account-->Click on Login.. 
14:17:15.080 [main] INFO  - Goto my account-->Click on Login.. 
14:17:46.514 [main] INFO  - Goto my account-->Click on Login.. 
14:18:16.602 [main] INFO  - Goto my account-->Click on Login.. 
14:19:39.046 [main] INFO  - Goto my account-->Click on Login.. 
14:19:58.442 [main] INFO  - Goto my account-->Click on Login.. 
14:21:25.913 [main] INFO  - Goto my account-->Click on Login.. 
14:32:20.045 [main] INFO  - Goto my account-->Click on Login.. 
14:38:21.472 [main] INFO  - Goto my account-->Click on Login.. 
14:39:11.746 [main] INFO  - Goto my account-->Click on Login.. 
14:39:39.454 [main] INFO  - Goto my account-->Click on Login.. 
14:40:00.067 [main] INFO  - Goto my account-->Click on Login.. 
14:40:54.442 [main] INFO  - Goto my account-->Click on Login.. 
14:42:30.650 [main] INFO  - Goto my account-->Click on Login.. 
14:44:02.663 [main] INFO  - Goto my account-->Click on Login.. 
14:46:05.697 [main] INFO  - Goto my account-->Click on Login.. 
14:47:24.381 [main] INFO  - Goto my account-->Click on Login.. 
14:48:06.308 [main] INFO  - Goto my account-->Click on Login.. 
14:51:29.510 [main] INFO  - Goto my account-->Click on Login.. 
14:52:31.447 [main] INFO  - Goto my account-->Click on Login.. 
14:53:13.636 [main] INFO  - Goto my account-->Click on Login.. 
15:07:25.590 [main] INFO  - Goto my account-->Click on Login.. 
15:07:56.883 [main] INFO  - Goto my account-->Click on Login.. 
15:11:57.288 [main] INFO  - Goto my account-->Click on Login.. 
15:14:11.804 [main] INFO  - Goto my account-->Click on Login.. 
15:33:17.122 [main] INFO  - Goto my account-->Click on Login.. 
15:48:03.909 [main] INFO  - Goto my account-->Click on Login.. 
15:48:35.636 [main] INFO  - Goto my account-->Click on Login.. 
16:24:56.113 [main] INFO  - Goto my account-->Click on Login.. 
16:25:45.542 [main] INFO  - Goto my account-->Click on Login.. 
16:32:46.777 [main] INFO  - Goto my account-->Click on Login.. 
16:35:06.954 [main] INFO  - Goto my account-->Click on Login.. 
16:41:33.021 [main] INFO  - Goto my account-->Click on Login.. 
16:42:12.563 [main] INFO  - Goto my account-->Click on Login.. 
16:43:43.331 [main] INFO  - Goto my account-->Click on Login.. 
16:46:47.179 [main] INFO  - Goto my account-->Click on Login.. 
16:48:28.650 [main] INFO  - Goto my account-->Click on Login.. 
17:00:52.734 [main] INFO  - Goto my account-->Click on Login.. 
17:01:56.295 [main] INFO  - Goto my account-->Click on Login.. 
17:32:36.191 [main] INFO  - Goto my account-->Click on Login.. 
17:36:08.916 [main] INFO  - Goto my account-->Click on Login.. 
09:41:00.019 [main] INFO  - Goto my account-->Click on Login.. 
09:43:27.967 [main] INFO  - Goto my account-->Click on Login.. 
09:47:59.869 [main] INFO  - Goto my account-->Click on Login.. 
10:01:25.929 [main] INFO  - Goto my account-->Click on Login.. 
10:30:33.779 [main] INFO  - Goto my account-->Click on Login.. 
10:31:27.993 [main] INFO  - Goto my account-->Click on Login.. 
10:41:23.538 [main] INFO  - Goto my account-->Click on Login.. 
10:47:08.320 [main] INFO  - Goto my account-->Click on Login.. 
11:30:35.014 [main] INFO  - Goto my account-->Click on Login.. 
11:31:04.391 [main] INFO  - Goto my account-->Click on Login.. 
11:32:12.636 [main] INFO  - Goto my account-->Click on Login.. 
11:36:51.581 [main] INFO  - Goto my account-->Click on Login.. 
11:38:13.261 [main] INFO  - Goto my account-->Click on Login.. 
11:53:39.618 [main] INFO  - Goto my account-->Click on Login.. 
11:59:16.108 [main] INFO  - Goto my account-->Click on Login.. 
12:00:03.356 [main] INFO  - Goto my account-->Click on Login.. 
12:07:08.462 [main] INFO  - Goto my account-->Click on Login.. 
12:12:47.088 [main] INFO  - Goto my account-->Click on Login.. 
12:15:08.879 [main] INFO  - Goto my account-->Click on Login.. 
12:16:04.935 [main] INFO  - Goto my account-->Click on Login.. 
12:16:23.484 [main] INFO  - Goto my account-->Click on Login.. 
12:24:10.558 [main] INFO  - Goto my account-->Click on Login.. 
12:30:45.393 [main] INFO  - Goto my account-->Click on Login.. 
13:42:44.634 [main] INFO  - Goto my account-->Click on Login.. 
13:43:08.614 [main] INFO  - Goto my account-->Click on Login.. 
13:45:03.476 [main] INFO  - Goto my account-->Click on Login.. 
13:45:28.873 [main] INFO  - Goto my account-->Click on Login.. 
13:47:09.694 [main] INFO  - Goto my account-->Click on Login.. 
13:47:35.100 [main] INFO  - Goto my account-->Click on Login.. 
13:48:28.339 [main] INFO  - Goto my account-->Click on Login.. 
13:53:58.200 [main] INFO  - Goto my account-->Click on Login.. 
13:55:23.021 [main] INFO  - Goto my account-->Click on Login.. 
13:57:53.105 [main] INFO  - Goto my account-->Click on Login.. 
14:00:50.905 [main] INFO  - Goto my account-->Click on Login.. 
14:04:55.392 [main] INFO  - Goto my account-->Click on Login.. 
14:06:26.865 [main] INFO  - Goto my account-->Click on Login.. 
14:10:33.047 [main] INFO  - Goto my account-->Click on Login.. 
14:14:09.982 [main] INFO  - Goto my account-->Click on Login.. 
14:17:31.339 [main] INFO  - Goto my account-->Click on Login.. 
14:20:46.800 [main] INFO  - Goto my account-->Click on Login.. 
14:23:03.045 [main] INFO  - Goto my account-->Click on Login.. 
14:25:27.010 [main] INFO  - Goto my account-->Click on Login.. 
14:28:25.471 [main] INFO  - Goto my account-->Click on Login.. 
14:29:21.869 [main] INFO  - Goto my account-->Click on Login.. 
14:31:34.458 [main] INFO  - Goto my account-->Click on Login.. 
14:34:11.721 [main] INFO  - Goto my account-->Click on Login.. 
14:39:20.815 [main] INFO  - Goto my account-->Click on Login.. 
14:39:51.973 [main] INFO  - Goto my account-->Click on Login.. 
14:41:43.489 [main] INFO  - Goto my account-->Click on Login.. 
14:45:32.463 [main] INFO  - Goto my account-->Click on Login.. 
14:49:58.829 [main] INFO  - Goto my account-->Click on Login.. 
14:50:54.864 [main] INFO  - Goto my account-->Click on Login.. 
15:00:21.919 [main] INFO  - Goto my account-->Click on Login.. 
15:01:19.608 [main] INFO  - Goto my account-->Click on Login.. 
15:03:54.099 [main] INFO  - Goto my account-->Click on Login.. 
15:09:22.064 [main] INFO  - Goto my account-->Click on Login.. 
15:11:49.443 [main] INFO  - Goto my account-->Click on Login.. 
15:17:15.907 [main] INFO  - Goto my account-->Click on Login.. 
15:19:09.417 [main] INFO  - Goto my account-->Click on Login.. 
15:22:18.622 [main] INFO  - Goto my account-->Click on Login.. 
15:25:59.869 [main] INFO  - Goto my account-->Click on Login.. 
15:29:25.729 [main] INFO  - Goto my account-->Click on Login.. 
15:34:36.936 [main] INFO  - Goto my account-->Click on Login.. 
15:37:33.848 [main] INFO  - Goto my account-->Click on Login.. 
15:40:18.350 [main] INFO  - Goto my account-->Click on Login.. 
15:46:08.357 [main] INFO  - Goto my account-->Click on Login.. 
15:47:45.643 [main] INFO  - Goto my account-->Click on Login.. 
15:53:03.625 [main] INFO  - Goto my account-->Click on Login.. 
15:55:06.015 [main] INFO  - Goto my account-->Click on Login.. 
15:57:46.287 [main] INFO  - Goto my account-->Click on Login.. 
16:00:46.830 [main] INFO  - Goto my account-->Click on Login.. 
16:27:57.515 [main] INFO  - Goto my account-->Click on Login.. 
16:29:31.136 [main] INFO  - Goto my account-->Click on Login.. 
16:30:19.400 [main] INFO  - Goto my account-->Click on Login.. 
16:34:21.235 [main] INFO  - Goto my account-->Click on Login.. 
16:37:09.835 [main] INFO  - Goto my account-->Click on Login.. 
16:38:43.824 [main] INFO  - Goto my account-->Click on Login.. 
16:44:21.046 [main] INFO  - Goto my account-->Click on Login.. 
16:45:30.088 [main] INFO  - Goto my account-->Click on Login.. 
16:49:58.526 [main] INFO  - Goto my account-->Click on Login.. 
16:50:30.726 [main] INFO  - Goto my account-->Click on Login.. 
16:51:57.068 [main] INFO  - Goto my account-->Click on Login.. 
16:52:43.620 [main] INFO  - Goto my account-->Click on Login.. 
16:55:39.443 [main] INFO  - Goto my account-->Click on Login.. 
17:13:35.522 [main] INFO  - Goto my account-->Click on Login.. 
17:14:34.608 [main] INFO  - Goto my account-->Click on Login.. 
17:15:56.736 [main] INFO  - Goto my account-->Click on Login.. 
17:16:22.203 [main] INFO  - Goto my account-->Click on Login.. 
17:17:33.159 [main] INFO  - Goto my account-->Click on Login.. 
17:19:09.822 [main] INFO  - Goto my account-->Click on Login.. 
17:19:31.320 [main] INFO  - Goto my account-->Click on Login.. 
08:32:02.383 [main] INFO  - Goto my account-->Click on Login.. 
08:32:56.394 [main] INFO  - Goto my account-->Click on Login.. 
08:33:58.938 [main] INFO  - Goto my account-->Click on Login.. 
08:35:32.441 [main] INFO  - Goto my account-->Click on Login.. 
08:36:04.432 [main] INFO  - Goto my account-->Click on Login.. 
08:37:15.534 [main] INFO  - Goto my account-->Click on Login.. 
08:39:20.710 [main] INFO  - Goto my account-->Click on Login.. 
08:40:41.851 [main] INFO  - Goto my account-->Click on Login.. 
08:43:06.853 [main] INFO  - Goto my account-->Click on Login.. 
08:45:05.798 [main] INFO  - Goto my account-->Click on Login.. 
14:12:54.700 [main] INFO  - Goto my account-->Click on Login.. 
14:14:09.746 [main] INFO  - Goto my account-->Click on Login.. 
14:14:49.471 [main] INFO  - Goto my account-->Click on Login.. 
14:15:39.967 [main] INFO  - Goto my account-->Click on Login.. 
09:24:49.131 [main] INFO  - Goto my account-->Click on Login.. 
09:25:03.727 [main] INFO  - Goto my account-->Click on Login.. 
09:26:46.476 [main] INFO  - Goto my account-->Click on Login.. 
09:26:50.117 [main] INFO  - Goto my account-->Click on Login.. 
10:38:25.563 [main] INFO  - Goto my account-->Click on Login.. 
11:32:21.654 [main] INFO  - Goto my account-->Click on Login.. 
11:34:20.999 [main] INFO  - Goto my account-->Click on Login.. 
11:35:26.132 [main] INFO  - Goto my account-->Click on Login.. 
11:47:10.240 [main] INFO  - Goto my account-->Click on Login.. 
11:59:20.400 [main] INFO  - Goto my account-->Click on Login.. 
15:01:09.247 [main] DEBUG - Parsing relationship: /xl/_rels/workbook.xml.rels
15:01:09.253 [main] DEBUG - Parsing relationship: /xl/worksheets/_rels/sheet1.xml.rels
15:01:09.253 [main] DEBUG - Parsing relationship: /_rels/.rels
15:01:09.426 [main] TRACE - Loading type system org.apache.poi.schemas.ooxml.system.ooxml
15:01:09.428 [main] TRACE - Loading type system org.apache.xmlbeans.metadata.system.sXMLCONFIG
15:01:09.429 [main] TRACE - Loading type system org.apache.xmlbeans.metadata.system.sXMLLANG
15:01:09.429 [main] TRACE - Loading type system org.apache.xmlbeans.metadata.system.sXMLSCHEMA
15:01:09.429 [main] TRACE - Loading type system org.apache.xmlbeans.metadata.system.sXMLTOOLS
15:01:09.432 [main] TRACE - Reading unresolved handles for type system org.apache.xmlbeans.metadata.system.sXMLTOOLS
15:01:09.446 [main] TRACE - Finished loading type system org.apache.xmlbeans.metadata.system.sXMLTOOLS
15:01:09.447 [main] TRACE - Reading unresolved handles for type system org.apache.xmlbeans.metadata.system.sXMLSCHEMA
15:01:09.451 [main] TRACE - Finished loading type system org.apache.xmlbeans.metadata.system.sXMLSCHEMA
15:01:09.452 [main] TRACE - Reading unresolved handles for type system org.apache.xmlbeans.metadata.system.sXMLLANG
15:01:09.452 [main] TRACE - Finished loading type system org.apache.xmlbeans.metadata.system.sXMLLANG
15:01:09.453 [main] TRACE - Reading unresolved handles for type system org.apache.xmlbeans.metadata.system.sXMLCONFIG
15:01:09.454 [main] TRACE - Finished loading type system org.apache.xmlbeans.metadata.system.sXMLCONFIG
15:01:09.454 [main] TRACE - Reading unresolved handles for type system org.apache.poi.schemas.ooxml.system.ooxml
15:01:09.481 [main] TRACE - Finished loading type system org.apache.poi.schemas.ooxml.system.ooxml
15:01:09.481 [main] TRACE - Resolving type for handle themefd26doctype
15:01:09.532 [main] TRACE - Resolving type for handle stylesheet5d8bdoctype
15:01:09.535 [main] TRACE - Resolving type for handle ctstylesheet4257type
15:01:09.540 [main] TRACE - Resolving type for handle ctfonts6623type
15:01:09.543 [main] TRACE - Resolving type for handle ctfont14d8type
15:01:09.546 [main] TRACE - Resolving type for handle ctfills2c6ftype
15:01:09.548 [main] TRACE - Resolving type for handle ctfill550ctype
15:01:09.550 [main] TRACE - Resolving type for handle ctborders0d66type
15:01:09.553 [main] TRACE - Resolving type for handle ctborderf935type
15:01:09.555 [main] TRACE - Resolving type for handle ctcellxfs1322type
15:01:09.559 [main] TRACE - Resolving type for handle ctxf97f7type
15:01:09.560 [main] TRACE - Resolving type for handle ctcellstylexfsa81ftype
15:01:09.563 [main] TRACE - Resolving type for handle ctdxfsb26atype
15:01:09.565 [main] TRACE - Resolving type for handle cttablestyles872ftype
15:01:09.569 [main] TRACE - Resolving type for handle sstf81fdoctype
15:01:09.573 [main] TRACE - Resolving type for handle ctsst44f3type
15:01:09.584 [main] TRACE - Resolving type for handle ctrsta472type
15:01:09.605 [main] TRACE - Resolving type for handle workbookec17doctype
15:01:09.610 [main] TRACE - Resolving type for handle ctworkbook83c3type
15:01:09.614 [main] TRACE - Resolving type for handle ctsheets49fdtype
15:01:09.616 [main] TRACE - Resolving type for handle ctsheet4dbetype
15:01:09.619 [main] TRACE - Resolving type for handle strelationshipid1e94type
15:01:09.622 [main] TRACE - Resolving type for handle worksheetf539doctype
15:01:09.626 [main] TRACE - Resolving type for handle ctworksheet530dtype
15:01:09.632 [main] TRACE - Resolving type for handle ctsheetdata8408type
15:01:09.636 [main] TRACE - Resolving type for handle ctrowdd39type
15:01:09.640 [main] TRACE - Resolving type for handle ctcell842btype
15:01:09.648 [main] TRACE - Resolving type for handle stcellrefe4e0type
15:01:09.656 [main] TRACE - Resolving type for handle ctcols627ctype
15:01:09.661 [main] TRACE - Resolving type for handle ctcola95ftype
15:01:09.670 [main] TRACE - Resolving type for handle cthyperlinks6416type
15:01:09.673 [main] TRACE - Resolving type for handle cthyperlink0c85type
15:01:09.681 [main] TRACE - Resolving type for handle stxstringf179type
15:01:09.684 [main] TRACE - Resolving type for handle stcelltypebf95type
15:04:35.484 [main] DEBUG - Parsing relationship: /xl/_rels/workbook.xml.rels
15:04:35.491 [main] DEBUG - Parsing relationship: /xl/worksheets/_rels/sheet1.xml.rels
15:04:35.492 [main] DEBUG - Parsing relationship: /_rels/.rels
15:04:35.615 [main] TRACE - Loading type system org.apache.poi.schemas.ooxml.system.ooxml
15:04:35.619 [main] TRACE - Loading type system org.apache.xmlbeans.metadata.system.sXMLCONFIG
15:04:35.620 [main] TRACE - Loading type system org.apache.xmlbeans.metadata.system.sXMLLANG
15:04:35.621 [main] TRACE - Loading type system org.apache.xmlbeans.metadata.system.sXMLSCHEMA
15:04:35.621 [main] TRACE - Loading type system org.apache.xmlbeans.metadata.system.sXMLTOOLS
15:04:35.623 [main] TRACE - Reading unresolved handles for type system org.apache.xmlbeans.metadata.system.sXMLTOOLS
15:04:35.638 [main] TRACE - Finished loading type system org.apache.xmlbeans.metadata.system.sXMLTOOLS
15:04:35.639 [main] TRACE - Reading unresolved handles for type system org.apache.xmlbeans.metadata.system.sXMLSCHEMA
15:04:35.642 [main] TRACE - Finished loading type system org.apache.xmlbeans.metadata.system.sXMLSCHEMA
15:04:35.644 [main] TRACE - Reading unresolved handles for type system org.apache.xmlbeans.metadata.system.sXMLLANG
15:04:35.644 [main] TRACE - Finished loading type system org.apache.xmlbeans.metadata.system.sXMLLANG
15:04:35.645 [main] TRACE - Reading unresolved handles for type system org.apache.xmlbeans.metadata.system.sXMLCONFIG
15:04:35.646 [main] TRACE - Finished loading type system org.apache.xmlbeans.metadata.system.sXMLCONFIG
15:04:35.646 [main] TRACE - Reading unresolved handles for type system org.apache.poi.schemas.ooxml.system.ooxml
15:04:35.684 [main] TRACE - Finished loading type system org.apache.poi.schemas.ooxml.system.ooxml
15:04:35.684 [main] TRACE - Resolving type for handle themefd26doctype
15:04:35.724 [main] TRACE - Resolving type for handle stylesheet5d8bdoctype
15:04:35.728 [main] TRACE - Resolving type for handle ctstylesheet4257type
15:04:35.731 [main] TRACE - Resolving type for handle ctfonts6623type
15:04:35.732 [main] TRACE - Resolving type for handle ctfont14d8type
15:04:35.735 [main] TRACE - Resolving type for handle ctfills2c6ftype
15:04:35.737 [main] TRACE - Resolving type for handle ctfill550ctype
15:04:35.738 [main] TRACE - Resolving type for handle ctborders0d66type
15:04:35.741 [main] TRACE - Resolving type for handle ctborderf935type
15:04:35.744 [main] TRACE - Resolving type for handle ctcellxfs1322type
15:04:35.747 [main] TRACE - Resolving type for handle ctxf97f7type
15:04:35.749 [main] TRACE - Resolving type for handle ctcellstylexfsa81ftype
15:04:35.750 [main] TRACE - Resolving type for handle ctdxfsb26atype
15:04:35.752 [main] TRACE - Resolving type for handle cttablestyles872ftype
15:04:35.755 [main] TRACE - Resolving type for handle sstf81fdoctype
15:04:35.758 [main] TRACE - Resolving type for handle ctsst44f3type
15:04:35.764 [main] TRACE - Resolving type for handle ctrsta472type
15:04:35.780 [main] TRACE - Resolving type for handle workbookec17doctype
15:04:35.784 [main] TRACE - Resolving type for handle ctworkbook83c3type
15:04:35.788 [main] TRACE - Resolving type for handle ctsheets49fdtype
15:04:35.790 [main] TRACE - Resolving type for handle ctsheet4dbetype
15:04:35.792 [main] TRACE - Resolving type for handle strelationshipid1e94type
15:04:35.794 [main] TRACE - Resolving type for handle worksheetf539doctype
15:04:35.798 [main] TRACE - Resolving type for handle ctworksheet530dtype
15:04:35.803 [main] TRACE - Resolving type for handle ctsheetdata8408type
15:04:35.805 [main] TRACE - Resolving type for handle ctrowdd39type
15:04:35.811 [main] TRACE - Resolving type for handle ctcell842btype
15:04:35.818 [main] TRACE - Resolving type for handle stcellrefe4e0type
15:04:35.825 [main] TRACE - Resolving type for handle ctcols627ctype
15:04:35.830 [main] TRACE - Resolving type for handle ctcola95ftype
15:04:35.842 [main] TRACE - Resolving type for handle cthyperlinks6416type
15:04:35.844 [main] TRACE - Resolving type for handle cthyperlink0c85type
15:04:35.850 [main] TRACE - Resolving type for handle stxstringf179type
15:04:35.853 [main] TRACE - Resolving type for handle stcelltypebf95type
15:05:52.381 [main] DEBUG - Parsing relationship: /xl/_rels/workbook.xml.rels
15:05:52.389 [main] DEBUG - Parsing relationship: /xl/worksheets/_rels/sheet1.xml.rels
15:05:52.389 [main] DEBUG - Parsing relationship: /_rels/.rels
15:05:52.505 [main] TRACE - Loading type system org.apache.poi.schemas.ooxml.system.ooxml
15:05:52.507 [main] TRACE - Loading type system org.apache.xmlbeans.metadata.system.sXMLCONFIG
15:05:52.507 [main] TRACE - Loading type system org.apache.xmlbeans.metadata.system.sXMLLANG
15:05:52.508 [main] TRACE - Loading type system org.apache.xmlbeans.metadata.system.sXMLSCHEMA
15:05:52.508 [main] TRACE - Loading type system org.apache.xmlbeans.metadata.system.sXMLTOOLS
15:05:52.513 [main] TRACE - Reading unresolved handles for type system org.apache.xmlbeans.metadata.system.sXMLTOOLS
15:05:52.525 [main] TRACE - Finished loading type system org.apache.xmlbeans.metadata.system.sXMLTOOLS
15:05:52.526 [main] TRACE - Reading unresolved handles for type system org.apache.xmlbeans.metadata.system.sXMLSCHEMA
15:05:52.528 [main] TRACE - Finished loading type system org.apache.xmlbeans.metadata.system.sXMLSCHEMA
15:05:52.530 [main] TRACE - Reading unresolved handles for type system org.apache.xmlbeans.metadata.system.sXMLLANG
15:05:52.530 [main] TRACE - Finished loading type system org.apache.xmlbeans.metadata.system.sXMLLANG
15:05:52.532 [main] TRACE - Reading unresolved handles for type system org.apache.xmlbeans.metadata.system.sXMLCONFIG
15:05:52.533 [main] TRACE - Finished loading type system org.apache.xmlbeans.metadata.system.sXMLCONFIG
15:05:52.534 [main] TRACE - Reading unresolved handles for type system org.apache.poi.schemas.ooxml.system.ooxml
15:05:52.565 [main] TRACE - Finished loading type system org.apache.poi.schemas.ooxml.system.ooxml
15:05:52.566 [main] TRACE - Resolving type for handle themefd26doctype
15:05:52.611 [main] TRACE - Resolving type for handle stylesheet5d8bdoctype
15:05:52.615 [main] TRACE - Resolving type for handle ctstylesheet4257type
15:05:52.618 [main] TRACE - Resolving type for handle ctfonts6623type
15:05:52.621 [main] TRACE - Resolving type for handle ctfont14d8type
15:05:52.626 [main] TRACE - Resolving type for handle ctfills2c6ftype
15:05:52.627 [main] TRACE - Resolving type for handle ctfill550ctype
15:05:52.628 [main] TRACE - Resolving type for handle ctborders0d66type
15:05:52.631 [main] TRACE - Resolving type for handle ctborderf935type
15:05:52.635 [main] TRACE - Resolving type for handle ctcellxfs1322type
15:05:52.637 [main] TRACE - Resolving type for handle ctxf97f7type
15:05:52.639 [main] TRACE - Resolving type for handle ctcellstylexfsa81ftype
15:05:52.641 [main] TRACE - Resolving type for handle ctdxfsb26atype
15:05:52.644 [main] TRACE - Resolving type for handle cttablestyles872ftype
15:05:52.647 [main] TRACE - Resolving type for handle sstf81fdoctype
15:05:52.651 [main] TRACE - Resolving type for handle ctsst44f3type
15:05:52.658 [main] TRACE - Resolving type for handle ctrsta472type
15:05:52.672 [main] TRACE - Resolving type for handle workbookec17doctype
15:05:52.675 [main] TRACE - Resolving type for handle ctworkbook83c3type
15:05:52.680 [main] TRACE - Resolving type for handle ctsheets49fdtype
15:05:52.684 [main] TRACE - Resolving type for handle ctsheet4dbetype
15:05:52.686 [main] TRACE - Resolving type for handle strelationshipid1e94type
15:05:52.688 [main] TRACE - Resolving type for handle worksheetf539doctype
15:05:52.691 [main] TRACE - Resolving type for handle ctworksheet530dtype
15:05:52.697 [main] TRACE - Resolving type for handle ctsheetdata8408type
15:05:52.701 [main] TRACE - Resolving type for handle ctrowdd39type
15:05:52.707 [main] TRACE - Resolving type for handle ctcell842btype
15:05:52.720 [main] TRACE - Resolving type for handle stcellrefe4e0type
15:05:52.729 [main] TRACE - Resolving type for handle ctcols627ctype
15:05:52.736 [main] TRACE - Resolving type for handle ctcola95ftype
15:05:52.746 [main] TRACE - Resolving type for handle cthyperlinks6416type
15:05:52.748 [main] TRACE - Resolving type for handle cthyperlink0c85type
15:05:52.755 [main] TRACE - Resolving type for handle stxstringf179type
15:05:52.759 [main] TRACE - Resolving type for handle stcelltypebf95type
15:08:15.559 [main] DEBUG - Parsing relationship: /xl/_rels/workbook.xml.rels
15:08:15.565 [main] DEBUG - Parsing relationship: /xl/worksheets/_rels/sheet1.xml.rels
15:08:15.565 [main] DEBUG - Parsing relationship: /_rels/.rels
15:08:15.697 [main] TRACE - Loading type system org.apache.poi.schemas.ooxml.system.ooxml
15:08:15.699 [main] TRACE - Loading type system org.apache.xmlbeans.metadata.system.sXMLCONFIG
15:08:15.699 [main] TRACE - Loading type system org.apache.xmlbeans.metadata.system.sXMLLANG
15:08:15.700 [main] TRACE - Loading type system org.apache.xmlbeans.metadata.system.sXMLSCHEMA
15:08:15.700 [main] TRACE - Loading type system org.apache.xmlbeans.metadata.system.sXMLTOOLS
15:08:15.701 [main] TRACE - Reading unresolved handles for type system org.apache.xmlbeans.metadata.system.sXMLTOOLS
15:08:15.709 [main] TRACE - Finished loading type system org.apache.xmlbeans.metadata.system.sXMLTOOLS
15:08:15.710 [main] TRACE - Reading unresolved handles for type system org.apache.xmlbeans.metadata.system.sXMLSCHEMA
15:08:15.714 [main] TRACE - Finished loading type system org.apache.xmlbeans.metadata.system.sXMLSCHEMA
15:08:15.715 [main] TRACE - Reading unresolved handles for type system org.apache.xmlbeans.metadata.system.sXMLLANG
15:08:15.715 [main] TRACE - Finished loading type system org.apache.xmlbeans.metadata.system.sXMLLANG
15:08:15.716 [main] TRACE - Reading unresolved handles for type system org.apache.xmlbeans.metadata.system.sXMLCONFIG
15:08:15.716 [main] TRACE - Finished loading type system org.apache.xmlbeans.metadata.system.sXMLCONFIG
15:08:15.717 [main] TRACE - Reading unresolved handles for type system org.apache.poi.schemas.ooxml.system.ooxml
15:08:15.752 [main] TRACE - Finished loading type system org.apache.poi.schemas.ooxml.system.ooxml
15:08:15.753 [main] TRACE - Resolving type for handle themefd26doctype
15:08:15.799 [main] TRACE - Resolving type for handle stylesheet5d8bdoctype
15:08:15.804 [main] TRACE - Resolving type for handle ctstylesheet4257type
15:08:15.809 [main] TRACE - Resolving type for handle ctfonts6623type
15:08:15.813 [main] TRACE - Resolving type for handle ctfont14d8type
15:08:15.820 [main] TRACE - Resolving type for handle ctfills2c6ftype
15:08:15.821 [main] TRACE - Resolving type for handle ctfill550ctype
15:08:15.823 [main] TRACE - Resolving type for handle ctborders0d66type
15:08:15.824 [main] TRACE - Resolving type for handle ctborderf935type
15:08:15.826 [main] TRACE - Resolving type for handle ctcellxfs1322type
15:08:15.827 [main] TRACE - Resolving type for handle ctxf97f7type
15:08:15.831 [main] TRACE - Resolving type for handle ctcellstylexfsa81ftype
15:08:15.832 [main] TRACE - Resolving type for handle ctdxfsb26atype
15:08:15.837 [main] TRACE - Resolving type for handle cttablestyles872ftype
15:08:15.840 [main] TRACE - Resolving type for handle sstf81fdoctype
15:08:15.842 [main] TRACE - Resolving type for handle ctsst44f3type
15:08:15.851 [main] TRACE - Resolving type for handle ctrsta472type
15:08:15.872 [main] TRACE - Resolving type for handle workbookec17doctype
15:08:15.876 [main] TRACE - Resolving type for handle ctworkbook83c3type
15:08:15.880 [main] TRACE - Resolving type for handle ctsheets49fdtype
15:08:15.883 [main] TRACE - Resolving type for handle ctsheet4dbetype
15:08:15.885 [main] TRACE - Resolving type for handle strelationshipid1e94type
15:08:15.887 [main] TRACE - Resolving type for handle worksheetf539doctype
15:08:15.893 [main] TRACE - Resolving type for handle ctworksheet530dtype
15:08:15.900 [main] TRACE - Resolving type for handle ctsheetdata8408type
15:08:15.903 [main] TRACE - Resolving type for handle ctrowdd39type
15:08:15.908 [main] TRACE - Resolving type for handle ctcell842btype
15:08:15.914 [main] TRACE - Resolving type for handle stcellrefe4e0type
15:08:15.921 [main] TRACE - Resolving type for handle ctcols627ctype
15:08:15.925 [main] TRACE - Resolving type for handle ctcola95ftype
15:08:15.935 [main] TRACE - Resolving type for handle cthyperlinks6416type
15:08:15.938 [main] TRACE - Resolving type for handle cthyperlink0c85type
15:08:15.945 [main] TRACE - Resolving type for handle stxstringf179type
15:08:15.947 [main] TRACE - Resolving type for handle stcelltypebf95type
15:09:38.558 [main] DEBUG - Parsing relationship: /xl/_rels/workbook.xml.rels
15:09:38.564 [main] DEBUG - Parsing relationship: /xl/worksheets/_rels/sheet1.xml.rels
15:09:38.565 [main] DEBUG - Parsing relationship: /_rels/.rels
15:09:38.692 [main] TRACE - Loading type system org.apache.poi.schemas.ooxml.system.ooxml
15:09:38.694 [main] TRACE - Loading type system org.apache.xmlbeans.metadata.system.sXMLCONFIG
15:09:38.694 [main] TRACE - Loading type system org.apache.xmlbeans.metadata.system.sXMLLANG
15:09:38.694 [main] TRACE - Loading type system org.apache.xmlbeans.metadata.system.sXMLSCHEMA
15:09:38.695 [main] TRACE - Loading type system org.apache.xmlbeans.metadata.system.sXMLTOOLS
15:09:38.696 [main] TRACE - Reading unresolved handles for type system org.apache.xmlbeans.metadata.system.sXMLTOOLS
15:09:38.709 [main] TRACE - Finished loading type system org.apache.xmlbeans.metadata.system.sXMLTOOLS
15:09:38.710 [main] TRACE - Reading unresolved handles for type system org.apache.xmlbeans.metadata.system.sXMLSCHEMA
15:09:38.712 [main] TRACE - Finished loading type system org.apache.xmlbeans.metadata.system.sXMLSCHEMA
15:09:38.713 [main] TRACE - Reading unresolved handles for type system org.apache.xmlbeans.metadata.system.sXMLLANG
15:09:38.713 [main] TRACE - Finished loading type system org.apache.xmlbeans.metadata.system.sXMLLANG
15:09:38.714 [main] TRACE - Reading unresolved handles for type system org.apache.xmlbeans.metadata.system.sXMLCONFIG
15:09:38.715 [main] TRACE - Finished loading type system org.apache.xmlbeans.metadata.system.sXMLCONFIG
15:09:38.715 [main] TRACE - Reading unresolved handles for type system org.apache.poi.schemas.ooxml.system.ooxml
15:09:38.748 [main] TRACE - Finished loading type system org.apache.poi.schemas.ooxml.system.ooxml
15:09:38.749 [main] TRACE - Resolving type for handle themefd26doctype
15:09:38.791 [main] TRACE - Resolving type for handle stylesheet5d8bdoctype
15:09:38.799 [main] TRACE - Resolving type for handle ctstylesheet4257type
15:09:38.803 [main] TRACE - Resolving type for handle ctfonts6623type
15:09:38.807 [main] TRACE - Resolving type for handle ctfont14d8type
15:09:38.813 [main] TRACE - Resolving type for handle ctfills2c6ftype
15:09:38.816 [main] TRACE - Resolving type for handle ctfill550ctype
15:09:38.818 [main] TRACE - Resolving type for handle ctborders0d66type
15:09:38.820 [main] TRACE - Resolving type for handle ctborderf935type
15:09:38.825 [main] TRACE - Resolving type for handle ctcellxfs1322type
15:09:38.829 [main] TRACE - Resolving type for handle ctxf97f7type
15:09:38.831 [main] TRACE - Resolving type for handle ctcellstylexfsa81ftype
15:09:38.834 [main] TRACE - Resolving type for handle ctdxfsb26atype
15:09:38.836 [main] TRACE - Resolving type for handle cttablestyles872ftype
15:09:38.839 [main] TRACE - Resolving type for handle sstf81fdoctype
15:09:38.842 [main] TRACE - Resolving type for handle ctsst44f3type
15:09:38.850 [main] TRACE - Resolving type for handle ctrsta472type
15:09:38.865 [main] TRACE - Resolving type for handle workbookec17doctype
15:09:38.869 [main] TRACE - Resolving type for handle ctworkbook83c3type
15:09:38.872 [main] TRACE - Resolving type for handle ctsheets49fdtype
15:09:38.875 [main] TRACE - Resolving type for handle ctsheet4dbetype
15:09:38.877 [main] TRACE - Resolving type for handle strelationshipid1e94type
15:09:38.879 [main] TRACE - Resolving type for handle worksheetf539doctype
15:09:38.883 [main] TRACE - Resolving type for handle ctworksheet530dtype
15:09:38.887 [main] TRACE - Resolving type for handle ctsheetdata8408type
15:09:38.889 [main] TRACE - Resolving type for handle ctrowdd39type
15:09:38.895 [main] TRACE - Resolving type for handle ctcell842btype
15:09:38.901 [main] TRACE - Resolving type for handle stcellrefe4e0type
15:09:38.908 [main] TRACE - Resolving type for handle ctcols627ctype
15:09:38.911 [main] TRACE - Resolving type for handle ctcola95ftype
15:09:38.919 [main] TRACE - Resolving type for handle cthyperlinks6416type
15:09:38.921 [main] TRACE - Resolving type for handle cthyperlink0c85type
15:09:38.926 [main] TRACE - Resolving type for handle stxstringf179type
15:09:38.929 [main] TRACE - Resolving type for handle stcelltypebf95type
15:14:23.931 [main] DEBUG - Parsing relationship: /xl/_rels/workbook.xml.rels
15:14:23.940 [main] DEBUG - Parsing relationship: /xl/worksheets/_rels/sheet1.xml.rels
15:14:23.941 [main] DEBUG - Parsing relationship: /_rels/.rels
15:14:24.109 [main] TRACE - Loading type system org.apache.poi.schemas.ooxml.system.ooxml
15:14:24.111 [main] TRACE - Loading type system org.apache.xmlbeans.metadata.system.sXMLCONFIG
15:14:24.111 [main] TRACE - Loading type system org.apache.xmlbeans.metadata.system.sXMLLANG
15:14:24.112 [main] TRACE - Loading type system org.apache.xmlbeans.metadata.system.sXMLSCHEMA
15:14:24.112 [main] TRACE - Loading type system org.apache.xmlbeans.metadata.system.sXMLTOOLS
15:14:24.114 [main] TRACE - Reading unresolved handles for type system org.apache.xmlbeans.metadata.system.sXMLTOOLS
15:14:24.125 [main] TRACE - Finished loading type system org.apache.xmlbeans.metadata.system.sXMLTOOLS
15:14:24.125 [main] TRACE - Reading unresolved handles for type system org.apache.xmlbeans.metadata.system.sXMLSCHEMA
15:14:24.135 [main] TRACE - Finished loading type system org.apache.xmlbeans.metadata.system.sXMLSCHEMA
15:14:24.139 [main] TRACE - Reading unresolved handles for type system org.apache.xmlbeans.metadata.system.sXMLLANG
15:14:24.140 [main] TRACE - Finished loading type system org.apache.xmlbeans.metadata.system.sXMLLANG
15:14:24.141 [main] TRACE - Reading unresolved handles for type system org.apache.xmlbeans.metadata.system.sXMLCONFIG
15:14:24.142 [main] TRACE - Finished loading type system org.apache.xmlbeans.metadata.system.sXMLCONFIG
15:14:24.143 [main] TRACE - Reading unresolved handles for type system org.apache.poi.schemas.ooxml.system.ooxml
15:14:24.202 [main] TRACE - Finished loading type system org.apache.poi.schemas.ooxml.system.ooxml
15:14:24.203 [main] TRACE - Resolving type for handle themefd26doctype
15:14:24.293 [main] TRACE - Resolving type for handle stylesheet5d8bdoctype
15:14:24.299 [main] TRACE - Resolving type for handle ctstylesheet4257type
15:14:24.304 [main] TRACE - Resolving type for handle ctfonts6623type
15:14:24.308 [main] TRACE - Resolving type for handle ctfont14d8type
15:14:24.313 [main] TRACE - Resolving type for handle ctfills2c6ftype
15:14:24.315 [main] TRACE - Resolving type for handle ctfill550ctype
15:14:24.318 [main] TRACE - Resolving type for handle ctborders0d66type
15:14:24.322 [main] TRACE - Resolving type for handle ctborderf935type
15:14:24.325 [main] TRACE - Resolving type for handle ctcellxfs1322type
15:14:24.328 [main] TRACE - Resolving type for handle ctxf97f7type
15:14:24.330 [main] TRACE - Resolving type for handle ctcellstylexfsa81ftype
15:14:24.333 [main] TRACE - Resolving type for handle ctdxfsb26atype
15:14:24.336 [main] TRACE - Resolving type for handle cttablestyles872ftype
15:14:24.341 [main] TRACE - Resolving type for handle sstf81fdoctype
15:14:24.345 [main] TRACE - Resolving type for handle ctsst44f3type
15:14:24.354 [main] TRACE - Resolving type for handle ctrsta472type
15:14:24.376 [main] TRACE - Resolving type for handle workbookec17doctype
15:14:24.385 [main] TRACE - Resolving type for handle ctworkbook83c3type
15:14:24.402 [main] TRACE - Resolving type for handle ctsheets49fdtype
15:14:24.405 [main] TRACE - Resolving type for handle ctsheet4dbetype
15:14:24.408 [main] TRACE - Resolving type for handle strelationshipid1e94type
15:14:24.411 [main] TRACE - Resolving type for handle worksheetf539doctype
15:14:24.420 [main] TRACE - Resolving type for handle ctworksheet530dtype
15:14:24.431 [main] TRACE - Resolving type for handle ctsheetdata8408type
15:14:24.437 [main] TRACE - Resolving type for handle ctrowdd39type
15:14:24.444 [main] TRACE - Resolving type for handle ctcell842btype
15:14:24.453 [main] TRACE - Resolving type for handle stcellrefe4e0type
15:14:24.463 [main] TRACE - Resolving type for handle ctcols627ctype
15:14:24.473 [main] TRACE - Resolving type for handle ctcola95ftype
15:14:24.496 [main] TRACE - Resolving type for handle cthyperlinks6416type
15:14:24.506 [main] TRACE - Resolving type for handle cthyperlink0c85type
15:14:24.537 [main] TRACE - Resolving type for handle stxstringf179type
15:14:24.546 [main] TRACE - Resolving type for handle stcelltypebf95type
15:16:29.418 [main] DEBUG - Parsing relationship: /xl/_rels/workbook.xml.rels
15:16:29.431 [main] DEBUG - Parsing relationship: /xl/worksheets/_rels/sheet1.xml.rels
15:16:29.438 [main] DEBUG - Parsing relationship: /_rels/.rels
15:16:29.580 [main] TRACE - Loading type system org.apache.poi.schemas.ooxml.system.ooxml
15:16:29.582 [main] TRACE - Loading type system org.apache.xmlbeans.metadata.system.sXMLCONFIG
15:16:29.583 [main] TRACE - Loading type system org.apache.xmlbeans.metadata.system.sXMLLANG
15:16:29.583 [main] TRACE - Loading type system org.apache.xmlbeans.metadata.system.sXMLSCHEMA
15:16:29.583 [main] TRACE - Loading type system org.apache.xmlbeans.metadata.system.sXMLTOOLS
15:16:29.585 [main] TRACE - Reading unresolved handles for type system org.apache.xmlbeans.metadata.system.sXMLTOOLS
15:16:29.615 [main] TRACE - Finished loading type system org.apache.xmlbeans.metadata.system.sXMLTOOLS
15:16:29.618 [main] TRACE - Reading unresolved handles for type system org.apache.xmlbeans.metadata.system.sXMLSCHEMA
15:16:29.622 [main] TRACE - Finished loading type system org.apache.xmlbeans.metadata.system.sXMLSCHEMA
15:16:29.625 [main] TRACE - Reading unresolved handles for type system org.apache.xmlbeans.metadata.system.sXMLLANG
15:16:29.626 [main] TRACE - Finished loading type system org.apache.xmlbeans.metadata.system.sXMLLANG
15:16:29.629 [main] TRACE - Reading unresolved handles for type system org.apache.xmlbeans.metadata.system.sXMLCONFIG
15:16:29.631 [main] TRACE - Finished loading type system org.apache.xmlbeans.metadata.system.sXMLCONFIG
15:16:29.632 [main] TRACE - Reading unresolved handles for type system org.apache.poi.schemas.ooxml.system.ooxml
