17:21:29.722 [main] TRACE - Finished loading type system org.apache.xmlbeans.metadata.system.sXMLLANG
17:21:29.743 [main] TRACE - Reading unresolved handles for type system org.apache.xmlbeans.metadata.system.sXMLCONFIG
17:21:29.744 [main] TRACE - Finished loading type system org.apache.xmlbeans.metadata.system.sXMLCONFIG
17:21:29.746 [main] TRACE - Reading unresolved handles for type system org.apache.poi.schemas.ooxml.system.ooxml
17:21:29.806 [main] TRACE - Finished loading type system org.apache.poi.schemas.ooxml.system.ooxml
17:21:29.807 [main] TRACE - Resolving type for handle themefd26doctype
17:21:29.920 [main] TRACE - Resolving type for handle stylesheet5d8bdoctype
17:21:29.926 [main] TRACE - Resolving type for handle ctstylesheet4257type
17:21:29.931 [main] TRACE - Resolving type for handle ctfonts6623type
17:21:29.936 [main] TRACE - Resolving type for handle ctfont14d8type
17:21:29.946 [main] TRACE - Resolving type for handle ctfills2c6ftype
17:21:29.949 [main] TRACE - Resolving type for handle ctfill550ctype
17:21:29.954 [main] TRACE - Resolving type for handle ctborders0d66type
17:21:29.956 [main] TRACE - Resolving type for handle ctborderf935type
17:21:29.959 [main] TRACE - Resolving type for handle ctcellxfs1322type
17:21:29.965 [main] TRACE - Resolving type for handle ctxf97f7type
17:21:29.971 [main] TRACE - Resolving type for handle ctcellstylexfsa81ftype
17:21:29.976 [main] TRACE - Resolving type for handle ctdxfsb26atype
17:21:29.985 [main] TRACE - Resolving type for handle cttablestyles872ftype
17:21:29.989 [main] TRACE - Resolving type for handle sstf81fdoctype
17:21:29.998 [main] TRACE - Resolving type for handle ctsst44f3type
17:21:30.037 [main] TRACE - Resolving type for handle ctrsta472type
17:21:30.126 [main] TRACE - Resolving type for handle workbookec17doctype
17:21:30.133 [main] TRACE - Resolving type for handle ctworkbook83c3type
17:21:30.180 [main] TRACE - Resolving type for handle ctsheets49fdtype
17:21:30.184 [main] TRACE - Resolving type for handle ctsheet4dbetype
17:21:30.190 [main] TRACE - Resolving type for handle strelationshipid1e94type
17:21:30.194 [main] TRACE - Resolving type for handle worksheetf539doctype
17:21:30.205 [main] TRACE - Resolving type for handle ctworksheet530dtype
17:21:30.261 [main] TRACE - Resolving type for handle ctsheetdata8408type
17:21:30.265 [main] TRACE - Resolving type for handle ctrowdd39type
17:21:30.272 [main] TRACE - Resolving type for handle ctcell842btype
17:21:30.290 [main] TRACE - Resolving type for handle stcellrefe4e0type
17:21:30.299 [main] TRACE - Resolving type for handle ctcols627ctype
17:21:30.311 [main] TRACE - Resolving type for handle ctcola95ftype
17:21:30.348 [main] TRACE - Resolving type for handle cthyperlinks6416type
17:21:30.359 [main] TRACE - Resolving type for handle cthyperlink0c85type
17:21:30.394 [main] TRACE - Resolving type for handle stxstringf179type
17:21:30.403 [main] TRACE - Resolving type for handle stcelltypebf95type
17:34:51.669 [main] DEBUG - Parsing relationship: /xl/_rels/workbook.xml.rels
17:34:51.689 [main] DEBUG - Parsing relationship: /xl/worksheets/_rels/sheet1.xml.rels
17:34:51.691 [main] DEBUG - Parsing relationship: /_rels/.rels
17:34:52.115 [main] TRACE - Loading type system org.apache.poi.schemas.ooxml.system.ooxml
17:34:52.120 [main] TRACE - Loading type system org.apache.xmlbeans.metadata.system.sXMLCONFIG
17:34:52.121 [main] TRACE - Loading type system org.apache.xmlbeans.metadata.system.sXMLLANG
17:34:52.122 [main] TRACE - Loading type system org.apache.xmlbeans.metadata.system.sXMLSCHEMA
17:34:52.123 [main] TRACE - Loading type system org.apache.xmlbeans.metadata.system.sXMLTOOLS
17:34:52.127 [main] TRACE - Reading unresolved handles for type system org.apache.xmlbeans.metadata.system.sXMLTOOLS
17:34:52.159 [main] TRACE - Finished loading type system org.apache.xmlbeans.metadata.system.sXMLTOOLS
17:34:52.162 [main] TRACE - Reading unresolved handles for type system org.apache.xmlbeans.metadata.system.sXMLSCHEMA
17:34:52.173 [main] TRACE - Finished loading type system org.apache.xmlbeans.metadata.system.sXMLSCHEMA
17:34:52.176 [main] TRACE - Reading unresolved handles for type system org.apache.xmlbeans.metadata.system.sXMLLANG
17:34:52.178 [main] TRACE - Finished loading type system org.apache.xmlbeans.metadata.system.sXMLLANG
17:34:52.181 [main] TRACE - Reading unresolved handles for type system org.apache.xmlbeans.metadata.system.sXMLCONFIG
17:34:52.183 [main] TRACE - Finished loading type system org.apache.xmlbeans.metadata.system.sXMLCONFIG
17:34:52.185 [main] TRACE - Reading unresolved handles for type system org.apache.poi.schemas.ooxml.system.ooxml
17:34:52.309 [main] TRACE - Finished loading type system org.apache.poi.schemas.ooxml.system.ooxml
17:34:52.311 [main] TRACE - Resolving type for handle themefd26doctype
17:34:52.472 [main] TRACE - Resolving type for handle stylesheet5d8bdoctype
17:34:52.484 [main] TRACE - Resolving type for handle ctstylesheet4257type
17:34:52.497 [main] TRACE - Resolving type for handle ctfonts6623type
17:34:52.504 [main] TRACE - Resolving type for handle ctfont14d8type
17:34:52.516 [main] TRACE - Resolving type for handle ctfills2c6ftype
17:34:52.523 [main] TRACE - Resolving type for handle ctfill550ctype
17:34:52.529 [main] TRACE - Resolving type for handle ctborders0d66type
17:34:52.536 [main] TRACE - Resolving type for handle ctborderf935type
17:34:52.545 [main] TRACE - Resolving type for handle ctcellxfs1322type
17:34:52.551 [main] TRACE - Resolving type for handle ctxf97f7type
17:34:52.560 [main] TRACE - Resolving type for handle ctcellstylexfsa81ftype
17:34:52.566 [main] TRACE - Resolving type for handle ctdxfsb26atype
17:34:52.573 [main] TRACE - Resolving type for handle cttablestyles872ftype
17:34:52.582 [main] TRACE - Resolving type for handle sstf81fdoctype
17:34:52.593 [main] TRACE - Resolving type for handle ctsst44f3type
17:34:52.620 [main] TRACE - Resolving type for handle ctrsta472type
17:34:52.668 [main] TRACE - Resolving type for handle workbookec17doctype
17:34:52.684 [main] TRACE - Resolving type for handle ctworkbook83c3type
17:34:52.698 [main] TRACE - Resolving type for handle ctsheets49fdtype
17:34:52.705 [main] TRACE - Resolving type for handle ctsheet4dbetype
17:34:52.711 [main] TRACE - Resolving type for handle strelationshipid1e94type
17:34:52.718 [main] TRACE - Resolving type for handle worksheetf539doctype
17:34:52.733 [main] TRACE - Resolving type for handle ctworksheet530dtype
17:34:52.745 [main] TRACE - Resolving type for handle ctsheetdata8408type
17:34:52.752 [main] TRACE - Resolving type for handle ctrowdd39type
17:34:52.765 [main] TRACE - Resolving type for handle ctcell842btype
17:34:52.782 [main] TRACE - Resolving type for handle stcellrefe4e0type
17:34:52.798 [main] TRACE - Resolving type for handle ctcols627ctype
17:34:52.813 [main] TRACE - Resolving type for handle ctcola95ftype
17:34:52.843 [main] TRACE - Resolving type for handle cthyperlinks6416type
17:34:52.851 [main] TRACE - Resolving type for handle cthyperlink0c85type
17:34:52.866 [main] TRACE - Resolving type for handle stxstringf179type
17:34:52.872 [main] TRACE - Resolving type for handle stcelltypebf95type
17:42:22.370 [main] DEBUG - Parsing relationship: /xl/_rels/workbook.xml.rels
17:42:22.379 [main] DEBUG - Parsing relationship: /xl/worksheets/_rels/sheet1.xml.rels
17:42:22.380 [main] DEBUG - Parsing relationship: /_rels/.rels
17:42:22.575 [main] TRACE - Loading type system org.apache.poi.schemas.ooxml.system.ooxml
17:42:22.577 [main] TRACE - Loading type system org.apache.xmlbeans.metadata.system.sXMLCONFIG
17:42:22.577 [main] TRACE - Loading type system org.apache.xmlbeans.metadata.system.sXMLLANG
17:42:22.578 [main] TRACE - Loading type system org.apache.xmlbeans.metadata.system.sXMLSCHEMA
17:42:22.578 [main] TRACE - Loading type system org.apache.xmlbeans.metadata.system.sXMLTOOLS
17:42:22.580 [main] TRACE - Reading unresolved handles for type system org.apache.xmlbeans.metadata.system.sXMLTOOLS
17:42:22.605 [main] TRACE - Finished loading type system org.apache.xmlbeans.metadata.system.sXMLTOOLS
17:42:22.607 [main] TRACE - Reading unresolved handles for type system org.apache.xmlbeans.metadata.system.sXMLSCHEMA
17:42:22.612 [main] TRACE - Finished loading type system org.apache.xmlbeans.metadata.system.sXMLSCHEMA
17:42:22.613 [main] TRACE - Reading unresolved handles for type system org.apache.xmlbeans.metadata.system.sXMLLANG
17:42:22.614 [main] TRACE - Finished loading type system org.apache.xmlbeans.metadata.system.sXMLLANG
17:42:22.615 [main] TRACE - Reading unresolved handles for type system org.apache.xmlbeans.metadata.system.sXMLCONFIG
17:42:22.616 [main] TRACE - Finished loading type system org.apache.xmlbeans.metadata.system.sXMLCONFIG
17:42:22.618 [main] TRACE - Reading unresolved handles for type system org.apache.poi.schemas.ooxml.system.ooxml
17:42:22.690 [main] TRACE - Finished loading type system org.apache.poi.schemas.ooxml.system.ooxml
17:42:22.691 [main] TRACE - Resolving type for handle themefd26doctype
17:42:22.833 [main] TRACE - Resolving type for handle stylesheet5d8bdoctype
17:42:22.845 [main] TRACE - Resolving type for handle ctstylesheet4257type
17:42:22.852 [main] TRACE - Resolving type for handle ctfonts6623type
17:42:22.858 [main] TRACE - Resolving type for handle ctfont14d8type
17:42:22.871 [main] TRACE - Resolving type for handle ctfills2c6ftype
17:42:22.877 [main] TRACE - Resolving type for handle ctfill550ctype
17:42:22.881 [main] TRACE - Resolving type for handle ctborders0d66type
17:42:22.887 [main] TRACE - Resolving type for handle ctborderf935type
17:42:22.894 [main] TRACE - Resolving type for handle ctcellxfs1322type
17:42:22.900 [main] TRACE - Resolving type for handle ctxf97f7type
17:42:22.907 [main] TRACE - Resolving type for handle ctcellstylexfsa81ftype
17:42:22.912 [main] TRACE - Resolving type for handle ctdxfsb26atype
17:42:22.918 [main] TRACE - Resolving type for handle cttablestyles872ftype
17:42:22.928 [main] TRACE - Resolving type for handle sstf81fdoctype
17:42:22.934 [main] TRACE - Resolving type for handle ctsst44f3type
17:42:22.949 [main] TRACE - Resolving type for handle ctrsta472type
17:42:22.981 [main] TRACE - Resolving type for handle workbookec17doctype
17:42:22.990 [main] TRACE - Resolving type for handle ctworkbook83c3type
17:42:23.007 [main] TRACE - Resolving type for handle ctsheets49fdtype
17:42:23.012 [main] TRACE - Resolving type for handle ctsheet4dbetype
17:42:23.018 [main] TRACE - Resolving type for handle strelationshipid1e94type
17:42:23.025 [main] TRACE - Resolving type for handle worksheetf539doctype
17:42:23.033 [main] TRACE - Resolving type for handle ctworksheet530dtype
17:42:23.044 [main] TRACE - Resolving type for handle ctsheetdata8408type
17:42:23.050 [main] TRACE - Resolving type for handle ctrowdd39type
17:42:23.061 [main] TRACE - Resolving type for handle ctcell842btype
17:42:23.077 [main] TRACE - Resolving type for handle stcellrefe4e0type
17:42:23.099 [main] TRACE - Resolving type for handle ctcols627ctype
17:42:23.113 [main] TRACE - Resolving type for handle ctcola95ftype
17:42:23.148 [main] TRACE - Resolving type for handle cthyperlinks6416type
17:42:23.158 [main] TRACE - Resolving type for handle cthyperlink0c85type
17:42:23.177 [main] TRACE - Resolving type for handle stxstringf179type
17:42:23.185 [main] TRACE - Resolving type for handle stcelltypebf95type
17:45:31.497 [main] TRACE - Loading type system org.apache.poi.schemas.ooxml.system.ooxml
17:45:31.501 [main] TRACE - Loading type system org.apache.xmlbeans.metadata.system.sXMLCONFIG
17:45:31.501 [main] TRACE - Loading type system org.apache.xmlbeans.metadata.system.sXMLLANG
17:45:31.501 [main] TRACE - Loading type system org.apache.xmlbeans.metadata.system.sXMLSCHEMA
17:45:31.502 [main] TRACE - Loading type system org.apache.xmlbeans.metadata.system.sXMLTOOLS
17:45:31.502 [main] TRACE - Reading unresolved handles for type system org.apache.xmlbeans.metadata.system.sXMLTOOLS
17:45:31.512 [main] TRACE - Finished loading type system org.apache.xmlbeans.metadata.system.sXMLTOOLS
17:45:31.513 [main] TRACE - Reading unresolved handles for type system org.apache.xmlbeans.metadata.system.sXMLSCHEMA
17:45:31.515 [main] TRACE - Finished loading type system org.apache.xmlbeans.metadata.system.sXMLSCHEMA
17:45:31.517 [main] TRACE - Reading unresolved handles for type system org.apache.xmlbeans.metadata.system.sXMLLANG
17:45:31.518 [main] TRACE - Finished loading type system org.apache.xmlbeans.metadata.system.sXMLLANG
17:45:31.519 [main] TRACE - Reading unresolved handles for type system org.apache.xmlbeans.metadata.system.sXMLCONFIG
17:45:31.519 [main] TRACE - Finished loading type system org.apache.xmlbeans.metadata.system.sXMLCONFIG
17:45:31.520 [main] TRACE - Reading unresolved handles for type system org.apache.poi.schemas.ooxml.system.ooxml
17:45:31.547 [main] TRACE - Finished loading type system org.apache.poi.schemas.ooxml.system.ooxml
17:45:31.547 [main] TRACE - Resolving type for handle ctworkbook83c3type
17:45:31.575 [main] TRACE - Resolving type for handle ctworkbookpr03a5type
17:45:31.585 [main] TRACE - Resolving type for handle ctbookviewsb864type
17:45:31.592 [main] TRACE - Resolving type for handle ctbookviewf677type
17:45:31.597 [main] TRACE - Resolving type for handle ctsheets49fdtype
17:45:31.599 [main] TRACE - Resolving type for handle propertiesee84doctype
17:45:31.600 [main] TRACE - Resolving type for handle ctproperties3f10type
17:45:31.603 [main] TRACE - Resolving type for handle properties288cdoctype
17:45:31.604 [main] TRACE - Resolving type for handle ctproperties2c18type
17:45:31.607 [main] TRACE - Resolving type for handle sstf81fdoctype
17:45:31.608 [main] TRACE - Resolving type for handle ctsst44f3type
17:45:31.611 [main] TRACE - Resolving type for handle stylesheet5d8bdoctype
17:45:31.611 [main] TRACE - Resolving type for handle ctstylesheet4257type
17:45:31.614 [main] TRACE - Resolving type for handle ctfont14d8type
17:45:31.618 [main] TRACE - Resolving type for handle ctfontsizeb3b9type
17:45:31.622 [main] TRACE - Resolving type for handle ctcolord2c2type
17:45:31.625 [main] TRACE - Resolving type for handle ctfontname2dc3type
17:45:31.626 [main] TRACE - Resolving type for handle stxstringf179type
17:45:31.628 [main] TRACE - Resolving type for handle ctfontfamily685ctype
17:45:31.630 [main] TRACE - Resolving type for handle stfontfamily9c6ctype
17:45:31.633 [main] TRACE - Resolving type for handle ctfontschemebf5dtype
17:45:31.636 [main] TRACE - Resolving type for handle stfontschemef36dtype
17:45:31.641 [main] TRACE - Resolving type for handle ctfill550ctype
17:45:31.644 [main] TRACE - Resolving type for handle ctpatternfill7452type
17:45:31.647 [main] TRACE - Resolving type for handle stpatterntype7939type
17:45:31.649 [main] TRACE - Resolving type for handle ctborderf935type
17:45:31.652 [main] TRACE - Resolving type for handle ctborderpre497type
17:45:31.655 [main] TRACE - Resolving type for handle ctxf97f7type
17:45:31.657 [main] TRACE - Resolving type for handle stnumfmtid76fbtype
17:45:31.659 [main] TRACE - Resolving type for handle stfontid9d63type
17:45:31.661 [main] TRACE - Resolving type for handle stfillida097type
17:45:31.662 [main] TRACE - Resolving type for handle stborderid1a80type
17:45:31.664 [main] TRACE - Resolving type for handle stcellstylexfid70c7type
17:45:31.668 [main] TRACE - Resolving type for handle ctsheet4dbetype
17:45:31.671 [main] TRACE - Resolving type for handle ctworksheet530dtype
17:45:31.676 [main] TRACE - Resolving type for handle ctsheetformatprdef7type
17:45:31.680 [main] TRACE - Resolving type for handle ctsheetviewsb918type
17:45:31.683 [main] TRACE - Resolving type for handle ctsheetview0f43type
17:45:31.691 [main] TRACE - Resolving type for handle ctsheetdimensiond310type
17:45:31.694 [main] TRACE - Resolving type for handle stref90a2type
17:45:31.696 [main] TRACE - Resolving type for handle ctsheetdata8408type
17:45:31.700 [main] TRACE - Resolving type for handle ctpagemargins5455type
17:45:31.709 [main] TRACE - Resolving type for handle ctcols627ctype
17:45:31.711 [main] TRACE - Resolving type for handle strelationshipid1e94type
17:45:31.712 [main] TRACE - Resolving type for handle ctrowdd39type
17:45:31.717 [main] TRACE - Resolving type for handle ctcell842btype
17:45:31.726 [main] TRACE - Resolving type for handle stcellrefe4e0type
17:45:31.729 [main] TRACE - Resolving type for handle ctrsta472type
17:45:31.734 [main] TRACE - Resolving type for handle stcelltypebf95type
17:45:31.780 [main] TRACE - Resolving type for handle ctnumfmtsb58btype
17:45:31.783 [main] TRACE - Resolving type for handle ctfonts6623type
17:45:31.787 [main] TRACE - Resolving type for handle ctfills2c6ftype
17:45:31.790 [main] TRACE - Resolving type for handle ctborders0d66type
17:45:31.793 [main] TRACE - Resolving type for handle ctcellxfs1322type
17:45:31.795 [main] TRACE - Resolving type for handle ctcellstylexfsa81ftype
17:45:31.820 [main] DEBUG - Save core properties part
17:45:31.821 [main] DEBUG - Save content types part
17:45:31.924 [main] DEBUG - Save package relationships
17:45:31.930 [main] DEBUG - Save part 'docProps/app.xml'
17:45:31.933 [main] DEBUG - Save part 'docProps/core.xml'
17:45:31.940 [main] DEBUG - Save part 'xl/sharedStrings.xml'
17:45:31.941 [main] DEBUG - Save part 'xl/styles.xml'
17:45:31.941 [main] DEBUG - Save part 'xl/workbook.xml'
17:45:31.942 [main] DEBUG - Save part 'xl/worksheets/sheet1.xml'
17:45:31.957 [main] DEBUG - Save content types part
17:45:31.959 [main] DEBUG - Save package relationships
17:45:31.960 [main] DEBUG - Save part 'docProps/app.xml'
17:45:31.960 [main] DEBUG - Save part 'docProps/core.xml'
17:45:31.961 [main] DEBUG - Save part 'xl/sharedStrings.xml'
17:45:31.961 [main] DEBUG - Save part 'xl/styles.xml'
17:45:31.962 [main] DEBUG - Save part 'xl/workbook.xml'
17:45:31.962 [main] DEBUG - Save part 'xl/worksheets/sheet1.xml'
17:48:24.139 [main] INFO  - Goto my account-->Click on Login.. 
17:48:24.326 [main] INFO  - Goto my account-->Select the destination place.. 
17:48:53.871 [main] INFO  - Goto my account-->Click on Login.. 
17:48:54.136 [main] INFO  - Goto my account-->Select the destination place.. 
17:49:48.705 [main] INFO  - Goto my account-->Click on Login.. 
17:49:48.974 [main] INFO  - Goto my account-->Select the destination place.. 
17:50:22.209 [main] INFO  - Goto my account-->Click on Login.. 
17:50:22.391 [main] INFO  - Goto my account-->Select the destination place.. 
17:50:59.825 [main] TRACE - Loading type system org.apache.poi.schemas.ooxml.system.ooxml
17:50:59.827 [main] TRACE - Loading type system org.apache.xmlbeans.metadata.system.sXMLCONFIG
17:50:59.827 [main] TRACE - Loading type system org.apache.xmlbeans.metadata.system.sXMLLANG
17:50:59.827 [main] TRACE - Loading type system org.apache.xmlbeans.metadata.system.sXMLSCHEMA
17:50:59.828 [main] TRACE - Loading type system org.apache.xmlbeans.metadata.system.sXMLTOOLS
17:50:59.828 [main] TRACE - Reading unresolved handles for type system org.apache.xmlbeans.metadata.system.sXMLTOOLS
17:50:59.839 [main] TRACE - Finished loading type system org.apache.xmlbeans.metadata.system.sXMLTOOLS
17:50:59.840 [main] TRACE - Reading unresolved handles for type system org.apache.xmlbeans.metadata.system.sXMLSCHEMA
17:50:59.842 [main] TRACE - Finished loading type system org.apache.xmlbeans.metadata.system.sXMLSCHEMA
17:50:59.843 [main] TRACE - Reading unresolved handles for type system org.apache.xmlbeans.metadata.system.sXMLLANG
17:50:59.844 [main] TRACE - Finished loading type system org.apache.xmlbeans.metadata.system.sXMLLANG
17:50:59.844 [main] TRACE - Reading unresolved handles for type system org.apache.xmlbeans.metadata.system.sXMLCONFIG
17:50:59.845 [main] TRACE - Finished loading type system org.apache.xmlbeans.metadata.system.sXMLCONFIG
17:50:59.845 [main] TRACE - Reading unresolved handles for type system org.apache.poi.schemas.ooxml.system.ooxml
17:50:59.876 [main] TRACE - Finished loading type system org.apache.poi.schemas.ooxml.system.ooxml
17:50:59.877 [main] TRACE - Resolving type for handle ctworkbook83c3type
17:50:59.914 [main] TRACE - Resolving type for handle ctworkbookpr03a5type
17:50:59.921 [main] TRACE - Resolving type for handle ctbookviewsb864type
17:50:59.923 [main] TRACE - Resolving type for handle ctbookviewf677type
17:50:59.927 [main] TRACE - Resolving type for handle ctsheets49fdtype
17:50:59.929 [main] TRACE - Resolving type for handle propertiesee84doctype
17:50:59.930 [main] TRACE - Resolving type for handle ctproperties3f10type
17:50:59.935 [main] TRACE - Resolving type for handle properties288cdoctype
17:50:59.936 [main] TRACE - Resolving type for handle ctproperties2c18type
17:50:59.941 [main] TRACE - Resolving type for handle sstf81fdoctype
17:50:59.942 [main] TRACE - Resolving type for handle ctsst44f3type
17:50:59.944 [main] TRACE - Resolving type for handle stylesheet5d8bdoctype
17:50:59.946 [main] TRACE - Resolving type for handle ctstylesheet4257type
17:50:59.948 [main] TRACE - Resolving type for handle ctfont14d8type
17:50:59.954 [main] TRACE - Resolving type for handle ctfontsizeb3b9type
17:50:59.956 [main] TRACE - Resolving type for handle ctcolord2c2type
17:50:59.959 [main] TRACE - Resolving type for handle ctfontname2dc3type
17:50:59.961 [main] TRACE - Resolving type for handle stxstringf179type
17:50:59.963 [main] TRACE - Resolving type for handle ctfontfamily685ctype
17:50:59.964 [main] TRACE - Resolving type for handle stfontfamily9c6ctype
17:50:59.966 [main] TRACE - Resolving type for handle ctfontschemebf5dtype
17:50:59.968 [main] TRACE - Resolving type for handle stfontschemef36dtype
17:50:59.970 [main] TRACE - Resolving type for handle ctfill550ctype
17:50:59.971 [main] TRACE - Resolving type for handle ctpatternfill7452type
17:50:59.975 [main] TRACE - Resolving type for handle stpatterntype7939type
17:50:59.977 [main] TRACE - Resolving type for handle ctborderf935type
17:50:59.979 [main] TRACE - Resolving type for handle ctborderpre497type
17:50:59.984 [main] TRACE - Resolving type for handle ctxf97f7type
17:50:59.986 [main] TRACE - Resolving type for handle stnumfmtid76fbtype
17:50:59.987 [main] TRACE - Resolving type for handle stfontid9d63type
17:50:59.988 [main] TRACE - Resolving type for handle stfillida097type
17:50:59.988 [main] TRACE - Resolving type for handle stborderid1a80type
17:50:59.989 [main] TRACE - Resolving type for handle stcellstylexfid70c7type
17:50:59.994 [main] TRACE - Resolving type for handle ctsheet4dbetype
17:50:59.999 [main] TRACE - Resolving type for handle ctworksheet530dtype
17:51:00.003 [main] TRACE - Resolving type for handle ctsheetformatprdef7type
17:51:00.007 [main] TRACE - Resolving type for handle ctsheetviewsb918type
17:51:00.011 [main] TRACE - Resolving type for handle ctsheetview0f43type
17:51:00.022 [main] TRACE - Resolving type for handle ctsheetdimensiond310type
17:51:00.023 [main] TRACE - Resolving type for handle stref90a2type
17:51:00.025 [main] TRACE - Resolving type for handle ctsheetdata8408type
17:51:00.026 [main] TRACE - Resolving type for handle ctpagemargins5455type
17:51:00.037 [main] TRACE - Resolving type for handle ctcols627ctype
17:51:00.042 [main] TRACE - Resolving type for handle strelationshipid1e94type
17:51:00.045 [main] TRACE - Resolving type for handle ctrowdd39type
17:51:00.050 [main] TRACE - Resolving type for handle ctcell842btype
17:51:00.057 [main] TRACE - Resolving type for handle stcellrefe4e0type
17:51:00.061 [main] TRACE - Resolving type for handle ctrsta472type
17:51:00.068 [main] TRACE - Resolving type for handle stcelltypebf95type
17:51:00.102 [main] TRACE - Resolving type for handle ctnumfmtsb58btype
17:51:00.105 [main] TRACE - Resolving type for handle ctfonts6623type
17:51:00.109 [main] TRACE - Resolving type for handle ctfills2c6ftype
17:51:00.113 [main] TRACE - Resolving type for handle ctborders0d66type
17:51:00.115 [main] TRACE - Resolving type for handle ctcellxfs1322type
17:51:00.118 [main] TRACE - Resolving type for handle ctcellstylexfsa81ftype
17:51:00.139 [main] DEBUG - Save core properties part
17:51:00.139 [main] DEBUG - Save content types part
17:51:00.233 [main] DEBUG - Save package relationships
17:51:00.241 [main] DEBUG - Save part 'docProps/app.xml'
17:51:00.243 [main] DEBUG - Save part 'docProps/core.xml'
17:51:00.251 [main] DEBUG - Save part 'xl/sharedStrings.xml'
17:51:00.251 [main] DEBUG - Save part 'xl/styles.xml'
17:51:00.251 [main] DEBUG - Save part 'xl/workbook.xml'
17:51:00.253 [main] DEBUG - Save part 'xl/worksheets/sheet1.xml'
17:51:00.271 [main] DEBUG - Save content types part
17:51:00.273 [main] DEBUG - Save package relationships
17:51:00.274 [main] DEBUG - Save part 'docProps/app.xml'
17:51:00.274 [main] DEBUG - Save part 'docProps/core.xml'
17:51:00.275 [main] DEBUG - Save part 'xl/sharedStrings.xml'
17:51:00.275 [main] DEBUG - Save part 'xl/styles.xml'
17:51:00.275 [main] DEBUG - Save part 'xl/workbook.xml'
17:51:00.276 [main] DEBUG - Save part 'xl/worksheets/sheet1.xml'
17:52:14.467 [main] INFO  - Goto my account-->Click on Login.. 
17:52:14.664 [main] INFO  - Goto my account-->Select the destination place.. 
17:52:40.869 [main] INFO  - Goto my account-->Click on Login.. 
17:52:41.092 [main] INFO  - Goto my account-->Select the destination place.. 
17:53:09.250 [main] TRACE - Loading type system org.apache.poi.schemas.ooxml.system.ooxml
17:53:09.251 [main] TRACE - Loading type system org.apache.xmlbeans.metadata.system.sXMLCONFIG
17:53:09.251 [main] TRACE - Loading type system org.apache.xmlbeans.metadata.system.sXMLLANG
17:53:09.251 [main] TRACE - Loading type system org.apache.xmlbeans.metadata.system.sXMLSCHEMA
17:53:09.252 [main] TRACE - Loading type system org.apache.xmlbeans.metadata.system.sXMLTOOLS
17:53:09.252 [main] TRACE - Reading unresolved handles for type system org.apache.xmlbeans.metadata.system.sXMLTOOLS
17:53:09.259 [main] TRACE - Finished loading type system org.apache.xmlbeans.metadata.system.sXMLTOOLS
17:53:09.259 [main] TRACE - Reading unresolved handles for type system org.apache.xmlbeans.metadata.system.sXMLSCHEMA
17:53:09.261 [main] TRACE - Finished loading type system org.apache.xmlbeans.metadata.system.sXMLSCHEMA
17:53:09.262 [main] TRACE - Reading unresolved handles for type system org.apache.xmlbeans.metadata.system.sXMLLANG
17:53:09.263 [main] TRACE - Finished loading type system org.apache.xmlbeans.metadata.system.sXMLLANG
17:53:09.264 [main] TRACE - Reading unresolved handles for type system org.apache.xmlbeans.metadata.system.sXMLCONFIG
17:53:09.264 [main] TRACE - Finished loading type system org.apache.xmlbeans.metadata.system.sXMLCONFIG
17:53:09.264 [main] TRACE - Reading unresolved handles for type system org.apache.poi.schemas.ooxml.system.ooxml
17:53:09.296 [main] TRACE - Finished loading type system org.apache.poi.schemas.ooxml.system.ooxml
17:53:09.297 [main] TRACE - Resolving type for handle ctworkbook83c3type
17:53:09.334 [main] TRACE - Resolving type for handle ctworkbookpr03a5type
17:53:09.339 [main] TRACE - Resolving type for handle ctbookviewsb864type
17:53:09.342 [main] TRACE - Resolving type for handle ctbookviewf677type
17:53:09.347 [main] TRACE - Resolving type for handle ctsheets49fdtype
17:53:09.349 [main] TRACE - Resolving type for handle propertiesee84doctype
17:53:09.351 [main] TRACE - Resolving type for handle ctproperties3f10type
17:53:09.354 [main] TRACE - Resolving type for handle properties288cdoctype
17:53:09.355 [main] TRACE - Resolving type for handle ctproperties2c18type
17:53:09.358 [main] TRACE - Resolving type for handle sstf81fdoctype
17:53:09.359 [main] TRACE - Resolving type for handle ctsst44f3type
17:53:09.364 [main] TRACE - Resolving type for handle stylesheet5d8bdoctype
17:53:09.366 [main] TRACE - Resolving type for handle ctstylesheet4257type
17:53:09.368 [main] TRACE - Resolving type for handle ctfont14d8type
17:53:09.372 [main] TRACE - Resolving type for handle ctfontsizeb3b9type
17:53:09.374 [main] TRACE - Resolving type for handle ctcolord2c2type
17:53:09.376 [main] TRACE - Resolving type for handle ctfontname2dc3type
17:53:09.377 [main] TRACE - Resolving type for handle stxstringf179type
17:53:09.380 [main] TRACE - Resolving type for handle ctfontfamily685ctype
17:53:09.381 [main] TRACE - Resolving type for handle stfontfamily9c6ctype
17:53:09.384 [main] TRACE - Resolving type for handle ctfontschemebf5dtype
17:53:09.387 [main] TRACE - Resolving type for handle stfontschemef36dtype
17:53:09.389 [main] TRACE - Resolving type for handle ctfill550ctype
17:53:09.390 [main] TRACE - Resolving type for handle ctpatternfill7452type
17:53:09.392 [main] TRACE - Resolving type for handle stpatterntype7939type
17:53:09.395 [main] TRACE - Resolving type for handle ctborderf935type
17:53:09.398 [main] TRACE - Resolving type for handle ctborderpre497type
17:53:09.403 [main] TRACE - Resolving type for handle ctxf97f7type
17:53:09.411 [main] TRACE - Resolving type for handle stnumfmtid76fbtype
17:53:09.412 [main] TRACE - Resolving type for handle stfontid9d63type
17:53:09.413 [main] TRACE - Resolving type for handle stfillida097type
17:53:09.414 [main] TRACE - Resolving type for handle stborderid1a80type
17:53:09.415 [main] TRACE - Resolving type for handle stcellstylexfid70c7type
17:53:09.419 [main] TRACE - Resolving type for handle ctsheet4dbetype
17:53:09.423 [main] TRACE - Resolving type for handle ctworksheet530dtype
17:53:09.429 [main] TRACE - Resolving type for handle ctsheetformatprdef7type
17:53:09.434 [main] TRACE - Resolving type for handle ctsheetviewsb918type
17:53:09.436 [main] TRACE - Resolving type for handle ctsheetview0f43type
17:53:09.447 [main] TRACE - Resolving type for handle ctsheetdimensiond310type
17:53:09.449 [main] TRACE - Resolving type for handle stref90a2type
17:53:09.451 [main] TRACE - Resolving type for handle ctsheetdata8408type
17:53:09.452 [main] TRACE - Resolving type for handle ctpagemargins5455type
17:53:09.457 [main] TRACE - Resolving type for handle ctcols627ctype
17:53:09.459 [main] TRACE - Resolving type for handle strelationshipid1e94type
17:53:09.462 [main] TRACE - Resolving type for handle ctrowdd39type
17:53:09.476 [main] TRACE - Resolving type for handle ctcell842btype
17:53:09.482 [main] TRACE - Resolving type for handle stcellrefe4e0type
17:53:09.487 [main] TRACE - Resolving type for handle ctrsta472type
17:53:09.491 [main] TRACE - Resolving type for handle stcelltypebf95type
17:53:09.516 [main] TRACE - Resolving type for handle ctnumfmtsb58btype
17:53:09.519 [main] TRACE - Resolving type for handle ctfonts6623type
17:53:09.523 [main] TRACE - Resolving type for handle ctfills2c6ftype
17:53:09.526 [main] TRACE - Resolving type for handle ctborders0d66type
17:53:09.530 [main] TRACE - Resolving type for handle ctcellxfs1322type
17:53:09.532 [main] TRACE - Resolving type for handle ctcellstylexfsa81ftype
17:53:09.550 [main] DEBUG - Save core properties part
17:53:09.550 [main] DEBUG - Save content types part
17:53:09.623 [main] DEBUG - Save package relationships
17:53:09.627 [main] DEBUG - Save part 'docProps/app.xml'
17:53:09.629 [main] DEBUG - Save part 'docProps/core.xml'
17:53:09.636 [main] DEBUG - Save part 'xl/sharedStrings.xml'
17:53:09.636 [main] DEBUG - Save part 'xl/styles.xml'
17:53:09.636 [main] DEBUG - Save part 'xl/workbook.xml'
17:53:09.637 [main] DEBUG - Save part 'xl/worksheets/sheet1.xml'
17:53:09.654 [main] DEBUG - Save content types part
17:53:09.655 [main] DEBUG - Save package relationships
17:53:09.656 [main] DEBUG - Save part 'docProps/app.xml'
17:53:09.656 [main] DEBUG - Save part 'docProps/core.xml'
17:53:09.657 [main] DEBUG - Save part 'xl/sharedStrings.xml'
17:53:09.657 [main] DEBUG - Save part 'xl/styles.xml'
17:53:09.657 [main] DEBUG - Save part 'xl/workbook.xml'
17:53:09.658 [main] DEBUG - Save part 'xl/worksheets/sheet1.xml'
17:54:18.673 [main] TRACE - Loading type system org.apache.poi.schemas.ooxml.system.ooxml
17:54:18.680 [main] TRACE - Loading type system org.apache.xmlbeans.metadata.system.sXMLCONFIG
17:54:18.682 [main] TRACE - Loading type system org.apache.xmlbeans.metadata.system.sXMLLANG
17:54:18.683 [main] TRACE - Loading type system org.apache.xmlbeans.metadata.system.sXMLSCHEMA
17:54:18.684 [main] TRACE - Loading type system org.apache.xmlbeans.metadata.system.sXMLTOOLS
17:54:18.686 [main] TRACE - Reading unresolved handles for type system org.apache.xmlbeans.metadata.system.sXMLTOOLS
17:54:18.706 [main] TRACE - Finished loading type system org.apache.xmlbeans.metadata.system.sXMLTOOLS
17:54:18.707 [main] TRACE - Reading unresolved handles for type system org.apache.xmlbeans.metadata.system.sXMLSCHEMA
17:54:18.713 [main] TRACE - Finished loading type system org.apache.xmlbeans.metadata.system.sXMLSCHEMA
17:54:18.716 [main] TRACE - Reading unresolved handles for type system org.apache.xmlbeans.metadata.system.sXMLLANG
17:54:18.719 [main] TRACE - Finished loading type system org.apache.xmlbeans.metadata.system.sXMLLANG
17:54:18.721 [main] TRACE - Reading unresolved handles for type system org.apache.xmlbeans.metadata.system.sXMLCONFIG
17:54:18.722 [main] TRACE - Finished loading type system org.apache.xmlbeans.metadata.system.sXMLCONFIG
17:54:18.724 [main] TRACE - Reading unresolved handles for type system org.apache.poi.schemas.ooxml.system.ooxml
17:54:18.814 [main] TRACE - Finished loading type system org.apache.poi.schemas.ooxml.system.ooxml
17:54:18.817 [main] TRACE - Resolving type for handle ctworkbook83c3type
17:54:18.905 [main] TRACE - Resolving type for handle ctworkbookpr03a5type
17:54:18.924 [main] TRACE - Resolving type for handle ctbookviewsb864type
17:54:18.929 [main] TRACE - Resolving type for handle ctbookviewf677type
17:54:18.950 [main] TRACE - Resolving type for handle ctsheets49fdtype
17:54:18.954 [main] TRACE - Resolving type for handle propertiesee84doctype
17:54:18.957 [main] TRACE - Resolving type for handle ctproperties3f10type
17:54:18.965 [main] TRACE - Resolving type for handle properties288cdoctype
17:54:18.967 [main] TRACE - Resolving type for handle ctproperties2c18type
17:54:18.979 [main] TRACE - Resolving type for handle sstf81fdoctype
17:54:18.982 [main] TRACE - Resolving type for handle ctsst44f3type
17:54:18.990 [main] TRACE - Resolving type for handle stylesheet5d8bdoctype
17:54:18.993 [main] TRACE - Resolving type for handle ctstylesheet4257type
17:54:18.999 [main] TRACE - Resolving type for handle ctfont14d8type
17:54:19.010 [main] TRACE - Resolving type for handle ctfontsizeb3b9type
17:54:19.018 [main] TRACE - Resolving type for handle ctcolord2c2type
17:54:19.022 [main] TRACE - Resolving type for handle ctfontname2dc3type
17:54:19.026 [main] TRACE - Resolving type for handle stxstringf179type
17:54:19.033 [main] TRACE - Resolving type for handle ctfontfamily685ctype
17:54:19.035 [main] TRACE - Resolving type for handle stfontfamily9c6ctype
17:54:19.042 [main] TRACE - Resolving type for handle ctfontschemebf5dtype
17:54:19.048 [main] TRACE - Resolving type for handle stfontschemef36dtype
17:54:19.054 [main] TRACE - Resolving type for handle ctfill550ctype
17:54:19.059 [main] TRACE - Resolving type for handle ctpatternfill7452type
17:54:19.064 [main] TRACE - Resolving type for handle stpatterntype7939type
17:54:19.070 [main] TRACE - Resolving type for handle ctborderf935type
17:54:19.074 [main] TRACE - Resolving type for handle ctborderpre497type
17:54:19.083 [main] TRACE - Resolving type for handle ctxf97f7type
17:54:19.086 [main] TRACE - Resolving type for handle stnumfmtid76fbtype
17:54:19.088 [main] TRACE - Resolving type for handle stfontid9d63type
17:54:19.091 [main] TRACE - Resolving type for handle stfillida097type
17:54:19.093 [main] TRACE - Resolving type for handle stborderid1a80type
17:54:19.096 [main] TRACE - Resolving type for handle stcellstylexfid70c7type
17:54:19.106 [main] TRACE - Resolving type for handle ctsheet4dbetype
17:54:19.112 [main] TRACE - Resolving type for handle ctworksheet530dtype
17:54:19.119 [main] TRACE - Resolving type for handle ctsheetformatprdef7type
17:54:19.127 [main] TRACE - Resolving type for handle ctsheetviewsb918type
17:54:19.137 [main] TRACE - Resolving type for handle ctsheetview0f43type
17:54:19.151 [main] TRACE - Resolving type for handle ctsheetdimensiond310type
17:54:19.157 [main] TRACE - Resolving type for handle stref90a2type
17:54:19.159 [main] TRACE - Resolving type for handle ctsheetdata8408type
17:54:19.161 [main] TRACE - Resolving type for handle ctpagemargins5455type
17:54:19.182 [main] TRACE - Resolving type for handle ctcols627ctype
17:54:19.190 [main] TRACE - Resolving type for handle strelationshipid1e94type
17:54:19.200 [main] TRACE - Resolving type for handle ctrowdd39type
17:54:19.222 [main] TRACE - Resolving type for handle ctcell842btype
17:54:19.250 [main] TRACE - Resolving type for handle stcellrefe4e0type
17:54:19.262 [main] TRACE - Resolving type for handle ctrsta472type
17:54:19.271 [main] TRACE - Resolving type for handle stcelltypebf95type
17:54:19.378 [main] TRACE - Resolving type for handle ctnumfmtsb58btype
17:54:19.383 [main] TRACE - Resolving type for handle ctfonts6623type
17:54:19.400 [main] TRACE - Resolving type for handle ctfills2c6ftype
17:54:19.407 [main] TRACE - Resolving type for handle ctborders0d66type
17:54:19.416 [main] TRACE - Resolving type for handle ctcellxfs1322type
17:54:19.423 [main] TRACE - Resolving type for handle ctcellstylexfsa81ftype
17:54:19.486 [main] DEBUG - Save core properties part
17:54:19.487 [main] DEBUG - Save content types part
17:54:19.716 [main] DEBUG - Save package relationships
17:54:19.737 [main] DEBUG - Save part 'docProps/app.xml'
17:54:19.747 [main] DEBUG - Save part 'docProps/core.xml'
17:54:19.773 [main] DEBUG - Save part 'xl/sharedStrings.xml'
17:54:19.775 [main] DEBUG - Save part 'xl/styles.xml'
17:54:19.777 [main] DEBUG - Save part 'xl/workbook.xml'
17:54:19.783 [main] DEBUG - Save part 'xl/worksheets/sheet1.xml'
17:54:19.839 [main] DEBUG - Save content types part
17:54:19.844 [main] DEBUG - Save package relationships
17:54:19.849 [main] DEBUG - Save part 'docProps/app.xml'
17:54:19.851 [main] DEBUG - Save part 'docProps/core.xml'
17:54:19.855 [main] DEBUG - Save part 'xl/sharedStrings.xml'
17:54:19.856 [main] DEBUG - Save part 'xl/styles.xml'
17:54:19.857 [main] DEBUG - Save part 'xl/workbook.xml'
17:54:19.860 [main] DEBUG - Save part 'xl/worksheets/sheet1.xml'
17:56:21.677 [main] TRACE - Loading type system org.apache.poi.schemas.ooxml.system.ooxml
17:56:21.685 [main] TRACE - Loading type system org.apache.xmlbeans.metadata.system.sXMLCONFIG
17:56:21.685 [main] TRACE - Loading type system org.apache.xmlbeans.metadata.system.sXMLLANG
17:56:21.686 [main] TRACE - Loading type system org.apache.xmlbeans.metadata.system.sXMLSCHEMA
17:56:21.686 [main] TRACE - Loading type system org.apache.xmlbeans.metadata.system.sXMLTOOLS
17:56:21.688 [main] TRACE - Reading unresolved handles for type system org.apache.xmlbeans.metadata.system.sXMLTOOLS
17:56:21.704 [main] TRACE - Finished loading type system org.apache.xmlbeans.metadata.system.sXMLTOOLS
17:56:21.705 [main] TRACE - Reading unresolved handles for type system org.apache.xmlbeans.metadata.system.sXMLSCHEMA
17:56:21.713 [main] TRACE - Finished loading type system org.apache.xmlbeans.metadata.system.sXMLSCHEMA
17:56:21.716 [main] TRACE - Reading unresolved handles for type system org.apache.xmlbeans.metadata.system.sXMLLANG
17:56:21.717 [main] TRACE - Finished loading type system org.apache.xmlbeans.metadata.system.sXMLLANG
17:56:21.719 [main] TRACE - Reading unresolved handles for type system org.apache.xmlbeans.metadata.system.sXMLCONFIG
17:56:21.720 [main] TRACE - Finished loading type system org.apache.xmlbeans.metadata.system.sXMLCONFIG
17:56:21.724 [main] TRACE - Reading unresolved handles for type system org.apache.poi.schemas.ooxml.system.ooxml
17:56:21.782 [main] TRACE - Finished loading type system org.apache.poi.schemas.ooxml.system.ooxml
17:56:21.783 [main] TRACE - Resolving type for handle ctworkbook83c3type
17:56:21.850 [main] TRACE - Resolving type for handle ctworkbookpr03a5type
17:56:21.867 [main] TRACE - Resolving type for handle ctbookviewsb864type
17:56:21.886 [main] TRACE - Resolving type for handle ctbookviewf677type
17:56:21.897 [main] TRACE - Resolving type for handle ctsheets49fdtype
17:56:21.901 [main] TRACE - Resolving type for handle propertiesee84doctype
17:56:21.902 [main] TRACE - Resolving type for handle ctproperties3f10type
17:56:21.909 [main] TRACE - Resolving type for handle properties288cdoctype
17:56:21.911 [main] TRACE - Resolving type for handle ctproperties2c18type
17:56:21.920 [main] TRACE - Resolving type for handle sstf81fdoctype
17:56:21.922 [main] TRACE - Resolving type for handle ctsst44f3type
17:56:21.934 [main] TRACE - Resolving type for handle stylesheet5d8bdoctype
17:56:21.935 [main] TRACE - Resolving type for handle ctstylesheet4257type
17:56:21.940 [main] TRACE - Resolving type for handle ctfont14d8type
17:56:21.955 [main] TRACE - Resolving type for handle ctfontsizeb3b9type
17:56:21.962 [main] TRACE - Resolving type for handle ctcolord2c2type
17:56:21.966 [main] TRACE - Resolving type for handle ctfontname2dc3type
17:56:21.969 [main] TRACE - Resolving type for handle stxstringf179type
17:56:21.973 [main] TRACE - Resolving type for handle ctfontfamily685ctype
17:56:21.975 [main] TRACE - Resolving type for handle stfontfamily9c6ctype
17:56:21.979 [main] TRACE - Resolving type for handle ctfontschemebf5dtype
17:56:21.983 [main] TRACE - Resolving type for handle stfontschemef36dtype
17:56:21.989 [main] TRACE - Resolving type for handle ctfill550ctype
17:56:21.991 [main] TRACE - Resolving type for handle ctpatternfill7452type
17:56:21.998 [main] TRACE - Resolving type for handle stpatterntype7939type
17:56:22.003 [main] TRACE - Resolving type for handle ctborderf935type
17:56:22.016 [main] TRACE - Resolving type for handle ctborderpre497type
17:56:22.032 [main] TRACE - Resolving type for handle ctxf97f7type
17:56:22.040 [main] TRACE - Resolving type for handle stnumfmtid76fbtype
17:56:22.043 [main] TRACE - Resolving type for handle stfontid9d63type
17:56:22.047 [main] TRACE - Resolving type for handle stfillida097type
17:56:22.049 [main] TRACE - Resolving type for handle stborderid1a80type
17:56:22.052 [main] TRACE - Resolving type for handle stcellstylexfid70c7type
17:56:22.060 [main] TRACE - Resolving type for handle ctsheet4dbetype
17:56:22.069 [main] TRACE - Resolving type for handle ctworksheet530dtype
17:56:22.087 [main] TRACE - Resolving type for handle ctsheetformatprdef7type
17:56:22.092 [main] TRACE - Resolving type for handle ctsheetviewsb918type
17:56:22.095 [main] TRACE - Resolving type for handle ctsheetview0f43type
17:56:22.105 [main] TRACE - Resolving type for handle ctsheetdimensiond310type
17:56:22.106 [main] TRACE - Resolving type for handle stref90a2type
17:56:22.111 [main] TRACE - Resolving type for handle ctsheetdata8408type
17:56:22.116 [main] TRACE - Resolving type for handle ctpagemargins5455type
17:56:22.134 [main] TRACE - Resolving type for handle ctcols627ctype
17:56:22.140 [main] TRACE - Resolving type for handle strelationshipid1e94type
17:56:22.148 [main] TRACE - Resolving type for handle ctrowdd39type
17:56:22.183 [main] TRACE - Resolving type for handle ctcell842btype
17:56:22.208 [main] TRACE - Resolving type for handle stcellrefe4e0type
17:56:22.215 [main] TRACE - Resolving type for handle ctrsta472type
17:56:22.224 [main] TRACE - Resolving type for handle stcelltypebf95type
17:56:22.327 [main] TRACE - Resolving type for handle ctnumfmtsb58btype
17:56:22.338 [main] TRACE - Resolving type for handle ctfonts6623type
17:56:22.352 [main] TRACE - Resolving type for handle ctfills2c6ftype
17:56:22.362 [main] TRACE - Resolving type for handle ctborders0d66type
17:56:22.371 [main] TRACE - Resolving type for handle ctcellxfs1322type
17:56:22.379 [main] TRACE - Resolving type for handle ctcellstylexfsa81ftype
17:56:22.476 [main] DEBUG - Save core properties part
17:56:22.477 [main] DEBUG - Save content types part
17:56:22.726 [main] DEBUG - Save package relationships
17:56:22.746 [main] DEBUG - Save part 'docProps/app.xml'
17:56:22.753 [main] DEBUG - Save part 'docProps/core.xml'
17:56:22.782 [main] DEBUG - Save part 'xl/sharedStrings.xml'
17:56:22.783 [main] DEBUG - Save part 'xl/styles.xml'
17:56:22.784 [main] DEBUG - Save part 'xl/workbook.xml'
17:56:22.788 [main] DEBUG - Save part 'xl/worksheets/sheet1.xml'
17:56:22.843 [main] DEBUG - Save content types part
17:56:22.846 [main] DEBUG - Save package relationships
17:56:22.848 [main] DEBUG - Save part 'docProps/app.xml'
17:56:22.849 [main] DEBUG - Save part 'docProps/core.xml'
17:56:22.854 [main] DEBUG - Save part 'xl/sharedStrings.xml'
17:56:22.855 [main] DEBUG - Save part 'xl/styles.xml'
17:56:22.856 [main] DEBUG - Save part 'xl/workbook.xml'
17:56:22.861 [main] DEBUG - Save part 'xl/worksheets/sheet1.xml'
17:57:32.131 [main] TRACE - Loading type system org.apache.poi.schemas.ooxml.system.ooxml
17:57:32.137 [main] TRACE - Loading type system org.apache.xmlbeans.metadata.system.sXMLCONFIG
17:57:32.138 [main] TRACE - Loading type system org.apache.xmlbeans.metadata.system.sXMLLANG
17:57:32.139 [main] TRACE - Loading type system org.apache.xmlbeans.metadata.system.sXMLSCHEMA
17:57:32.140 [main] TRACE - Loading type system org.apache.xmlbeans.metadata.system.sXMLTOOLS
17:57:32.141 [main] TRACE - Reading unresolved handles for type system org.apache.xmlbeans.metadata.system.sXMLTOOLS
17:57:32.174 [main] TRACE - Finished loading type system org.apache.xmlbeans.metadata.system.sXMLTOOLS
17:57:32.176 [main] TRACE - Reading unresolved handles for type system org.apache.xmlbeans.metadata.system.sXMLSCHEMA
17:57:32.184 [main] TRACE - Finished loading type system org.apache.xmlbeans.metadata.system.sXMLSCHEMA
17:57:32.188 [main] TRACE - Reading unresolved handles for type system org.apache.xmlbeans.metadata.system.sXMLLANG
17:57:32.191 [main] TRACE - Finished loading type system org.apache.xmlbeans.metadata.system.sXMLLANG
17:57:32.197 [main] TRACE - Reading unresolved handles for type system org.apache.xmlbeans.metadata.system.sXMLCONFIG
17:57:32.198 [main] TRACE - Finished loading type system org.apache.xmlbeans.metadata.system.sXMLCONFIG
17:57:32.201 [main] TRACE - Reading unresolved handles for type system org.apache.poi.schemas.ooxml.system.ooxml
17:57:32.271 [main] TRACE - Finished loading type system org.apache.poi.schemas.ooxml.system.ooxml
17:57:32.273 [main] TRACE - Resolving type for handle ctworkbook83c3type
17:57:32.348 [main] TRACE - Resolving type for handle ctworkbookpr03a5type
17:57:32.359 [main] TRACE - Resolving type for handle ctbookviewsb864type
17:57:32.379 [main] TRACE - Resolving type for handle ctbookviewf677type
17:57:32.387 [main] TRACE - Resolving type for handle ctsheets49fdtype
17:57:32.393 [main] TRACE - Resolving type for handle propertiesee84doctype
17:57:32.396 [main] TRACE - Resolving type for handle ctproperties3f10type
17:57:32.402 [main] TRACE - Resolving type for handle properties288cdoctype
17:57:32.403 [main] TRACE - Resolving type for handle ctproperties2c18type
17:57:32.411 [main] TRACE - Resolving type for handle sstf81fdoctype
17:57:32.416 [main] TRACE - Resolving type for handle ctsst44f3type
17:57:32.426 [main] TRACE - Resolving type for handle stylesheet5d8bdoctype
17:57:32.428 [main] TRACE - Resolving type for handle ctstylesheet4257type
17:57:32.447 [main] TRACE - Resolving type for handle ctfont14d8type
17:57:32.468 [main] TRACE - Resolving type for handle ctfontsizeb3b9type
17:57:32.478 [main] TRACE - Resolving type for handle ctcolord2c2type
17:57:32.481 [main] TRACE - Resolving type for handle ctfontname2dc3type
17:57:32.491 [main] TRACE - Resolving type for handle stxstringf179type
17:57:32.501 [main] TRACE - Resolving type for handle ctfontfamily685ctype
17:57:32.503 [main] TRACE - Resolving type for handle stfontfamily9c6ctype
17:57:32.515 [main] TRACE - Resolving type for handle ctfontschemebf5dtype
17:57:32.526 [main] TRACE - Resolving type for handle stfontschemef36dtype
17:57:32.535 [main] TRACE - Resolving type for handle ctfill550ctype
17:57:32.539 [main] TRACE - Resolving type for handle ctpatternfill7452type
17:57:32.547 [main] TRACE - Resolving type for handle stpatterntype7939type
17:57:32.558 [main] TRACE - Resolving type for handle ctborderf935type
17:57:32.568 [main] TRACE - Resolving type for handle ctborderpre497type
17:57:32.584 [main] TRACE - Resolving type for handle ctxf97f7type
17:57:32.590 [main] TRACE - Resolving type for handle stnumfmtid76fbtype
17:57:32.593 [main] TRACE - Resolving type for handle stfontid9d63type
17:57:32.598 [main] TRACE - Resolving type for handle stfillida097type
17:57:32.601 [main] TRACE - Resolving type for handle stborderid1a80type
17:57:32.605 [main] TRACE - Resolving type for handle stcellstylexfid70c7type
17:57:32.618 [main] TRACE - Resolving type for handle ctsheet4dbetype
17:57:32.631 [main] TRACE - Resolving type for handle ctworksheet530dtype
17:57:32.645 [main] TRACE - Resolving type for handle ctsheetformatprdef7type
17:57:32.658 [main] TRACE - Resolving type for handle ctsheetviewsb918type
17:57:32.663 [main] TRACE - Resolving type for handle ctsheetview0f43type
17:57:32.674 [main] TRACE - Resolving type for handle ctsheetdimensiond310type
